2019-06-24 11:27:01.6245 | ERROR | HTTP method "POST" & path "api/v{version}/Branch" overloaded by actions - Alsahab.Setting.WebFramework.Api.BranchController.Create (Alsahab.Setting.MyAPI),Alsahab.Setting.WebFramework.Api.BranchController.Update (Alsahab.Setting.MyAPI),Alsahab.Setting.WebFramework.Api.BranchController.Delete (Alsahab.Setting.MyAPI). Actions require unique method/path combination for Swagger 2.0. Use ConflictingActionsResolver as a workaround | System.NotSupportedException: HTTP method "POST" & path "api/v{version}/Branch" overloaded by actions - Alsahab.Setting.WebFramework.Api.BranchController.Create (Alsahab.Setting.MyAPI),Alsahab.Setting.WebFramework.Api.BranchController.Update (Alsahab.Setting.MyAPI),Alsahab.Setting.WebFramework.Api.BranchController.Delete (Alsahab.Setting.MyAPI). Actions require unique method/path combination for Swagger 2.0. Use ConflictingActionsResolver as a workaround
   at Swashbuckle.AspNetCore.SwaggerGen.SwaggerGenerator.CreatePathItem(IEnumerable`1 apiDescriptions, ISchemaRegistry schemaRegistry)
   at System.Linq.Enumerable.ToDictionary[TSource,TKey,TElement](IEnumerable`1 source, Func`2 keySelector, Func`2 elementSelector, IEqualityComparer`1 comparer)
   at Swashbuckle.AspNetCore.SwaggerGen.SwaggerGenerator.GetSwagger(String documentName, String host, String basePath, String[] schemes)
   at Swashbuckle.AspNetCore.Swagger.SwaggerMiddleware.Invoke(HttpContext httpContext, ISwaggerProvider swaggerProvider)
   at Alsahab.Setting.WebFramework.Middlewares.CustomExceptionHandlerMiddleware.Invoke(HttpContext context) in /home/mohammad/Documents/company/Alsahab.Setting/Alsahab.Setting.WebFramework/Middlewares/CustomExceptionHandlerMiddleware.cs:line 46 | Alsahab.Setting.WebFramework.Middlewares.CustomExceptionHandlerMiddleware | url: https://localhost/swagger/v1/swagger.json | action: 
2019-06-24 11:27:53.8548 | ERROR | HTTP method "POST" & path "api/v{version}/Branch" overloaded by actions - Alsahab.Setting.WebFramework.Api.BranchController.Create (Alsahab.Setting.MyAPI),Alsahab.Setting.WebFramework.Api.BranchController.Update (Alsahab.Setting.MyAPI),Alsahab.Setting.WebFramework.Api.BranchController.Delete (Alsahab.Setting.MyAPI). Actions require unique method/path combination for Swagger 2.0. Use ConflictingActionsResolver as a workaround | System.NotSupportedException: HTTP method "POST" & path "api/v{version}/Branch" overloaded by actions - Alsahab.Setting.WebFramework.Api.BranchController.Create (Alsahab.Setting.MyAPI),Alsahab.Setting.WebFramework.Api.BranchController.Update (Alsahab.Setting.MyAPI),Alsahab.Setting.WebFramework.Api.BranchController.Delete (Alsahab.Setting.MyAPI). Actions require unique method/path combination for Swagger 2.0. Use ConflictingActionsResolver as a workaround
   at Swashbuckle.AspNetCore.SwaggerGen.SwaggerGenerator.CreatePathItem(IEnumerable`1 apiDescriptions, ISchemaRegistry schemaRegistry)
   at System.Linq.Enumerable.ToDictionary[TSource,TKey,TElement](IEnumerable`1 source, Func`2 keySelector, Func`2 elementSelector, IEqualityComparer`1 comparer)
   at Swashbuckle.AspNetCore.SwaggerGen.SwaggerGenerator.GetSwagger(String documentName, String host, String basePath, String[] schemes)
   at Swashbuckle.AspNetCore.Swagger.SwaggerMiddleware.Invoke(HttpContext httpContext, ISwaggerProvider swaggerProvider)
   at Alsahab.Setting.WebFramework.Middlewares.CustomExceptionHandlerMiddleware.Invoke(HttpContext context) in /home/mohammad/Documents/company/Alsahab.Setting/Alsahab.Setting.WebFramework/Middlewares/CustomExceptionHandlerMiddleware.cs:line 46 | Alsahab.Setting.WebFramework.Middlewares.CustomExceptionHandlerMiddleware | url: https://localhost/swagger/v1/swagger.json | action: 
2019-06-24 11:28:10.5264 | ERROR | HTTP method "POST" & path "api/v{version}/Branch" overloaded by actions - Alsahab.Setting.WebFramework.Api.BranchController.Create (Alsahab.Setting.MyAPI),Alsahab.Setting.WebFramework.Api.BranchController.Update (Alsahab.Setting.MyAPI),Alsahab.Setting.WebFramework.Api.BranchController.Delete (Alsahab.Setting.MyAPI). Actions require unique method/path combination for Swagger 2.0. Use ConflictingActionsResolver as a workaround | System.NotSupportedException: HTTP method "POST" & path "api/v{version}/Branch" overloaded by actions - Alsahab.Setting.WebFramework.Api.BranchController.Create (Alsahab.Setting.MyAPI),Alsahab.Setting.WebFramework.Api.BranchController.Update (Alsahab.Setting.MyAPI),Alsahab.Setting.WebFramework.Api.BranchController.Delete (Alsahab.Setting.MyAPI). Actions require unique method/path combination for Swagger 2.0. Use ConflictingActionsResolver as a workaround
   at Swashbuckle.AspNetCore.SwaggerGen.SwaggerGenerator.CreatePathItem(IEnumerable`1 apiDescriptions, ISchemaRegistry schemaRegistry)
   at System.Linq.Enumerable.ToDictionary[TSource,TKey,TElement](IEnumerable`1 source, Func`2 keySelector, Func`2 elementSelector, IEqualityComparer`1 comparer)
   at Swashbuckle.AspNetCore.SwaggerGen.SwaggerGenerator.GetSwagger(String documentName, String host, String basePath, String[] schemes)
   at Swashbuckle.AspNetCore.Swagger.SwaggerMiddleware.Invoke(HttpContext httpContext, ISwaggerProvider swaggerProvider)
   at Alsahab.Setting.WebFramework.Middlewares.CustomExceptionHandlerMiddleware.Invoke(HttpContext context) in /home/mohammad/Documents/company/Alsahab.Setting/Alsahab.Setting.WebFramework/Middlewares/CustomExceptionHandlerMiddleware.cs:line 46 | Alsahab.Setting.WebFramework.Middlewares.CustomExceptionHandlerMiddleware | url: https://localhost/swagger/v1/swagger.json | action: 
2019-06-24 11:33:00.1036 | ERROR | HTTP method "POST" & path "api/v{version}/Branch/Get" overloaded by actions - Alsahab.Setting.WebFramework.Api.BranchController.Get (Alsahab.Setting.MyAPI),Alsahab.Setting.WebFramework.Api.BranchController.Get (Alsahab.Setting.MyAPI). Actions require unique method/path combination for Swagger 2.0. Use ConflictingActionsResolver as a workaround | System.NotSupportedException: HTTP method "POST" & path "api/v{version}/Branch/Get" overloaded by actions - Alsahab.Setting.WebFramework.Api.BranchController.Get (Alsahab.Setting.MyAPI),Alsahab.Setting.WebFramework.Api.BranchController.Get (Alsahab.Setting.MyAPI). Actions require unique method/path combination for Swagger 2.0. Use ConflictingActionsResolver as a workaround
   at Swashbuckle.AspNetCore.SwaggerGen.SwaggerGenerator.CreatePathItem(IEnumerable`1 apiDescriptions, ISchemaRegistry schemaRegistry)
   at System.Linq.Enumerable.ToDictionary[TSource,TKey,TElement](IEnumerable`1 source, Func`2 keySelector, Func`2 elementSelector, IEqualityComparer`1 comparer)
   at Swashbuckle.AspNetCore.SwaggerGen.SwaggerGenerator.GetSwagger(String documentName, String host, String basePath, String[] schemes)
   at Swashbuckle.AspNetCore.Swagger.SwaggerMiddleware.Invoke(HttpContext httpContext, ISwaggerProvider swaggerProvider)
   at Alsahab.Setting.WebFramework.Middlewares.CustomExceptionHandlerMiddleware.Invoke(HttpContext context) in /home/mohammad/Documents/company/Alsahab.Setting/Alsahab.Setting.WebFramework/Middlewares/CustomExceptionHandlerMiddleware.cs:line 46 | Alsahab.Setting.WebFramework.Middlewares.CustomExceptionHandlerMiddleware | url: https://localhost/swagger/v1/swagger.json | action: 
2019-06-24 11:51:54.8178 | ERROR | Unable to resolve service for type 'Alsahab.Setting.BL.IBaseBL`3[Alsahab.Setting.Entities.Models.Branch,Alsahab.Setting.DTO.BranchDTO,Alsahab.Setting.DTO.BranchFilterDTO]' while attempting to activate 'Alsahab.Setting.WebFramework.Api.BranchController'. | System.InvalidOperationException: Unable to resolve service for type 'Alsahab.Setting.BL.IBaseBL`3[Alsahab.Setting.Entities.Models.Branch,Alsahab.Setting.DTO.BranchDTO,Alsahab.Setting.DTO.BranchFilterDTO]' while attempting to activate 'Alsahab.Setting.WebFramework.Api.BranchController'.
   at Microsoft.Extensions.DependencyInjection.ActivatorUtilities.GetService(IServiceProvider sp, Type type, Type requiredBy, Boolean isDefaultParameterRequired)
   at lambda_method(Closure , IServiceProvider , Object[] )
   at Microsoft.AspNetCore.Mvc.Controllers.ControllerActivatorProvider.<>c__DisplayClass4_0.<CreateActivator>b__0(ControllerContext controllerContext)
   at Microsoft.AspNetCore.Mvc.Controllers.ControllerFactoryProvider.<>c__DisplayClass5_0.<CreateControllerFactory>g__CreateController|0(ControllerContext controllerContext)
   at Microsoft.AspNetCore.Mvc.Internal.ControllerActionInvoker.Next(State& next, Scope& scope, Object& state, Boolean& isCompleted)
   at Microsoft.AspNetCore.Mvc.Internal.ControllerActionInvoker.InvokeInnerFilterAsync()
   at Microsoft.AspNetCore.Mvc.Internal.ResourceInvoker.InvokeFilterPipelineAsync()
   at Microsoft.AspNetCore.Mvc.Internal.ResourceInvoker.InvokeAsync()
   at Microsoft.AspNetCore.Builder.RouterMiddleware.Invoke(HttpContext httpContext)
   at Microsoft.AspNetCore.Builder.RouterMiddleware.Invoke(HttpContext httpContext)
   at Microsoft.AspNetCore.Authentication.AuthenticationMiddleware.Invoke(HttpContext context)
   at Microsoft.AspNetCore.StaticFiles.StaticFileMiddleware.Invoke(HttpContext context)
   at Swashbuckle.AspNetCore.SwaggerUI.SwaggerUIMiddleware.Invoke(HttpContext httpContext)
   at Swashbuckle.AspNetCore.Swagger.SwaggerMiddleware.Invoke(HttpContext httpContext, ISwaggerProvider swaggerProvider)
   at Alsahab.Setting.WebFramework.Middlewares.CustomExceptionHandlerMiddleware.Invoke(HttpContext context) in /home/mohammad/Documents/company/Alsahab.Setting/Alsahab.Setting.WebFramework/Middlewares/CustomExceptionHandlerMiddleware.cs:line 46 | Alsahab.Setting.WebFramework.Middlewares.CustomExceptionHandlerMiddleware | url: https://localhost/api/v1/Branch/Create | action: Create
2019-06-24 11:52:52.6390 | ERROR | Unable to resolve service for type 'Alsahab.Setting.BL.IBaseBL`3[Alsahab.Setting.Entities.Models.Branch,Alsahab.Setting.DTO.BranchDTO,Alsahab.Setting.DTO.BranchFilterDTO]' while attempting to activate 'Alsahab.Setting.WebFramework.Api.BranchController'. | System.InvalidOperationException: Unable to resolve service for type 'Alsahab.Setting.BL.IBaseBL`3[Alsahab.Setting.Entities.Models.Branch,Alsahab.Setting.DTO.BranchDTO,Alsahab.Setting.DTO.BranchFilterDTO]' while attempting to activate 'Alsahab.Setting.WebFramework.Api.BranchController'.
   at Microsoft.Extensions.DependencyInjection.ActivatorUtilities.GetService(IServiceProvider sp, Type type, Type requiredBy, Boolean isDefaultParameterRequired)
   at lambda_method(Closure , IServiceProvider , Object[] )
   at Microsoft.AspNetCore.Mvc.Controllers.ControllerActivatorProvider.<>c__DisplayClass4_0.<CreateActivator>b__0(ControllerContext controllerContext)
   at Microsoft.AspNetCore.Mvc.Controllers.ControllerFactoryProvider.<>c__DisplayClass5_0.<CreateControllerFactory>g__CreateController|0(ControllerContext controllerContext)
   at Microsoft.AspNetCore.Mvc.Internal.ControllerActionInvoker.Next(State& next, Scope& scope, Object& state, Boolean& isCompleted)
   at Microsoft.AspNetCore.Mvc.Internal.ControllerActionInvoker.InvokeInnerFilterAsync()
   at Microsoft.AspNetCore.Mvc.Internal.ResourceInvoker.InvokeFilterPipelineAsync()
   at Microsoft.AspNetCore.Mvc.Internal.ResourceInvoker.InvokeAsync()
   at Microsoft.AspNetCore.Builder.RouterMiddleware.Invoke(HttpContext httpContext)
   at Microsoft.AspNetCore.Builder.RouterMiddleware.Invoke(HttpContext httpContext)
   at Microsoft.AspNetCore.Authentication.AuthenticationMiddleware.Invoke(HttpContext context)
   at Microsoft.AspNetCore.StaticFiles.StaticFileMiddleware.Invoke(HttpContext context)
   at Swashbuckle.AspNetCore.SwaggerUI.SwaggerUIMiddleware.Invoke(HttpContext httpContext)
   at Swashbuckle.AspNetCore.Swagger.SwaggerMiddleware.Invoke(HttpContext httpContext, ISwaggerProvider swaggerProvider)
   at Alsahab.Setting.WebFramework.Middlewares.CustomExceptionHandlerMiddleware.Invoke(HttpContext context) in /home/mohammad/Documents/company/Alsahab.Setting/Alsahab.Setting.WebFramework/Middlewares/CustomExceptionHandlerMiddleware.cs:line 46 | Alsahab.Setting.WebFramework.Middlewares.CustomExceptionHandlerMiddleware | url: https://localhost/api/v1/Branch/Create | action: Create
2019-06-24 11:54:16.7714 | ERROR | Unable to resolve service for type 'Alsahab.Setting.BL.IBaseBL`3[Alsahab.Setting.Entities.Models.Branch,Alsahab.Setting.DTO.BranchDTO,Alsahab.Setting.DTO.BranchFilterDTO]' while attempting to activate 'Alsahab.Setting.WebFramework.Api.BranchController'. | System.InvalidOperationException: Unable to resolve service for type 'Alsahab.Setting.BL.IBaseBL`3[Alsahab.Setting.Entities.Models.Branch,Alsahab.Setting.DTO.BranchDTO,Alsahab.Setting.DTO.BranchFilterDTO]' while attempting to activate 'Alsahab.Setting.WebFramework.Api.BranchController'.
   at Microsoft.Extensions.DependencyInjection.ActivatorUtilities.GetService(IServiceProvider sp, Type type, Type requiredBy, Boolean isDefaultParameterRequired)
   at lambda_method(Closure , IServiceProvider , Object[] )
   at Microsoft.AspNetCore.Mvc.Controllers.ControllerActivatorProvider.<>c__DisplayClass4_0.<CreateActivator>b__0(ControllerContext controllerContext)
   at Microsoft.AspNetCore.Mvc.Controllers.ControllerFactoryProvider.<>c__DisplayClass5_0.<CreateControllerFactory>g__CreateController|0(ControllerContext controllerContext)
   at Microsoft.AspNetCore.Mvc.Internal.ControllerActionInvoker.Next(State& next, Scope& scope, Object& state, Boolean& isCompleted)
   at Microsoft.AspNetCore.Mvc.Internal.ControllerActionInvoker.InvokeInnerFilterAsync()
   at Microsoft.AspNetCore.Mvc.Internal.ResourceInvoker.InvokeFilterPipelineAsync()
   at Microsoft.AspNetCore.Mvc.Internal.ResourceInvoker.InvokeAsync()
   at Microsoft.AspNetCore.Builder.RouterMiddleware.Invoke(HttpContext httpContext)
   at Microsoft.AspNetCore.Authentication.AuthenticationMiddleware.Invoke(HttpContext context)
   at Microsoft.AspNetCore.StaticFiles.StaticFileMiddleware.Invoke(HttpContext context)
   at Swashbuckle.AspNetCore.SwaggerUI.SwaggerUIMiddleware.Invoke(HttpContext httpContext)
   at Swashbuckle.AspNetCore.Swagger.SwaggerMiddleware.Invoke(HttpContext httpContext, ISwaggerProvider swaggerProvider)
   at Alsahab.Setting.WebFramework.Middlewares.CustomExceptionHandlerMiddleware.Invoke(HttpContext context) in /home/mohammad/Documents/company/Alsahab.Setting/Alsahab.Setting.WebFramework/Middlewares/CustomExceptionHandlerMiddleware.cs:line 46 | Alsahab.Setting.WebFramework.Middlewares.CustomExceptionHandlerMiddleware | url: https://localhost/api/v1/Branch/Create | action: Create
2019-06-24 11:58:06.6196 | ERROR | Unable to resolve service for type 'Alsahab.Setting.BL.IBaseBL`3[Alsahab.Setting.Entities.Models.Branch,Alsahab.Setting.DTO.BranchDTO,Alsahab.Setting.DTO.BranchFilterDTO]' while attempting to activate 'Alsahab.Setting.WebFramework.Api.BranchController'. | System.InvalidOperationException: Unable to resolve service for type 'Alsahab.Setting.BL.IBaseBL`3[Alsahab.Setting.Entities.Models.Branch,Alsahab.Setting.DTO.BranchDTO,Alsahab.Setting.DTO.BranchFilterDTO]' while attempting to activate 'Alsahab.Setting.WebFramework.Api.BranchController'.
   at Microsoft.Extensions.DependencyInjection.ActivatorUtilities.GetService(IServiceProvider sp, Type type, Type requiredBy, Boolean isDefaultParameterRequired)
   at lambda_method(Closure , IServiceProvider , Object[] )
   at Microsoft.AspNetCore.Mvc.Controllers.ControllerActivatorProvider.<>c__DisplayClass4_0.<CreateActivator>b__0(ControllerContext controllerContext)
   at Microsoft.AspNetCore.Mvc.Controllers.ControllerFactoryProvider.<>c__DisplayClass5_0.<CreateControllerFactory>g__CreateController|0(ControllerContext controllerContext)
   at Microsoft.AspNetCore.Mvc.Internal.ControllerActionInvoker.Next(State& next, Scope& scope, Object& state, Boolean& isCompleted)
   at Microsoft.AspNetCore.Mvc.Internal.ControllerActionInvoker.InvokeInnerFilterAsync()
   at Microsoft.AspNetCore.Mvc.Internal.ResourceInvoker.InvokeFilterPipelineAsync()
   at Microsoft.AspNetCore.Mvc.Internal.ResourceInvoker.InvokeAsync()
   at Microsoft.AspNetCore.Builder.RouterMiddleware.Invoke(HttpContext httpContext)
   at Microsoft.AspNetCore.Builder.RouterMiddleware.Invoke(HttpContext httpContext)
   at Microsoft.AspNetCore.Authentication.AuthenticationMiddleware.Invoke(HttpContext context)
   at Microsoft.AspNetCore.StaticFiles.StaticFileMiddleware.Invoke(HttpContext context)
   at Swashbuckle.AspNetCore.SwaggerUI.SwaggerUIMiddleware.Invoke(HttpContext httpContext)
   at Swashbuckle.AspNetCore.Swagger.SwaggerMiddleware.Invoke(HttpContext httpContext, ISwaggerProvider swaggerProvider)
   at Alsahab.Setting.WebFramework.Middlewares.CustomExceptionHandlerMiddleware.Invoke(HttpContext context) in /home/mohammad/Documents/company/Alsahab.Setting/Alsahab.Setting.WebFramework/Middlewares/CustomExceptionHandlerMiddleware.cs:line 46 | Alsahab.Setting.WebFramework.Middlewares.CustomExceptionHandlerMiddleware | url: https://localhost/api/v1/Branch/Create | action: Create
2019-06-24 11:59:17.2270 | ERROR | Unable to resolve service for type 'Alsahab.Setting.BL.IBaseBL`3[Alsahab.Setting.Entities.Models.Branch,Alsahab.Setting.DTO.BranchDTO,Alsahab.Setting.DTO.BranchFilterDTO]' while attempting to activate 'Alsahab.Setting.WebFramework.Api.BranchController'. | System.InvalidOperationException: Unable to resolve service for type 'Alsahab.Setting.BL.IBaseBL`3[Alsahab.Setting.Entities.Models.Branch,Alsahab.Setting.DTO.BranchDTO,Alsahab.Setting.DTO.BranchFilterDTO]' while attempting to activate 'Alsahab.Setting.WebFramework.Api.BranchController'.
   at Microsoft.Extensions.DependencyInjection.ActivatorUtilities.GetService(IServiceProvider sp, Type type, Type requiredBy, Boolean isDefaultParameterRequired)
   at lambda_method(Closure , IServiceProvider , Object[] )
   at Microsoft.AspNetCore.Mvc.Controllers.ControllerActivatorProvider.<>c__DisplayClass4_0.<CreateActivator>b__0(ControllerContext controllerContext)
   at Microsoft.AspNetCore.Mvc.Controllers.ControllerFactoryProvider.<>c__DisplayClass5_0.<CreateControllerFactory>g__CreateController|0(ControllerContext controllerContext)
   at Microsoft.AspNetCore.Mvc.Internal.ControllerActionInvoker.Next(State& next, Scope& scope, Object& state, Boolean& isCompleted)
   at Microsoft.AspNetCore.Mvc.Internal.ControllerActionInvoker.InvokeInnerFilterAsync()
   at Microsoft.AspNetCore.Mvc.Internal.ResourceInvoker.InvokeFilterPipelineAsync()
   at Microsoft.AspNetCore.Mvc.Internal.ResourceInvoker.InvokeAsync()
   at Microsoft.AspNetCore.Builder.RouterMiddleware.Invoke(HttpContext httpContext)
   at Microsoft.AspNetCore.Authentication.AuthenticationMiddleware.Invoke(HttpContext context)
   at Microsoft.AspNetCore.StaticFiles.StaticFileMiddleware.Invoke(HttpContext context)
   at Swashbuckle.AspNetCore.SwaggerUI.SwaggerUIMiddleware.Invoke(HttpContext httpContext)
   at Swashbuckle.AspNetCore.Swagger.SwaggerMiddleware.Invoke(HttpContext httpContext, ISwaggerProvider swaggerProvider)
   at Alsahab.Setting.WebFramework.Middlewares.CustomExceptionHandlerMiddleware.Invoke(HttpContext context) in /home/mohammad/Documents/company/Alsahab.Setting/Alsahab.Setting.WebFramework/Middlewares/CustomExceptionHandlerMiddleware.cs:line 46 | Alsahab.Setting.WebFramework.Middlewares.CustomExceptionHandlerMiddleware | url: https://localhost/api/v1/Branch/Create | action: Create
2019-06-24 12:02:46.9382 | ERROR | Unable to resolve service for type 'Alsahab.Setting.BL.IBaseBL`3[Alsahab.Setting.Entities.Models.Branch,Alsahab.Setting.DTO.BranchDTO,Alsahab.Setting.DTO.BranchFilterDTO]' while attempting to activate 'Alsahab.Setting.WebFramework.Api.BranchController'. | System.InvalidOperationException: Unable to resolve service for type 'Alsahab.Setting.BL.IBaseBL`3[Alsahab.Setting.Entities.Models.Branch,Alsahab.Setting.DTO.BranchDTO,Alsahab.Setting.DTO.BranchFilterDTO]' while attempting to activate 'Alsahab.Setting.WebFramework.Api.BranchController'.
   at Microsoft.Extensions.DependencyInjection.ActivatorUtilities.GetService(IServiceProvider sp, Type type, Type requiredBy, Boolean isDefaultParameterRequired)
   at lambda_method(Closure , IServiceProvider , Object[] )
   at Microsoft.AspNetCore.Mvc.Controllers.ControllerActivatorProvider.<>c__DisplayClass4_0.<CreateActivator>b__0(ControllerContext controllerContext)
   at Microsoft.AspNetCore.Mvc.Controllers.ControllerFactoryProvider.<>c__DisplayClass5_0.<CreateControllerFactory>g__CreateController|0(ControllerContext controllerContext)
   at Microsoft.AspNetCore.Mvc.Internal.ControllerActionInvoker.Next(State& next, Scope& scope, Object& state, Boolean& isCompleted)
   at Microsoft.AspNetCore.Mvc.Internal.ControllerActionInvoker.InvokeInnerFilterAsync()
   at Microsoft.AspNetCore.Mvc.Internal.ResourceInvoker.InvokeFilterPipelineAsync()
   at Microsoft.AspNetCore.Mvc.Internal.ResourceInvoker.InvokeAsync()
   at Microsoft.AspNetCore.Builder.RouterMiddleware.Invoke(HttpContext httpContext)
   at Microsoft.AspNetCore.Authentication.AuthenticationMiddleware.Invoke(HttpContext context)
   at Microsoft.AspNetCore.StaticFiles.StaticFileMiddleware.Invoke(HttpContext context)
   at Swashbuckle.AspNetCore.SwaggerUI.SwaggerUIMiddleware.Invoke(HttpContext httpContext)
   at Swashbuckle.AspNetCore.Swagger.SwaggerMiddleware.Invoke(HttpContext httpContext, ISwaggerProvider swaggerProvider)
   at Alsahab.Setting.WebFramework.Middlewares.CustomExceptionHandlerMiddleware.Invoke(HttpContext context) in /home/mohammad/Documents/company/Alsahab.Setting/Alsahab.Setting.WebFramework/Middlewares/CustomExceptionHandlerMiddleware.cs:line 46 | Alsahab.Setting.WebFramework.Middlewares.CustomExceptionHandlerMiddleware | url: https://localhost/api/v1/Branch/Create | action: Create
2019-06-24 12:03:23.4019 | ERROR | Unable to resolve service for type 'Alsahab.Setting.BL.IBaseBL`3[Alsahab.Setting.Entities.Models.Branch,Alsahab.Setting.DTO.BranchDTO,Alsahab.Setting.DTO.BranchFilterDTO]' while attempting to activate 'Alsahab.Setting.WebFramework.Api.BranchController'. | System.InvalidOperationException: Unable to resolve service for type 'Alsahab.Setting.BL.IBaseBL`3[Alsahab.Setting.Entities.Models.Branch,Alsahab.Setting.DTO.BranchDTO,Alsahab.Setting.DTO.BranchFilterDTO]' while attempting to activate 'Alsahab.Setting.WebFramework.Api.BranchController'.
   at Microsoft.Extensions.DependencyInjection.ActivatorUtilities.GetService(IServiceProvider sp, Type type, Type requiredBy, Boolean isDefaultParameterRequired)
   at lambda_method(Closure , IServiceProvider , Object[] )
   at Microsoft.AspNetCore.Mvc.Controllers.ControllerActivatorProvider.<>c__DisplayClass4_0.<CreateActivator>b__0(ControllerContext controllerContext)
   at Microsoft.AspNetCore.Mvc.Controllers.ControllerFactoryProvider.<>c__DisplayClass5_0.<CreateControllerFactory>g__CreateController|0(ControllerContext controllerContext)
   at Microsoft.AspNetCore.Mvc.Internal.ControllerActionInvoker.Next(State& next, Scope& scope, Object& state, Boolean& isCompleted)
   at Microsoft.AspNetCore.Mvc.Internal.ControllerActionInvoker.InvokeInnerFilterAsync()
   at Microsoft.AspNetCore.Mvc.Internal.ResourceInvoker.InvokeFilterPipelineAsync()
   at Microsoft.AspNetCore.Mvc.Internal.ResourceInvoker.InvokeAsync()
   at Microsoft.AspNetCore.Builder.RouterMiddleware.Invoke(HttpContext httpContext)
   at Microsoft.AspNetCore.Authentication.AuthenticationMiddleware.Invoke(HttpContext context)
   at Microsoft.AspNetCore.StaticFiles.StaticFileMiddleware.Invoke(HttpContext context)
   at Swashbuckle.AspNetCore.SwaggerUI.SwaggerUIMiddleware.Invoke(HttpContext httpContext)
   at Swashbuckle.AspNetCore.Swagger.SwaggerMiddleware.Invoke(HttpContext httpContext, ISwaggerProvider swaggerProvider)
   at Alsahab.Setting.WebFramework.Middlewares.CustomExceptionHandlerMiddleware.Invoke(HttpContext context) in /home/mohammad/Documents/company/Alsahab.Setting/Alsahab.Setting.WebFramework/Middlewares/CustomExceptionHandlerMiddleware.cs:line 46 | Alsahab.Setting.WebFramework.Middlewares.CustomExceptionHandlerMiddleware | url: https://localhost/api/v1/Branch/Create | action: Create
2019-06-24 12:37:56.1192 | ERROR | Unable to resolve service for type 'Alsahab.Setting.BL.IBaseBL`3[Alsahab.Setting.Entities.Models.Branch,Alsahab.Setting.DTO.BranchDTO,Alsahab.Setting.DTO.BranchFilterDTO]' while attempting to activate 'Alsahab.Setting.WebFramework.Api.BranchController'. | System.InvalidOperationException: Unable to resolve service for type 'Alsahab.Setting.BL.IBaseBL`3[Alsahab.Setting.Entities.Models.Branch,Alsahab.Setting.DTO.BranchDTO,Alsahab.Setting.DTO.BranchFilterDTO]' while attempting to activate 'Alsahab.Setting.WebFramework.Api.BranchController'.
   at Microsoft.Extensions.DependencyInjection.ActivatorUtilities.GetService(IServiceProvider sp, Type type, Type requiredBy, Boolean isDefaultParameterRequired)
   at lambda_method(Closure , IServiceProvider , Object[] )
   at Microsoft.AspNetCore.Mvc.Controllers.ControllerActivatorProvider.<>c__DisplayClass4_0.<CreateActivator>b__0(ControllerContext controllerContext)
   at Microsoft.AspNetCore.Mvc.Controllers.ControllerFactoryProvider.<>c__DisplayClass5_0.<CreateControllerFactory>g__CreateController|0(ControllerContext controllerContext)
   at Microsoft.AspNetCore.Mvc.Internal.ControllerActionInvoker.Next(State& next, Scope& scope, Object& state, Boolean& isCompleted)
   at Microsoft.AspNetCore.Mvc.Internal.ControllerActionInvoker.InvokeInnerFilterAsync()
   at Microsoft.AspNetCore.Mvc.Internal.ResourceInvoker.InvokeFilterPipelineAsync()
   at Microsoft.AspNetCore.Mvc.Internal.ResourceInvoker.InvokeAsync()
   at Microsoft.AspNetCore.Builder.RouterMiddleware.Invoke(HttpContext httpContext)
   at Microsoft.AspNetCore.Builder.RouterMiddleware.Invoke(HttpContext httpContext)
   at Microsoft.AspNetCore.Authentication.AuthenticationMiddleware.Invoke(HttpContext context)
   at Microsoft.AspNetCore.StaticFiles.StaticFileMiddleware.Invoke(HttpContext context)
   at Swashbuckle.AspNetCore.SwaggerUI.SwaggerUIMiddleware.Invoke(HttpContext httpContext)
   at Swashbuckle.AspNetCore.Swagger.SwaggerMiddleware.Invoke(HttpContext httpContext, ISwaggerProvider swaggerProvider)
   at Alsahab.Setting.WebFramework.Middlewares.CustomExceptionHandlerMiddleware.Invoke(HttpContext context) in /home/mohammad/Documents/company/Alsahab.Setting/Alsahab.Setting.WebFramework/Middlewares/CustomExceptionHandlerMiddleware.cs:line 46 | Alsahab.Setting.WebFramework.Middlewares.CustomExceptionHandlerMiddleware | url: https://localhost/api/v1/Branch/Create | action: Create
2019-06-24 12:42:20.7366 | ERROR | Unable to resolve service for type 'Alsahab.Setting.BL.IBaseBL`3[Alsahab.Setting.Entities.Models.Branch,Alsahab.Setting.DTO.BranchDTO,Alsahab.Setting.DTO.BranchFilterDTO]' while attempting to activate 'Alsahab.Setting.WebFramework.Api.BranchController'. | System.InvalidOperationException: Unable to resolve service for type 'Alsahab.Setting.BL.IBaseBL`3[Alsahab.Setting.Entities.Models.Branch,Alsahab.Setting.DTO.BranchDTO,Alsahab.Setting.DTO.BranchFilterDTO]' while attempting to activate 'Alsahab.Setting.WebFramework.Api.BranchController'.
   at Microsoft.Extensions.DependencyInjection.ActivatorUtilities.GetService(IServiceProvider sp, Type type, Type requiredBy, Boolean isDefaultParameterRequired)
   at lambda_method(Closure , IServiceProvider , Object[] )
   at Microsoft.AspNetCore.Mvc.Controllers.ControllerActivatorProvider.<>c__DisplayClass4_0.<CreateActivator>b__0(ControllerContext controllerContext)
   at Microsoft.AspNetCore.Mvc.Controllers.ControllerFactoryProvider.<>c__DisplayClass5_0.<CreateControllerFactory>g__CreateController|0(ControllerContext controllerContext)
   at Microsoft.AspNetCore.Mvc.Internal.ControllerActionInvoker.Next(State& next, Scope& scope, Object& state, Boolean& isCompleted)
   at Microsoft.AspNetCore.Mvc.Internal.ControllerActionInvoker.InvokeInnerFilterAsync()
   at Microsoft.AspNetCore.Mvc.Internal.ResourceInvoker.InvokeFilterPipelineAsync()
   at Microsoft.AspNetCore.Mvc.Internal.ResourceInvoker.InvokeAsync()
   at Microsoft.AspNetCore.Builder.RouterMiddleware.Invoke(HttpContext httpContext)
   at Microsoft.AspNetCore.Builder.RouterMiddleware.Invoke(HttpContext httpContext)
   at Microsoft.AspNetCore.Authentication.AuthenticationMiddleware.Invoke(HttpContext context)
   at Microsoft.AspNetCore.StaticFiles.StaticFileMiddleware.Invoke(HttpContext context)
   at Swashbuckle.AspNetCore.SwaggerUI.SwaggerUIMiddleware.Invoke(HttpContext httpContext)
   at Swashbuckle.AspNetCore.Swagger.SwaggerMiddleware.Invoke(HttpContext httpContext, ISwaggerProvider swaggerProvider)
   at Alsahab.Setting.WebFramework.Middlewares.CustomExceptionHandlerMiddleware.Invoke(HttpContext context) in /home/mohammad/Documents/company/Alsahab.Setting/Alsahab.Setting.WebFramework/Middlewares/CustomExceptionHandlerMiddleware.cs:line 46 | Alsahab.Setting.WebFramework.Middlewares.CustomExceptionHandlerMiddleware | url: https://localhost/api/v1/Branch/Create | action: Create
2019-06-24 12:46:19.3222 | ERROR | Unable to resolve service for type 'Alsahab.Setting.BL.IBaseBL`3[Alsahab.Setting.Entities.Models.Branch,Alsahab.Setting.DTO.BranchDTO,Alsahab.Setting.DTO.BranchFilterDTO]' while attempting to activate 'Alsahab.Setting.WebFramework.Api.BranchController'. | System.InvalidOperationException: Unable to resolve service for type 'Alsahab.Setting.BL.IBaseBL`3[Alsahab.Setting.Entities.Models.Branch,Alsahab.Setting.DTO.BranchDTO,Alsahab.Setting.DTO.BranchFilterDTO]' while attempting to activate 'Alsahab.Setting.WebFramework.Api.BranchController'.
   at Microsoft.Extensions.DependencyInjection.ActivatorUtilities.GetService(IServiceProvider sp, Type type, Type requiredBy, Boolean isDefaultParameterRequired)
   at lambda_method(Closure , IServiceProvider , Object[] )
   at Microsoft.AspNetCore.Mvc.Controllers.ControllerActivatorProvider.<>c__DisplayClass4_0.<CreateActivator>b__0(ControllerContext controllerContext)
   at Microsoft.AspNetCore.Mvc.Controllers.ControllerFactoryProvider.<>c__DisplayClass5_0.<CreateControllerFactory>g__CreateController|0(ControllerContext controllerContext)
   at Microsoft.AspNetCore.Mvc.Internal.ControllerActionInvoker.Next(State& next, Scope& scope, Object& state, Boolean& isCompleted)
   at Microsoft.AspNetCore.Mvc.Internal.ControllerActionInvoker.InvokeInnerFilterAsync()
   at Microsoft.AspNetCore.Mvc.Internal.ResourceInvoker.InvokeFilterPipelineAsync()
   at Microsoft.AspNetCore.Mvc.Internal.ResourceInvoker.InvokeAsync()
   at Microsoft.AspNetCore.Builder.RouterMiddleware.Invoke(HttpContext httpContext)
   at Microsoft.AspNetCore.Authentication.AuthenticationMiddleware.Invoke(HttpContext context)
   at Microsoft.AspNetCore.StaticFiles.StaticFileMiddleware.Invoke(HttpContext context)
   at Swashbuckle.AspNetCore.SwaggerUI.SwaggerUIMiddleware.Invoke(HttpContext httpContext)
   at Swashbuckle.AspNetCore.Swagger.SwaggerMiddleware.Invoke(HttpContext httpContext, ISwaggerProvider swaggerProvider)
   at Alsahab.Setting.WebFramework.Middlewares.CustomExceptionHandlerMiddleware.Invoke(HttpContext context) in /home/mohammad/Documents/company/Alsahab.Setting/Alsahab.Setting.WebFramework/Middlewares/CustomExceptionHandlerMiddleware.cs:line 46 | Alsahab.Setting.WebFramework.Middlewares.CustomExceptionHandlerMiddleware | url: https://localhost/api/v1/Branch/Create | action: Create
2019-06-24 12:49:32.3197 | ERROR | Unable to resolve service for type 'Alsahab.Setting.BL.IBaseBL`3[Alsahab.Setting.Entities.Models.Branch,Alsahab.Setting.DTO.BranchDTO,Alsahab.Setting.DTO.BranchFilterDTO]' while attempting to activate 'Alsahab.Setting.WebFramework.Api.BranchController'. | System.InvalidOperationException: Unable to resolve service for type 'Alsahab.Setting.BL.IBaseBL`3[Alsahab.Setting.Entities.Models.Branch,Alsahab.Setting.DTO.BranchDTO,Alsahab.Setting.DTO.BranchFilterDTO]' while attempting to activate 'Alsahab.Setting.WebFramework.Api.BranchController'.
   at Microsoft.Extensions.DependencyInjection.ActivatorUtilities.GetService(IServiceProvider sp, Type type, Type requiredBy, Boolean isDefaultParameterRequired)
   at lambda_method(Closure , IServiceProvider , Object[] )
   at Microsoft.AspNetCore.Mvc.Controllers.ControllerActivatorProvider.<>c__DisplayClass4_0.<CreateActivator>b__0(ControllerContext controllerContext)
   at Microsoft.AspNetCore.Mvc.Controllers.ControllerFactoryProvider.<>c__DisplayClass5_0.<CreateControllerFactory>g__CreateController|0(ControllerContext controllerContext)
   at Microsoft.AspNetCore.Mvc.Internal.ControllerActionInvoker.Next(State& next, Scope& scope, Object& state, Boolean& isCompleted)
   at Microsoft.AspNetCore.Mvc.Internal.ControllerActionInvoker.InvokeInnerFilterAsync()
   at Microsoft.AspNetCore.Mvc.Internal.ResourceInvoker.InvokeFilterPipelineAsync()
   at Microsoft.AspNetCore.Mvc.Internal.ResourceInvoker.InvokeAsync()
   at Microsoft.AspNetCore.Builder.RouterMiddleware.Invoke(HttpContext httpContext)
   at Microsoft.AspNetCore.Builder.RouterMiddleware.Invoke(HttpContext httpContext)
   at Microsoft.AspNetCore.Authentication.AuthenticationMiddleware.Invoke(HttpContext context)
   at Microsoft.AspNetCore.StaticFiles.StaticFileMiddleware.Invoke(HttpContext context)
   at Swashbuckle.AspNetCore.SwaggerUI.SwaggerUIMiddleware.Invoke(HttpContext httpContext)
   at Swashbuckle.AspNetCore.Swagger.SwaggerMiddleware.Invoke(HttpContext httpContext, ISwaggerProvider swaggerProvider)
   at Alsahab.Setting.WebFramework.Middlewares.CustomExceptionHandlerMiddleware.Invoke(HttpContext context) in /home/mohammad/Documents/company/Alsahab.Setting/Alsahab.Setting.WebFramework/Middlewares/CustomExceptionHandlerMiddleware.cs:line 46 | Alsahab.Setting.WebFramework.Middlewares.CustomExceptionHandlerMiddleware | url: https://localhost/api/v1/Branch/Create | action: Create
2019-06-24 12:53:28.3106 | ERROR | Unable to resolve service for type 'Alsahab.Setting.BL.BaseBL`3[Alsahab.Setting.Entities.Models.Branch,Alsahab.Setting.DTO.BranchDTO,Alsahab.Setting.DTO.BranchFilterDTO]' while attempting to activate 'Alsahab.Setting.WebFramework.Api.BranchController'. | System.InvalidOperationException: Unable to resolve service for type 'Alsahab.Setting.BL.BaseBL`3[Alsahab.Setting.Entities.Models.Branch,Alsahab.Setting.DTO.BranchDTO,Alsahab.Setting.DTO.BranchFilterDTO]' while attempting to activate 'Alsahab.Setting.WebFramework.Api.BranchController'.
   at Microsoft.Extensions.DependencyInjection.ActivatorUtilities.GetService(IServiceProvider sp, Type type, Type requiredBy, Boolean isDefaultParameterRequired)
   at lambda_method(Closure , IServiceProvider , Object[] )
   at Microsoft.AspNetCore.Mvc.Controllers.ControllerActivatorProvider.<>c__DisplayClass4_0.<CreateActivator>b__0(ControllerContext controllerContext)
   at Microsoft.AspNetCore.Mvc.Controllers.ControllerFactoryProvider.<>c__DisplayClass5_0.<CreateControllerFactory>g__CreateController|0(ControllerContext controllerContext)
   at Microsoft.AspNetCore.Mvc.Internal.ControllerActionInvoker.Next(State& next, Scope& scope, Object& state, Boolean& isCompleted)
   at Microsoft.AspNetCore.Mvc.Internal.ControllerActionInvoker.InvokeInnerFilterAsync()
   at Microsoft.AspNetCore.Mvc.Internal.ResourceInvoker.InvokeFilterPipelineAsync()
   at Microsoft.AspNetCore.Mvc.Internal.ResourceInvoker.InvokeAsync()
   at Microsoft.AspNetCore.Builder.RouterMiddleware.Invoke(HttpContext httpContext)
   at Microsoft.AspNetCore.Builder.RouterMiddleware.Invoke(HttpContext httpContext)
   at Microsoft.AspNetCore.Authentication.AuthenticationMiddleware.Invoke(HttpContext context)
   at Microsoft.AspNetCore.StaticFiles.StaticFileMiddleware.Invoke(HttpContext context)
   at Swashbuckle.AspNetCore.SwaggerUI.SwaggerUIMiddleware.Invoke(HttpContext httpContext)
   at Swashbuckle.AspNetCore.Swagger.SwaggerMiddleware.Invoke(HttpContext httpContext, ISwaggerProvider swaggerProvider)
   at Alsahab.Setting.WebFramework.Middlewares.CustomExceptionHandlerMiddleware.Invoke(HttpContext context) in /home/mohammad/Documents/company/Alsahab.Setting/Alsahab.Setting.WebFramework/Middlewares/CustomExceptionHandlerMiddleware.cs:line 46 | Alsahab.Setting.WebFramework.Middlewares.CustomExceptionHandlerMiddleware | url: https://localhost/api/v1/Branch/Create | action: Create
2019-06-24 13:02:31.0710 | ERROR | Unable to resolve service for type 'Alsahab.Setting.BL.BaseBL`3[Alsahab.Setting.Entities.Models.Branch,Alsahab.Setting.DTO.BranchDTO,Alsahab.Setting.DTO.BranchFilterDTO]' while attempting to activate 'Alsahab.Setting.WebFramework.Api.BranchController'. | System.InvalidOperationException: Unable to resolve service for type 'Alsahab.Setting.BL.BaseBL`3[Alsahab.Setting.Entities.Models.Branch,Alsahab.Setting.DTO.BranchDTO,Alsahab.Setting.DTO.BranchFilterDTO]' while attempting to activate 'Alsahab.Setting.WebFramework.Api.BranchController'.
   at Microsoft.Extensions.DependencyInjection.ActivatorUtilities.GetService(IServiceProvider sp, Type type, Type requiredBy, Boolean isDefaultParameterRequired)
   at lambda_method(Closure , IServiceProvider , Object[] )
   at Microsoft.AspNetCore.Mvc.Controllers.ControllerActivatorProvider.<>c__DisplayClass4_0.<CreateActivator>b__0(ControllerContext controllerContext)
   at Microsoft.AspNetCore.Mvc.Controllers.ControllerFactoryProvider.<>c__DisplayClass5_0.<CreateControllerFactory>g__CreateController|0(ControllerContext controllerContext)
   at Microsoft.AspNetCore.Mvc.Internal.ControllerActionInvoker.Next(State& next, Scope& scope, Object& state, Boolean& isCompleted)
   at Microsoft.AspNetCore.Mvc.Internal.ControllerActionInvoker.InvokeInnerFilterAsync()
   at Microsoft.AspNetCore.Mvc.Internal.ResourceInvoker.InvokeFilterPipelineAsync()
   at Microsoft.AspNetCore.Mvc.Internal.ResourceInvoker.InvokeAsync()
   at Microsoft.AspNetCore.Builder.RouterMiddleware.Invoke(HttpContext httpContext)
   at Microsoft.AspNetCore.Builder.RouterMiddleware.Invoke(HttpContext httpContext)
   at Microsoft.AspNetCore.Authentication.AuthenticationMiddleware.Invoke(HttpContext context)
   at Microsoft.AspNetCore.StaticFiles.StaticFileMiddleware.Invoke(HttpContext context)
   at Swashbuckle.AspNetCore.SwaggerUI.SwaggerUIMiddleware.Invoke(HttpContext httpContext)
   at Swashbuckle.AspNetCore.Swagger.SwaggerMiddleware.Invoke(HttpContext httpContext, ISwaggerProvider swaggerProvider)
   at Alsahab.Setting.WebFramework.Middlewares.CustomExceptionHandlerMiddleware.Invoke(HttpContext context) in /home/mohammad/Documents/company/Alsahab.Setting/Alsahab.Setting.WebFramework/Middlewares/CustomExceptionHandlerMiddleware.cs:line 46 | Alsahab.Setting.WebFramework.Middlewares.CustomExceptionHandlerMiddleware | url: https://localhost/api/v1/Branch/Create | action: Create
2019-06-24 13:04:40.1505 | ERROR | Unable to resolve service for type 'Alsahab.Setting.BL.BaseBL`3[Alsahab.Setting.Entities.Models.Branch,Alsahab.Setting.DTO.BranchDTO,Alsahab.Setting.DTO.BranchFilterDTO]' while attempting to activate 'Alsahab.Setting.WebFramework.Api.BranchController'. | System.InvalidOperationException: Unable to resolve service for type 'Alsahab.Setting.BL.BaseBL`3[Alsahab.Setting.Entities.Models.Branch,Alsahab.Setting.DTO.BranchDTO,Alsahab.Setting.DTO.BranchFilterDTO]' while attempting to activate 'Alsahab.Setting.WebFramework.Api.BranchController'.
   at Microsoft.Extensions.DependencyInjection.ActivatorUtilities.GetService(IServiceProvider sp, Type type, Type requiredBy, Boolean isDefaultParameterRequired)
   at lambda_method(Closure , IServiceProvider , Object[] )
   at Microsoft.AspNetCore.Mvc.Controllers.ControllerActivatorProvider.<>c__DisplayClass4_0.<CreateActivator>b__0(ControllerContext controllerContext)
   at Microsoft.AspNetCore.Mvc.Controllers.ControllerFactoryProvider.<>c__DisplayClass5_0.<CreateControllerFactory>g__CreateController|0(ControllerContext controllerContext)
   at Microsoft.AspNetCore.Mvc.Internal.ControllerActionInvoker.Next(State& next, Scope& scope, Object& state, Boolean& isCompleted)
   at Microsoft.AspNetCore.Mvc.Internal.ControllerActionInvoker.InvokeInnerFilterAsync()
   at Microsoft.AspNetCore.Mvc.Internal.ResourceInvoker.InvokeFilterPipelineAsync()
   at Microsoft.AspNetCore.Mvc.Internal.ResourceInvoker.InvokeAsync()
   at Microsoft.AspNetCore.Builder.RouterMiddleware.Invoke(HttpContext httpContext)
   at Microsoft.AspNetCore.Builder.RouterMiddleware.Invoke(HttpContext httpContext)
   at Microsoft.AspNetCore.Authentication.AuthenticationMiddleware.Invoke(HttpContext context)
   at Microsoft.AspNetCore.StaticFiles.StaticFileMiddleware.Invoke(HttpContext context)
   at Swashbuckle.AspNetCore.SwaggerUI.SwaggerUIMiddleware.Invoke(HttpContext httpContext)
   at Swashbuckle.AspNetCore.Swagger.SwaggerMiddleware.Invoke(HttpContext httpContext, ISwaggerProvider swaggerProvider)
   at Alsahab.Setting.WebFramework.Middlewares.CustomExceptionHandlerMiddleware.Invoke(HttpContext context) in /home/mohammad/Documents/company/Alsahab.Setting/Alsahab.Setting.WebFramework/Middlewares/CustomExceptionHandlerMiddleware.cs:line 46 | Alsahab.Setting.WebFramework.Middlewares.CustomExceptionHandlerMiddleware | url: https://localhost/api/v1/Branch/Create | action: Create
2019-06-24 13:06:40.8446 | ERROR | Unable to resolve service for type 'Alsahab.Setting.BL.IBaseBL`3[Alsahab.Setting.Entities.Models.Branch,Alsahab.Setting.DTO.BranchDTO,Alsahab.Setting.DTO.BranchFilterDTO]' while attempting to activate 'Alsahab.Setting.WebFramework.Api.BranchController'. | System.InvalidOperationException: Unable to resolve service for type 'Alsahab.Setting.BL.IBaseBL`3[Alsahab.Setting.Entities.Models.Branch,Alsahab.Setting.DTO.BranchDTO,Alsahab.Setting.DTO.BranchFilterDTO]' while attempting to activate 'Alsahab.Setting.WebFramework.Api.BranchController'.
   at Microsoft.Extensions.DependencyInjection.ActivatorUtilities.GetService(IServiceProvider sp, Type type, Type requiredBy, Boolean isDefaultParameterRequired)
   at lambda_method(Closure , IServiceProvider , Object[] )
   at Microsoft.AspNetCore.Mvc.Controllers.ControllerActivatorProvider.<>c__DisplayClass4_0.<CreateActivator>b__0(ControllerContext controllerContext)
   at Microsoft.AspNetCore.Mvc.Controllers.ControllerFactoryProvider.<>c__DisplayClass5_0.<CreateControllerFactory>g__CreateController|0(ControllerContext controllerContext)
   at Microsoft.AspNetCore.Mvc.Internal.ControllerActionInvoker.Next(State& next, Scope& scope, Object& state, Boolean& isCompleted)
   at Microsoft.AspNetCore.Mvc.Internal.ControllerActionInvoker.InvokeInnerFilterAsync()
   at Microsoft.AspNetCore.Mvc.Internal.ResourceInvoker.InvokeFilterPipelineAsync()
   at Microsoft.AspNetCore.Mvc.Internal.ResourceInvoker.InvokeAsync()
   at Microsoft.AspNetCore.Builder.RouterMiddleware.Invoke(HttpContext httpContext)
   at Microsoft.AspNetCore.Builder.RouterMiddleware.Invoke(HttpContext httpContext)
   at Microsoft.AspNetCore.Authentication.AuthenticationMiddleware.Invoke(HttpContext context)
   at Microsoft.AspNetCore.StaticFiles.StaticFileMiddleware.Invoke(HttpContext context)
   at Swashbuckle.AspNetCore.SwaggerUI.SwaggerUIMiddleware.Invoke(HttpContext httpContext)
   at Swashbuckle.AspNetCore.Swagger.SwaggerMiddleware.Invoke(HttpContext httpContext, ISwaggerProvider swaggerProvider)
   at Alsahab.Setting.WebFramework.Middlewares.CustomExceptionHandlerMiddleware.Invoke(HttpContext context) in /home/mohammad/Documents/company/Alsahab.Setting/Alsahab.Setting.WebFramework/Middlewares/CustomExceptionHandlerMiddleware.cs:line 46 | Alsahab.Setting.WebFramework.Middlewares.CustomExceptionHandlerMiddleware | url: https://localhost/api/v1/Branch/Create | action: Create
2019-06-24 13:10:51.6591 | ERROR | Unable to resolve service for type 'Alsahab.Setting.BL.IBaseBL`3[Alsahab.Setting.Entities.Models.Branch,Alsahab.Setting.DTO.BranchDTO,Alsahab.Setting.DTO.BranchFilterDTO]' while attempting to activate 'Alsahab.Setting.WebFramework.Api.BranchController'. | System.InvalidOperationException: Unable to resolve service for type 'Alsahab.Setting.BL.IBaseBL`3[Alsahab.Setting.Entities.Models.Branch,Alsahab.Setting.DTO.BranchDTO,Alsahab.Setting.DTO.BranchFilterDTO]' while attempting to activate 'Alsahab.Setting.WebFramework.Api.BranchController'.
   at Microsoft.Extensions.DependencyInjection.ActivatorUtilities.GetService(IServiceProvider sp, Type type, Type requiredBy, Boolean isDefaultParameterRequired)
   at lambda_method(Closure , IServiceProvider , Object[] )
   at Microsoft.AspNetCore.Mvc.Controllers.ControllerActivatorProvider.<>c__DisplayClass4_0.<CreateActivator>b__0(ControllerContext controllerContext)
   at Microsoft.AspNetCore.Mvc.Controllers.ControllerFactoryProvider.<>c__DisplayClass5_0.<CreateControllerFactory>g__CreateController|0(ControllerContext controllerContext)
   at Microsoft.AspNetCore.Mvc.Internal.ControllerActionInvoker.Next(State& next, Scope& scope, Object& state, Boolean& isCompleted)
   at Microsoft.AspNetCore.Mvc.Internal.ControllerActionInvoker.InvokeInnerFilterAsync()
   at Microsoft.AspNetCore.Mvc.Internal.ResourceInvoker.InvokeFilterPipelineAsync()
   at Microsoft.AspNetCore.Mvc.Internal.ResourceInvoker.InvokeAsync()
   at Microsoft.AspNetCore.Builder.RouterMiddleware.Invoke(HttpContext httpContext)
   at Microsoft.AspNetCore.Builder.RouterMiddleware.Invoke(HttpContext httpContext)
   at Microsoft.AspNetCore.Authentication.AuthenticationMiddleware.Invoke(HttpContext context)
   at Microsoft.AspNetCore.StaticFiles.StaticFileMiddleware.Invoke(HttpContext context)
   at Swashbuckle.AspNetCore.SwaggerUI.SwaggerUIMiddleware.Invoke(HttpContext httpContext)
   at Swashbuckle.AspNetCore.Swagger.SwaggerMiddleware.Invoke(HttpContext httpContext, ISwaggerProvider swaggerProvider)
   at Alsahab.Setting.WebFramework.Middlewares.CustomExceptionHandlerMiddleware.Invoke(HttpContext context) in /home/mohammad/Documents/company/Alsahab.Setting/Alsahab.Setting.WebFramework/Middlewares/CustomExceptionHandlerMiddleware.cs:line 46 | Alsahab.Setting.WebFramework.Middlewares.CustomExceptionHandlerMiddleware | url: https://localhost/api/v1/Branch/Create | action: Create
2019-06-24 13:14:46.8751 | ERROR | Unable to resolve service for type 'Alsahab.Setting.BL.IBaseBL`3[Alsahab.Setting.Entities.Models.Branch,Alsahab.Setting.DTO.BranchDTO,Alsahab.Setting.DTO.BranchFilterDTO]' while attempting to activate 'Alsahab.Setting.WebFramework.Api.BranchController'. | System.InvalidOperationException: Unable to resolve service for type 'Alsahab.Setting.BL.IBaseBL`3[Alsahab.Setting.Entities.Models.Branch,Alsahab.Setting.DTO.BranchDTO,Alsahab.Setting.DTO.BranchFilterDTO]' while attempting to activate 'Alsahab.Setting.WebFramework.Api.BranchController'.
   at Microsoft.Extensions.DependencyInjection.ActivatorUtilities.GetService(IServiceProvider sp, Type type, Type requiredBy, Boolean isDefaultParameterRequired)
   at lambda_method(Closure , IServiceProvider , Object[] )
   at Microsoft.AspNetCore.Mvc.Controllers.ControllerActivatorProvider.<>c__DisplayClass4_0.<CreateActivator>b__0(ControllerContext controllerContext)
   at Microsoft.AspNetCore.Mvc.Controllers.ControllerFactoryProvider.<>c__DisplayClass5_0.<CreateControllerFactory>g__CreateController|0(ControllerContext controllerContext)
   at Microsoft.AspNetCore.Mvc.Internal.ControllerActionInvoker.Next(State& next, Scope& scope, Object& state, Boolean& isCompleted)
   at Microsoft.AspNetCore.Mvc.Internal.ControllerActionInvoker.InvokeInnerFilterAsync()
   at Microsoft.AspNetCore.Mvc.Internal.ResourceInvoker.InvokeFilterPipelineAsync()
   at Microsoft.AspNetCore.Mvc.Internal.ResourceInvoker.InvokeAsync()
   at Microsoft.AspNetCore.Builder.RouterMiddleware.Invoke(HttpContext httpContext)
   at Microsoft.AspNetCore.Builder.RouterMiddleware.Invoke(HttpContext httpContext)
   at Microsoft.AspNetCore.Authentication.AuthenticationMiddleware.Invoke(HttpContext context)
   at Microsoft.AspNetCore.StaticFiles.StaticFileMiddleware.Invoke(HttpContext context)
   at Swashbuckle.AspNetCore.SwaggerUI.SwaggerUIMiddleware.Invoke(HttpContext httpContext)
   at Swashbuckle.AspNetCore.Swagger.SwaggerMiddleware.Invoke(HttpContext httpContext, ISwaggerProvider swaggerProvider)
   at Alsahab.Setting.WebFramework.Middlewares.CustomExceptionHandlerMiddleware.Invoke(HttpContext context) in /home/mohammad/Documents/company/Alsahab.Setting/Alsahab.Setting.WebFramework/Middlewares/CustomExceptionHandlerMiddleware.cs:line 46 | Alsahab.Setting.WebFramework.Middlewares.CustomExceptionHandlerMiddleware | url: https://localhost/api/v1/Branch/Create | action: Create
2019-06-24 13:51:36.7613 | ERROR | Cannot create an abstract class. | System.MissingMethodException: Cannot create an abstract class.
   at System.RuntimeTypeHandle.CreateInstance(RuntimeType type, Boolean publicOnly, Boolean wrapExceptions, Boolean& canBeCached, RuntimeMethodHandleInternal& ctor)
   at System.RuntimeType.CreateInstanceSlow(Boolean publicOnly, Boolean wrapExceptions, Boolean skipCheckThis, Boolean fillCache)
   at Alsahab.Setting.BL.BaseBL`3.Validate[BaseValidator](Dto data) in /home/mohammad/Documents/company/Alsahab.Setting/Alsahab.Setting.BL/Services/BaseBL.cs:line 65
   at Alsahab.Setting.BL.BranchBL.InsertAsync(BranchDTO data, CancellationToken cancellationToken) in /home/mohammad/Documents/company/Alsahab.Setting/Alsahab.Setting.BL/Services/BranchBL.cs:line 180
   at Alsahab.Setting.WebFramework.Api.CrudController`3.Create(BaseRequest`1 request, CancellationToken cancellationToken) in /home/mohammad/Documents/company/Alsahab.Setting/Alsahab.Setting.MyAPI/Controllers/v1/CrudController.cs:line 97
   at lambda_method(Closure , Object )
   at Microsoft.Extensions.Internal.ObjectMethodExecutorAwaitable.Awaiter.GetResult()
   at Microsoft.AspNetCore.Mvc.Internal.ActionMethodExecutor.AwaitableObjectResultExecutor.Execute(IActionResultTypeMapper mapper, ObjectMethodExecutor executor, Object controller, Object[] arguments)
   at System.Threading.Tasks.ValueTask`1.get_Result()
   at Microsoft.AspNetCore.Mvc.Internal.ControllerActionInvoker.InvokeActionMethodAsync()
   at Microsoft.AspNetCore.Mvc.Internal.ControllerActionInvoker.InvokeNextActionFilterAsync()
   at Microsoft.AspNetCore.Mvc.Internal.ControllerActionInvoker.Rethrow(ActionExecutedContext context)
   at Microsoft.AspNetCore.Mvc.Internal.ControllerActionInvoker.Next(State& next, Scope& scope, Object& state, Boolean& isCompleted)
   at Microsoft.AspNetCore.Mvc.Internal.ControllerActionInvoker.InvokeInnerFilterAsync()
   at Microsoft.AspNetCore.Mvc.Internal.ResourceInvoker.InvokeFilterPipelineAsync()
   at Microsoft.AspNetCore.Mvc.Internal.ResourceInvoker.InvokeAsync()
   at Microsoft.AspNetCore.Builder.RouterMiddleware.Invoke(HttpContext httpContext)
   at Microsoft.AspNetCore.Builder.RouterMiddleware.Invoke(HttpContext httpContext)
   at Microsoft.AspNetCore.Authentication.AuthenticationMiddleware.Invoke(HttpContext context)
   at Microsoft.AspNetCore.StaticFiles.StaticFileMiddleware.Invoke(HttpContext context)
   at Swashbuckle.AspNetCore.SwaggerUI.SwaggerUIMiddleware.Invoke(HttpContext httpContext)
   at Swashbuckle.AspNetCore.Swagger.SwaggerMiddleware.Invoke(HttpContext httpContext, ISwaggerProvider swaggerProvider)
   at Alsahab.Setting.WebFramework.Middlewares.CustomExceptionHandlerMiddleware.Invoke(HttpContext context) in /home/mohammad/Documents/company/Alsahab.Setting/Alsahab.Setting.WebFramework/Middlewares/CustomExceptionHandlerMiddleware.cs:line 46 | Alsahab.Setting.WebFramework.Middlewares.CustomExceptionHandlerMiddleware | url: https://localhost/api/v1/Branch/Create | action: Create
2019-06-24 13:57:44.1130 | ERROR | Cannot create an abstract class. | System.MissingMethodException: Cannot create an abstract class.
   at System.RuntimeTypeHandle.CreateInstance(RuntimeType type, Boolean publicOnly, Boolean wrapExceptions, Boolean& canBeCached, RuntimeMethodHandleInternal& ctor)
   at System.RuntimeType.CreateInstanceSlow(Boolean publicOnly, Boolean wrapExceptions, Boolean skipCheckThis, Boolean fillCache)
   at Alsahab.Setting.BL.BaseBL`3.Validate[BaseValidator](Dto data) in /home/mohammad/Documents/company/Alsahab.Setting/Alsahab.Setting.BL/Services/BaseBL.cs:line 65
   at Alsahab.Setting.BL.BranchBL.InsertAsync(BranchDTO data, CancellationToken cancellationToken) in /home/mohammad/Documents/company/Alsahab.Setting/Alsahab.Setting.BL/Services/BranchBL.cs:line 180
   at Alsahab.Setting.WebFramework.Api.CrudController`3.Create(BaseRequest`1 request, CancellationToken cancellationToken) in /home/mohammad/Documents/company/Alsahab.Setting/Alsahab.Setting.MyAPI/Controllers/v1/CrudController.cs:line 97
   at lambda_method(Closure , Object )
   at Microsoft.Extensions.Internal.ObjectMethodExecutorAwaitable.Awaiter.GetResult()
   at Microsoft.AspNetCore.Mvc.Internal.ActionMethodExecutor.AwaitableObjectResultExecutor.Execute(IActionResultTypeMapper mapper, ObjectMethodExecutor executor, Object controller, Object[] arguments)
   at System.Threading.Tasks.ValueTask`1.get_Result()
   at Microsoft.AspNetCore.Mvc.Internal.ControllerActionInvoker.InvokeActionMethodAsync()
   at Microsoft.AspNetCore.Mvc.Internal.ControllerActionInvoker.InvokeNextActionFilterAsync()
   at Microsoft.AspNetCore.Mvc.Internal.ControllerActionInvoker.Rethrow(ActionExecutedContext context)
   at Microsoft.AspNetCore.Mvc.Internal.ControllerActionInvoker.Next(State& next, Scope& scope, Object& state, Boolean& isCompleted)
   at Microsoft.AspNetCore.Mvc.Internal.ControllerActionInvoker.InvokeInnerFilterAsync()
   at Microsoft.AspNetCore.Mvc.Internal.ResourceInvoker.InvokeFilterPipelineAsync()
   at Microsoft.AspNetCore.Mvc.Internal.ResourceInvoker.InvokeAsync()
   at Microsoft.AspNetCore.Builder.RouterMiddleware.Invoke(HttpContext httpContext)
   at Microsoft.AspNetCore.Builder.RouterMiddleware.Invoke(HttpContext httpContext)
   at Microsoft.AspNetCore.Authentication.AuthenticationMiddleware.Invoke(HttpContext context)
   at Microsoft.AspNetCore.StaticFiles.StaticFileMiddleware.Invoke(HttpContext context)
   at Swashbuckle.AspNetCore.SwaggerUI.SwaggerUIMiddleware.Invoke(HttpContext httpContext)
   at Swashbuckle.AspNetCore.Swagger.SwaggerMiddleware.Invoke(HttpContext httpContext, ISwaggerProvider swaggerProvider)
   at Alsahab.Setting.WebFramework.Middlewares.CustomExceptionHandlerMiddleware.Invoke(HttpContext context) in /home/mohammad/Documents/company/Alsahab.Setting/Alsahab.Setting.WebFramework/Middlewares/CustomExceptionHandlerMiddleware.cs:line 46 | Alsahab.Setting.WebFramework.Middlewares.CustomExceptionHandlerMiddleware | url: https://localhost/api/v1/Branch/Create | action: Create
2019-06-24 13:59:55.3985 | ERROR | Cannot create an abstract class. | System.MissingMethodException: Cannot create an abstract class.
   at System.RuntimeTypeHandle.CreateInstance(RuntimeType type, Boolean publicOnly, Boolean wrapExceptions, Boolean& canBeCached, RuntimeMethodHandleInternal& ctor)
   at System.RuntimeType.CreateInstanceSlow(Boolean publicOnly, Boolean wrapExceptions, Boolean skipCheckThis, Boolean fillCache)
   at Alsahab.Setting.BL.BaseBL`3.Validate[BaseValidator](Dto data) in /home/mohammad/Documents/company/Alsahab.Setting/Alsahab.Setting.BL/Services/BaseBL.cs:line 65
   at Alsahab.Setting.BL.BranchBL.InsertAsync(BranchDTO data, CancellationToken cancellationToken) in /home/mohammad/Documents/company/Alsahab.Setting/Alsahab.Setting.BL/Services/BranchBL.cs:line 180
   at Alsahab.Setting.WebFramework.Api.CrudController`3.Create(BaseRequest`1 request, CancellationToken cancellationToken) in /home/mohammad/Documents/company/Alsahab.Setting/Alsahab.Setting.MyAPI/Controllers/v1/CrudController.cs:line 97
   at lambda_method(Closure , Object )
   at Microsoft.Extensions.Internal.ObjectMethodExecutorAwaitable.Awaiter.GetResult()
   at Microsoft.AspNetCore.Mvc.Internal.ActionMethodExecutor.AwaitableObjectResultExecutor.Execute(IActionResultTypeMapper mapper, ObjectMethodExecutor executor, Object controller, Object[] arguments)
   at System.Threading.Tasks.ValueTask`1.get_Result()
   at Microsoft.AspNetCore.Mvc.Internal.ControllerActionInvoker.InvokeActionMethodAsync()
   at Microsoft.AspNetCore.Mvc.Internal.ControllerActionInvoker.InvokeNextActionFilterAsync()
   at Microsoft.AspNetCore.Mvc.Internal.ControllerActionInvoker.Rethrow(ActionExecutedContext context)
   at Microsoft.AspNetCore.Mvc.Internal.ControllerActionInvoker.Next(State& next, Scope& scope, Object& state, Boolean& isCompleted)
   at Microsoft.AspNetCore.Mvc.Internal.ControllerActionInvoker.InvokeInnerFilterAsync()
   at Microsoft.AspNetCore.Mvc.Internal.ResourceInvoker.InvokeFilterPipelineAsync()
   at Microsoft.AspNetCore.Mvc.Internal.ResourceInvoker.InvokeAsync()
   at Microsoft.AspNetCore.Builder.RouterMiddleware.Invoke(HttpContext httpContext)
   at Microsoft.AspNetCore.Authentication.AuthenticationMiddleware.Invoke(HttpContext context)
   at Microsoft.AspNetCore.StaticFiles.StaticFileMiddleware.Invoke(HttpContext context)
   at Swashbuckle.AspNetCore.SwaggerUI.SwaggerUIMiddleware.Invoke(HttpContext httpContext)
   at Swashbuckle.AspNetCore.Swagger.SwaggerMiddleware.Invoke(HttpContext httpContext, ISwaggerProvider swaggerProvider)
   at Alsahab.Setting.WebFramework.Middlewares.CustomExceptionHandlerMiddleware.Invoke(HttpContext context) in /home/mohammad/Documents/company/Alsahab.Setting/Alsahab.Setting.WebFramework/Middlewares/CustomExceptionHandlerMiddleware.cs:line 46 | Alsahab.Setting.WebFramework.Middlewares.CustomExceptionHandlerMiddleware | url: https://localhost/api/v1/Branch/Create | action: Create
2019-06-24 14:00:45.8368 | ERROR | Cannot create an abstract class. | System.MissingMethodException: Cannot create an abstract class.
   at System.RuntimeTypeHandle.CreateInstance(RuntimeType type, Boolean publicOnly, Boolean wrapExceptions, Boolean& canBeCached, RuntimeMethodHandleInternal& ctor)
   at System.RuntimeType.CreateInstanceSlow(Boolean publicOnly, Boolean wrapExceptions, Boolean skipCheckThis, Boolean fillCache)
   at Alsahab.Setting.BL.BaseBL`3.Validate[BaseValidator](Dto data) in /home/mohammad/Documents/company/Alsahab.Setting/Alsahab.Setting.BL/Services/BaseBL.cs:line 65
   at Alsahab.Setting.BL.BranchBL.InsertAsync(BranchDTO data, CancellationToken cancellationToken) in /home/mohammad/Documents/company/Alsahab.Setting/Alsahab.Setting.BL/Services/BranchBL.cs:line 180
   at Alsahab.Setting.WebFramework.Api.CrudController`3.Create(BaseRequest`1 request, CancellationToken cancellationToken) in /home/mohammad/Documents/company/Alsahab.Setting/Alsahab.Setting.MyAPI/Controllers/v1/CrudController.cs:line 97
   at lambda_method(Closure , Object )
   at Microsoft.Extensions.Internal.ObjectMethodExecutorAwaitable.Awaiter.GetResult()
   at Microsoft.AspNetCore.Mvc.Internal.ActionMethodExecutor.AwaitableObjectResultExecutor.Execute(IActionResultTypeMapper mapper, ObjectMethodExecutor executor, Object controller, Object[] arguments)
   at System.Threading.Tasks.ValueTask`1.get_Result()
   at Microsoft.AspNetCore.Mvc.Internal.ControllerActionInvoker.InvokeActionMethodAsync()
   at Microsoft.AspNetCore.Mvc.Internal.ControllerActionInvoker.InvokeNextActionFilterAsync()
   at Microsoft.AspNetCore.Mvc.Internal.ControllerActionInvoker.Rethrow(ActionExecutedContext context)
   at Microsoft.AspNetCore.Mvc.Internal.ControllerActionInvoker.Next(State& next, Scope& scope, Object& state, Boolean& isCompleted)
   at Microsoft.AspNetCore.Mvc.Internal.ControllerActionInvoker.InvokeInnerFilterAsync()
   at Microsoft.AspNetCore.Mvc.Internal.ResourceInvoker.InvokeFilterPipelineAsync()
   at Microsoft.AspNetCore.Mvc.Internal.ResourceInvoker.InvokeAsync()
   at Microsoft.AspNetCore.Builder.RouterMiddleware.Invoke(HttpContext httpContext)
   at Microsoft.AspNetCore.Authentication.AuthenticationMiddleware.Invoke(HttpContext context)
   at Microsoft.AspNetCore.StaticFiles.StaticFileMiddleware.Invoke(HttpContext context)
   at Swashbuckle.AspNetCore.SwaggerUI.SwaggerUIMiddleware.Invoke(HttpContext httpContext)
   at Swashbuckle.AspNetCore.Swagger.SwaggerMiddleware.Invoke(HttpContext httpContext, ISwaggerProvider swaggerProvider)
   at Alsahab.Setting.WebFramework.Middlewares.CustomExceptionHandlerMiddleware.Invoke(HttpContext context) in /home/mohammad/Documents/company/Alsahab.Setting/Alsahab.Setting.WebFramework/Middlewares/CustomExceptionHandlerMiddleware.cs:line 46 | Alsahab.Setting.WebFramework.Middlewares.CustomExceptionHandlerMiddleware | url: https://localhost/api/v1/Branch/Create | action: Create
2019-06-24 14:32:15.5094 | ERROR | An error occurred during the activation of a particular registration. See the inner exception for details. Registration: Activator = BranchBL (ReflectionActivator), Services = [Alsahab.Setting.BL.IBaseBL`3[[Alsahab.Setting.Entities.Models.Branch, Alsahab.Setting.Entities, Version=1.0.0.0, Culture=neutral, PublicKeyToken=null],[Alsahab.Setting.DTO.BranchDTO, Alsahab.Setting.DTO, Version=1.0.0.0, Culture=neutral, PublicKeyToken=null],[Alsahab.Setting.DTO.BranchFilterDTO, Alsahab.Setting.DTO, Version=1.0.0.0, Culture=neutral, PublicKeyToken=null]], Alsahab.Setting.Common.IScopedDependency], Lifetime = Autofac.Core.Lifetime.CurrentScopeLifetime, Sharing = Shared, Ownership = OwnedByLifetimeScope ---> None of the constructors found with 'Autofac.Core.Activators.Reflection.DefaultConstructorFinder' on type 'Alsahab.Setting.BL.BranchBL' can be invoked with the available services and parameters:
Cannot resolve parameter 'Alsahab.Setting.DTO.IBaseValidator`1[Alsahab.Setting.DTO.BranchDTO] branchValidator' of constructor 'Void .ctor(Alsahab.Setting.Data.Contracts.IBaseDL`3[Alsahab.Setting.Entities.Models.Branch,Alsahab.Setting.DTO.BranchDTO,Alsahab.Setting.DTO.BranchFilterDTO], Alsahab.Setting.DTO.IBaseValidator`1[Alsahab.Setting.DTO.BranchDTO])'. (See inner exception for details.) | Autofac.Core.DependencyResolutionException: An error occurred during the activation of a particular registration. See the inner exception for details. Registration: Activator = BranchBL (ReflectionActivator), Services = [Alsahab.Setting.BL.IBaseBL`3[[Alsahab.Setting.Entities.Models.Branch, Alsahab.Setting.Entities, Version=1.0.0.0, Culture=neutral, PublicKeyToken=null],[Alsahab.Setting.DTO.BranchDTO, Alsahab.Setting.DTO, Version=1.0.0.0, Culture=neutral, PublicKeyToken=null],[Alsahab.Setting.DTO.BranchFilterDTO, Alsahab.Setting.DTO, Version=1.0.0.0, Culture=neutral, PublicKeyToken=null]], Alsahab.Setting.Common.IScopedDependency], Lifetime = Autofac.Core.Lifetime.CurrentScopeLifetime, Sharing = Shared, Ownership = OwnedByLifetimeScope ---> None of the constructors found with 'Autofac.Core.Activators.Reflection.DefaultConstructorFinder' on type 'Alsahab.Setting.BL.BranchBL' can be invoked with the available services and parameters:
Cannot resolve parameter 'Alsahab.Setting.DTO.IBaseValidator`1[Alsahab.Setting.DTO.BranchDTO] branchValidator' of constructor 'Void .ctor(Alsahab.Setting.Data.Contracts.IBaseDL`3[Alsahab.Setting.Entities.Models.Branch,Alsahab.Setting.DTO.BranchDTO,Alsahab.Setting.DTO.BranchFilterDTO], Alsahab.Setting.DTO.IBaseValidator`1[Alsahab.Setting.DTO.BranchDTO])'. (See inner exception for details.) ---> Autofac.Core.DependencyResolutionException: None of the constructors found with 'Autofac.Core.Activators.Reflection.DefaultConstructorFinder' on type 'Alsahab.Setting.BL.BranchBL' can be invoked with the available services and parameters:
Cannot resolve parameter 'Alsahab.Setting.DTO.IBaseValidator`1[Alsahab.Setting.DTO.BranchDTO] branchValidator' of constructor 'Void .ctor(Alsahab.Setting.Data.Contracts.IBaseDL`3[Alsahab.Setting.Entities.Models.Branch,Alsahab.Setting.DTO.BranchDTO,Alsahab.Setting.DTO.BranchFilterDTO], Alsahab.Setting.DTO.IBaseValidator`1[Alsahab.Setting.DTO.BranchDTO])'.
   at Autofac.Core.Activators.Reflection.ReflectionActivator.GetValidConstructorBindings(IComponentContext context, IEnumerable`1 parameters)
   at Autofac.Core.Activators.Reflection.ReflectionActivator.ActivateInstance(IComponentContext context, IEnumerable`1 parameters)
   at Autofac.Core.Resolving.InstanceLookup.Activate(IEnumerable`1 parameters)
   --- End of inner exception stack trace ---
   at Autofac.Core.Resolving.InstanceLookup.Activate(IEnumerable`1 parameters)
   at Autofac.Core.Lifetime.LifetimeScope.GetOrCreateAndShare(Guid id, Func`1 creator)
   at Autofac.Core.Resolving.InstanceLookup.Execute()
   at Autofac.Core.Resolving.ResolveOperation.GetOrCreateInstance(ISharingLifetimeScope currentOperationScope, IComponentRegistration registration, IEnumerable`1 parameters)
   at Autofac.Core.Resolving.ResolveOperation.Execute(IComponentRegistration registration, IEnumerable`1 parameters)
   at Autofac.ResolutionExtensions.TryResolveService(IComponentContext context, Service service, IEnumerable`1 parameters, Object& instance)
   at Autofac.ResolutionExtensions.ResolveOptionalService(IComponentContext context, Service service, IEnumerable`1 parameters)
   at Microsoft.Extensions.DependencyInjection.ActivatorUtilities.GetService(IServiceProvider sp, Type type, Type requiredBy, Boolean isDefaultParameterRequired)
   at lambda_method(Closure , IServiceProvider , Object[] )
   at Microsoft.AspNetCore.Mvc.Controllers.ControllerActivatorProvider.<>c__DisplayClass4_0.<CreateActivator>b__0(ControllerContext controllerContext)
   at Microsoft.AspNetCore.Mvc.Controllers.ControllerFactoryProvider.<>c__DisplayClass5_0.<CreateControllerFactory>g__CreateController|0(ControllerContext controllerContext)
   at Microsoft.AspNetCore.Mvc.Internal.ControllerActionInvoker.Next(State& next, Scope& scope, Object& state, Boolean& isCompleted)
   at Microsoft.AspNetCore.Mvc.Internal.ControllerActionInvoker.InvokeInnerFilterAsync()
   at Microsoft.AspNetCore.Mvc.Internal.ResourceInvoker.InvokeFilterPipelineAsync()
   at Microsoft.AspNetCore.Mvc.Internal.ResourceInvoker.InvokeAsync()
   at Microsoft.AspNetCore.Builder.RouterMiddleware.Invoke(HttpContext httpContext)
   at Microsoft.AspNetCore.Builder.RouterMiddleware.Invoke(HttpContext httpContext)
   at Microsoft.AspNetCore.Authentication.AuthenticationMiddleware.Invoke(HttpContext context)
   at Microsoft.AspNetCore.StaticFiles.StaticFileMiddleware.Invoke(HttpContext context)
   at Swashbuckle.AspNetCore.SwaggerUI.SwaggerUIMiddleware.Invoke(HttpContext httpContext)
   at Swashbuckle.AspNetCore.Swagger.SwaggerMiddleware.Invoke(HttpContext httpContext, ISwaggerProvider swaggerProvider)
   at Alsahab.Setting.WebFramework.Middlewares.CustomExceptionHandlerMiddleware.Invoke(HttpContext context) in /home/mohammad/Documents/company/Alsahab.Setting/Alsahab.Setting.WebFramework/Middlewares/CustomExceptionHandlerMiddleware.cs:line 46 | Alsahab.Setting.WebFramework.Middlewares.CustomExceptionHandlerMiddleware | url: https://localhost/api/v1/Branch/Create | action: Create
2019-06-24 14:36:39.2896 | ERROR | An error occurred during the activation of a particular registration. See the inner exception for details. Registration: Activator = BranchBL (ReflectionActivator), Services = [Alsahab.Setting.BL.IBaseBL`3[[Alsahab.Setting.Entities.Models.Branch, Alsahab.Setting.Entities, Version=1.0.0.0, Culture=neutral, PublicKeyToken=null],[Alsahab.Setting.DTO.BranchDTO, Alsahab.Setting.DTO, Version=1.0.0.0, Culture=neutral, PublicKeyToken=null],[Alsahab.Setting.DTO.BranchFilterDTO, Alsahab.Setting.DTO, Version=1.0.0.0, Culture=neutral, PublicKeyToken=null]], Alsahab.Setting.Common.IScopedDependency], Lifetime = Autofac.Core.Lifetime.CurrentScopeLifetime, Sharing = Shared, Ownership = OwnedByLifetimeScope ---> None of the constructors found with 'Autofac.Core.Activators.Reflection.DefaultConstructorFinder' on type 'Alsahab.Setting.BL.BranchBL' can be invoked with the available services and parameters:
Cannot resolve parameter 'Alsahab.Setting.DTO.IBaseValidator`1[Alsahab.Setting.DTO.BranchDTO] branchValidator' of constructor 'Void .ctor(Alsahab.Setting.Data.Contracts.IBaseDL`3[Alsahab.Setting.Entities.Models.Branch,Alsahab.Setting.DTO.BranchDTO,Alsahab.Setting.DTO.BranchFilterDTO], Alsahab.Setting.DTO.IBaseValidator`1[Alsahab.Setting.DTO.BranchDTO])'. (See inner exception for details.) | Autofac.Core.DependencyResolutionException: An error occurred during the activation of a particular registration. See the inner exception for details. Registration: Activator = BranchBL (ReflectionActivator), Services = [Alsahab.Setting.BL.IBaseBL`3[[Alsahab.Setting.Entities.Models.Branch, Alsahab.Setting.Entities, Version=1.0.0.0, Culture=neutral, PublicKeyToken=null],[Alsahab.Setting.DTO.BranchDTO, Alsahab.Setting.DTO, Version=1.0.0.0, Culture=neutral, PublicKeyToken=null],[Alsahab.Setting.DTO.BranchFilterDTO, Alsahab.Setting.DTO, Version=1.0.0.0, Culture=neutral, PublicKeyToken=null]], Alsahab.Setting.Common.IScopedDependency], Lifetime = Autofac.Core.Lifetime.CurrentScopeLifetime, Sharing = Shared, Ownership = OwnedByLifetimeScope ---> None of the constructors found with 'Autofac.Core.Activators.Reflection.DefaultConstructorFinder' on type 'Alsahab.Setting.BL.BranchBL' can be invoked with the available services and parameters:
Cannot resolve parameter 'Alsahab.Setting.DTO.IBaseValidator`1[Alsahab.Setting.DTO.BranchDTO] branchValidator' of constructor 'Void .ctor(Alsahab.Setting.Data.Contracts.IBaseDL`3[Alsahab.Setting.Entities.Models.Branch,Alsahab.Setting.DTO.BranchDTO,Alsahab.Setting.DTO.BranchFilterDTO], Alsahab.Setting.DTO.IBaseValidator`1[Alsahab.Setting.DTO.BranchDTO])'. (See inner exception for details.) ---> Autofac.Core.DependencyResolutionException: None of the constructors found with 'Autofac.Core.Activators.Reflection.DefaultConstructorFinder' on type 'Alsahab.Setting.BL.BranchBL' can be invoked with the available services and parameters:
Cannot resolve parameter 'Alsahab.Setting.DTO.IBaseValidator`1[Alsahab.Setting.DTO.BranchDTO] branchValidator' of constructor 'Void .ctor(Alsahab.Setting.Data.Contracts.IBaseDL`3[Alsahab.Setting.Entities.Models.Branch,Alsahab.Setting.DTO.BranchDTO,Alsahab.Setting.DTO.BranchFilterDTO], Alsahab.Setting.DTO.IBaseValidator`1[Alsahab.Setting.DTO.BranchDTO])'.
   at Autofac.Core.Activators.Reflection.ReflectionActivator.GetValidConstructorBindings(IComponentContext context, IEnumerable`1 parameters)
   at Autofac.Core.Activators.Reflection.ReflectionActivator.ActivateInstance(IComponentContext context, IEnumerable`1 parameters)
   at Autofac.Core.Resolving.InstanceLookup.Activate(IEnumerable`1 parameters)
   --- End of inner exception stack trace ---
   at Autofac.Core.Resolving.InstanceLookup.Activate(IEnumerable`1 parameters)
   at Autofac.Core.Lifetime.LifetimeScope.GetOrCreateAndShare(Guid id, Func`1 creator)
   at Autofac.Core.Resolving.InstanceLookup.Execute()
   at Autofac.Core.Resolving.ResolveOperation.GetOrCreateInstance(ISharingLifetimeScope currentOperationScope, IComponentRegistration registration, IEnumerable`1 parameters)
   at Autofac.Core.Resolving.ResolveOperation.Execute(IComponentRegistration registration, IEnumerable`1 parameters)
   at Autofac.ResolutionExtensions.TryResolveService(IComponentContext context, Service service, IEnumerable`1 parameters, Object& instance)
   at Autofac.ResolutionExtensions.ResolveOptionalService(IComponentContext context, Service service, IEnumerable`1 parameters)
   at Microsoft.Extensions.DependencyInjection.ActivatorUtilities.GetService(IServiceProvider sp, Type type, Type requiredBy, Boolean isDefaultParameterRequired)
   at lambda_method(Closure , IServiceProvider , Object[] )
   at Microsoft.AspNetCore.Mvc.Controllers.ControllerActivatorProvider.<>c__DisplayClass4_0.<CreateActivator>b__0(ControllerContext controllerContext)
   at Microsoft.AspNetCore.Mvc.Controllers.ControllerFactoryProvider.<>c__DisplayClass5_0.<CreateControllerFactory>g__CreateController|0(ControllerContext controllerContext)
   at Microsoft.AspNetCore.Mvc.Internal.ControllerActionInvoker.Next(State& next, Scope& scope, Object& state, Boolean& isCompleted)
   at Microsoft.AspNetCore.Mvc.Internal.ControllerActionInvoker.InvokeInnerFilterAsync()
   at Microsoft.AspNetCore.Mvc.Internal.ResourceInvoker.InvokeFilterPipelineAsync()
   at Microsoft.AspNetCore.Mvc.Internal.ResourceInvoker.InvokeAsync()
   at Microsoft.AspNetCore.Builder.RouterMiddleware.Invoke(HttpContext httpContext)
   at Microsoft.AspNetCore.Builder.RouterMiddleware.Invoke(HttpContext httpContext)
   at Microsoft.AspNetCore.Authentication.AuthenticationMiddleware.Invoke(HttpContext context)
   at Microsoft.AspNetCore.StaticFiles.StaticFileMiddleware.Invoke(HttpContext context)
   at Swashbuckle.AspNetCore.SwaggerUI.SwaggerUIMiddleware.Invoke(HttpContext httpContext)
   at Swashbuckle.AspNetCore.Swagger.SwaggerMiddleware.Invoke(HttpContext httpContext, ISwaggerProvider swaggerProvider)
   at Alsahab.Setting.WebFramework.Middlewares.CustomExceptionHandlerMiddleware.Invoke(HttpContext context) in /home/mohammad/Documents/company/Alsahab.Setting/Alsahab.Setting.WebFramework/Middlewares/CustomExceptionHandlerMiddleware.cs:line 46 | Alsahab.Setting.WebFramework.Middlewares.CustomExceptionHandlerMiddleware | url: https://localhost/api/v1/Branch/Create | action: Create
2019-06-24 14:38:09.1307 | ERROR | An error occurred during the activation of a particular registration. See the inner exception for details. Registration: Activator = BranchBL (ReflectionActivator), Services = [Alsahab.Setting.BL.IBaseBL`3[[Alsahab.Setting.Entities.Models.Branch, Alsahab.Setting.Entities, Version=1.0.0.0, Culture=neutral, PublicKeyToken=null],[Alsahab.Setting.DTO.BranchDTO, Alsahab.Setting.DTO, Version=1.0.0.0, Culture=neutral, PublicKeyToken=null],[Alsahab.Setting.DTO.BranchFilterDTO, Alsahab.Setting.DTO, Version=1.0.0.0, Culture=neutral, PublicKeyToken=null]], Alsahab.Setting.Common.IScopedDependency], Lifetime = Autofac.Core.Lifetime.CurrentScopeLifetime, Sharing = Shared, Ownership = OwnedByLifetimeScope ---> None of the constructors found with 'Autofac.Core.Activators.Reflection.DefaultConstructorFinder' on type 'Alsahab.Setting.BL.BranchBL' can be invoked with the available services and parameters:
Cannot resolve parameter 'Alsahab.Setting.DTO.IBaseValidator`1[Alsahab.Setting.DTO.BranchDTO] branchValidator' of constructor 'Void .ctor(Alsahab.Setting.Data.Contracts.IBaseDL`3[Alsahab.Setting.Entities.Models.Branch,Alsahab.Setting.DTO.BranchDTO,Alsahab.Setting.DTO.BranchFilterDTO], Alsahab.Setting.DTO.IBaseValidator`1[Alsahab.Setting.DTO.BranchDTO])'. (See inner exception for details.) | Autofac.Core.DependencyResolutionException: An error occurred during the activation of a particular registration. See the inner exception for details. Registration: Activator = BranchBL (ReflectionActivator), Services = [Alsahab.Setting.BL.IBaseBL`3[[Alsahab.Setting.Entities.Models.Branch, Alsahab.Setting.Entities, Version=1.0.0.0, Culture=neutral, PublicKeyToken=null],[Alsahab.Setting.DTO.BranchDTO, Alsahab.Setting.DTO, Version=1.0.0.0, Culture=neutral, PublicKeyToken=null],[Alsahab.Setting.DTO.BranchFilterDTO, Alsahab.Setting.DTO, Version=1.0.0.0, Culture=neutral, PublicKeyToken=null]], Alsahab.Setting.Common.IScopedDependency], Lifetime = Autofac.Core.Lifetime.CurrentScopeLifetime, Sharing = Shared, Ownership = OwnedByLifetimeScope ---> None of the constructors found with 'Autofac.Core.Activators.Reflection.DefaultConstructorFinder' on type 'Alsahab.Setting.BL.BranchBL' can be invoked with the available services and parameters:
Cannot resolve parameter 'Alsahab.Setting.DTO.IBaseValidator`1[Alsahab.Setting.DTO.BranchDTO] branchValidator' of constructor 'Void .ctor(Alsahab.Setting.Data.Contracts.IBaseDL`3[Alsahab.Setting.Entities.Models.Branch,Alsahab.Setting.DTO.BranchDTO,Alsahab.Setting.DTO.BranchFilterDTO], Alsahab.Setting.DTO.IBaseValidator`1[Alsahab.Setting.DTO.BranchDTO])'. (See inner exception for details.) ---> Autofac.Core.DependencyResolutionException: None of the constructors found with 'Autofac.Core.Activators.Reflection.DefaultConstructorFinder' on type 'Alsahab.Setting.BL.BranchBL' can be invoked with the available services and parameters:
Cannot resolve parameter 'Alsahab.Setting.DTO.IBaseValidator`1[Alsahab.Setting.DTO.BranchDTO] branchValidator' of constructor 'Void .ctor(Alsahab.Setting.Data.Contracts.IBaseDL`3[Alsahab.Setting.Entities.Models.Branch,Alsahab.Setting.DTO.BranchDTO,Alsahab.Setting.DTO.BranchFilterDTO], Alsahab.Setting.DTO.IBaseValidator`1[Alsahab.Setting.DTO.BranchDTO])'.
   at Autofac.Core.Activators.Reflection.ReflectionActivator.GetValidConstructorBindings(IComponentContext context, IEnumerable`1 parameters)
   at Autofac.Core.Activators.Reflection.ReflectionActivator.ActivateInstance(IComponentContext context, IEnumerable`1 parameters)
   at Autofac.Core.Resolving.InstanceLookup.Activate(IEnumerable`1 parameters)
   --- End of inner exception stack trace ---
   at Autofac.Core.Resolving.InstanceLookup.Activate(IEnumerable`1 parameters)
   at Autofac.Core.Lifetime.LifetimeScope.GetOrCreateAndShare(Guid id, Func`1 creator)
   at Autofac.Core.Resolving.InstanceLookup.Execute()
   at Autofac.Core.Resolving.ResolveOperation.GetOrCreateInstance(ISharingLifetimeScope currentOperationScope, IComponentRegistration registration, IEnumerable`1 parameters)
   at Autofac.Core.Resolving.ResolveOperation.Execute(IComponentRegistration registration, IEnumerable`1 parameters)
   at Autofac.ResolutionExtensions.TryResolveService(IComponentContext context, Service service, IEnumerable`1 parameters, Object& instance)
   at Autofac.ResolutionExtensions.ResolveOptionalService(IComponentContext context, Service service, IEnumerable`1 parameters)
   at Microsoft.Extensions.DependencyInjection.ActivatorUtilities.GetService(IServiceProvider sp, Type type, Type requiredBy, Boolean isDefaultParameterRequired)
   at lambda_method(Closure , IServiceProvider , Object[] )
   at Microsoft.AspNetCore.Mvc.Controllers.ControllerActivatorProvider.<>c__DisplayClass4_0.<CreateActivator>b__0(ControllerContext controllerContext)
   at Microsoft.AspNetCore.Mvc.Controllers.ControllerFactoryProvider.<>c__DisplayClass5_0.<CreateControllerFactory>g__CreateController|0(ControllerContext controllerContext)
   at Microsoft.AspNetCore.Mvc.Internal.ControllerActionInvoker.Next(State& next, Scope& scope, Object& state, Boolean& isCompleted)
   at Microsoft.AspNetCore.Mvc.Internal.ControllerActionInvoker.InvokeInnerFilterAsync()
   at Microsoft.AspNetCore.Mvc.Internal.ResourceInvoker.InvokeFilterPipelineAsync()
   at Microsoft.AspNetCore.Mvc.Internal.ResourceInvoker.InvokeAsync()
   at Microsoft.AspNetCore.Builder.RouterMiddleware.Invoke(HttpContext httpContext)
   at Microsoft.AspNetCore.Builder.RouterMiddleware.Invoke(HttpContext httpContext)
   at Microsoft.AspNetCore.Authentication.AuthenticationMiddleware.Invoke(HttpContext context)
   at Microsoft.AspNetCore.StaticFiles.StaticFileMiddleware.Invoke(HttpContext context)
   at Swashbuckle.AspNetCore.SwaggerUI.SwaggerUIMiddleware.Invoke(HttpContext httpContext)
   at Swashbuckle.AspNetCore.Swagger.SwaggerMiddleware.Invoke(HttpContext httpContext, ISwaggerProvider swaggerProvider)
   at Alsahab.Setting.WebFramework.Middlewares.CustomExceptionHandlerMiddleware.Invoke(HttpContext context) in /home/mohammad/Documents/company/Alsahab.Setting/Alsahab.Setting.WebFramework/Middlewares/CustomExceptionHandlerMiddleware.cs:line 46 | Alsahab.Setting.WebFramework.Middlewares.CustomExceptionHandlerMiddleware | url: https://localhost/api/v1/Branch/Create | action: Create
2019-06-24 15:00:01.7369 | ERROR | An error occurred during the activation of a particular registration. See the inner exception for details. Registration: Activator = BranchBL (ReflectionActivator), Services = [FluentValidation.IValidator`1[[Alsahab.Setting.DTO.BranchDTO, Alsahab.Setting.DTO, Version=1.0.0.0, Culture=neutral, PublicKeyToken=null]], FluentValidation.IValidator, System.Collections.Generic.IEnumerable`1[[FluentValidation.IValidationRule, FluentValidation, Version=8.0.0.0, Culture=neutral, PublicKeyToken=7de548da2fbae0f0]], System.Collections.IEnumerable, Alsahab.Setting.DTO.IBaseValidator`1[[Alsahab.Setting.DTO.BranchDTO, Alsahab.Setting.DTO, Version=1.0.0.0, Culture=neutral, PublicKeyToken=null]], Alsahab.Setting.BL.IBaseBL`3[[Alsahab.Setting.Entities.Models.Branch, Alsahab.Setting.Entities, Version=1.0.0.0, Culture=neutral, PublicKeyToken=null],[Alsahab.Setting.DTO.BranchDTO, Alsahab.Setting.DTO, Version=1.0.0.0, Culture=neutral, PublicKeyToken=null],[Alsahab.Setting.DTO.BranchFilterDTO, Alsahab.Setting.DTO, Version=1.0.0.0, Culture=neutral, PublicKeyToken=null]], Alsahab.Setting.Common.IScopedDependency], Lifetime = Autofac.Core.Lifetime.CurrentScopeLifetime, Sharing = Shared, Ownership = OwnedByLifetimeScope ---> Circular component dependency detected: Alsahab.Setting.BL.BranchBL -> Alsahab.Setting.BL.BranchBL. (See inner exception for details.) | Autofac.Core.DependencyResolutionException: An error occurred during the activation of a particular registration. See the inner exception for details. Registration: Activator = BranchBL (ReflectionActivator), Services = [FluentValidation.IValidator`1[[Alsahab.Setting.DTO.BranchDTO, Alsahab.Setting.DTO, Version=1.0.0.0, Culture=neutral, PublicKeyToken=null]], FluentValidation.IValidator, System.Collections.Generic.IEnumerable`1[[FluentValidation.IValidationRule, FluentValidation, Version=8.0.0.0, Culture=neutral, PublicKeyToken=7de548da2fbae0f0]], System.Collections.IEnumerable, Alsahab.Setting.DTO.IBaseValidator`1[[Alsahab.Setting.DTO.BranchDTO, Alsahab.Setting.DTO, Version=1.0.0.0, Culture=neutral, PublicKeyToken=null]], Alsahab.Setting.BL.IBaseBL`3[[Alsahab.Setting.Entities.Models.Branch, Alsahab.Setting.Entities, Version=1.0.0.0, Culture=neutral, PublicKeyToken=null],[Alsahab.Setting.DTO.BranchDTO, Alsahab.Setting.DTO, Version=1.0.0.0, Culture=neutral, PublicKeyToken=null],[Alsahab.Setting.DTO.BranchFilterDTO, Alsahab.Setting.DTO, Version=1.0.0.0, Culture=neutral, PublicKeyToken=null]], Alsahab.Setting.Common.IScopedDependency], Lifetime = Autofac.Core.Lifetime.CurrentScopeLifetime, Sharing = Shared, Ownership = OwnedByLifetimeScope ---> Circular component dependency detected: Alsahab.Setting.BL.BranchBL -> Alsahab.Setting.BL.BranchBL. (See inner exception for details.) ---> Autofac.Core.DependencyResolutionException: Circular component dependency detected: Alsahab.Setting.BL.BranchBL -> Alsahab.Setting.BL.BranchBL.
   at Autofac.Core.Resolving.CircularDependencyDetector.CheckForCircularDependency(IComponentRegistration registration, Stack`1 activationStack, Int32 callDepth)
   at Autofac.Core.Resolving.ResolveOperation.GetOrCreateInstance(ISharingLifetimeScope currentOperationScope, IComponentRegistration registration, IEnumerable`1 parameters)
   at Autofac.Core.Activators.Reflection.ConstructorParameterBinding.Instantiate()
   at Autofac.Core.Activators.Reflection.ReflectionActivator.ActivateInstance(IComponentContext context, IEnumerable`1 parameters)
   at Autofac.Core.Resolving.InstanceLookup.Activate(IEnumerable`1 parameters)
   --- End of inner exception stack trace ---
   at Autofac.Core.Resolving.InstanceLookup.Activate(IEnumerable`1 parameters)
   at Autofac.Core.Lifetime.LifetimeScope.GetOrCreateAndShare(Guid id, Func`1 creator)
   at Autofac.Core.Resolving.InstanceLookup.Execute()
   at Autofac.Core.Resolving.ResolveOperation.GetOrCreateInstance(ISharingLifetimeScope currentOperationScope, IComponentRegistration registration, IEnumerable`1 parameters)
   at Autofac.Core.Resolving.ResolveOperation.Execute(IComponentRegistration registration, IEnumerable`1 parameters)
   at Autofac.ResolutionExtensions.TryResolveService(IComponentContext context, Service service, IEnumerable`1 parameters, Object& instance)
   at Autofac.ResolutionExtensions.ResolveOptionalService(IComponentContext context, Service service, IEnumerable`1 parameters)
   at Microsoft.Extensions.DependencyInjection.ActivatorUtilities.GetService(IServiceProvider sp, Type type, Type requiredBy, Boolean isDefaultParameterRequired)
   at lambda_method(Closure , IServiceProvider , Object[] )
   at Microsoft.AspNetCore.Mvc.Controllers.ControllerActivatorProvider.<>c__DisplayClass4_0.<CreateActivator>b__0(ControllerContext controllerContext)
   at Microsoft.AspNetCore.Mvc.Controllers.ControllerFactoryProvider.<>c__DisplayClass5_0.<CreateControllerFactory>g__CreateController|0(ControllerContext controllerContext)
   at Microsoft.AspNetCore.Mvc.Internal.ControllerActionInvoker.Next(State& next, Scope& scope, Object& state, Boolean& isCompleted)
   at Microsoft.AspNetCore.Mvc.Internal.ControllerActionInvoker.InvokeInnerFilterAsync()
   at Microsoft.AspNetCore.Mvc.Internal.ResourceInvoker.InvokeFilterPipelineAsync()
   at Microsoft.AspNetCore.Mvc.Internal.ResourceInvoker.InvokeAsync()
   at Microsoft.AspNetCore.Builder.RouterMiddleware.Invoke(HttpContext httpContext)
   at Microsoft.AspNetCore.Builder.RouterMiddleware.Invoke(HttpContext httpContext)
   at Microsoft.AspNetCore.Authentication.AuthenticationMiddleware.Invoke(HttpContext context)
   at Microsoft.AspNetCore.StaticFiles.StaticFileMiddleware.Invoke(HttpContext context)
   at Swashbuckle.AspNetCore.SwaggerUI.SwaggerUIMiddleware.Invoke(HttpContext httpContext)
   at Swashbuckle.AspNetCore.Swagger.SwaggerMiddleware.Invoke(HttpContext httpContext, ISwaggerProvider swaggerProvider)
   at Alsahab.Setting.WebFramework.Middlewares.CustomExceptionHandlerMiddleware.Invoke(HttpContext context) in /home/mohammad/Documents/company/Alsahab.Setting/Alsahab.Setting.WebFramework/Middlewares/CustomExceptionHandlerMiddleware.cs:line 46 | Alsahab.Setting.WebFramework.Middlewares.CustomExceptionHandlerMiddleware | url: https://localhost/api/v1/Branch/Create | action: Create
2019-06-24 15:01:12.3633 | ERROR | An error occurred during the activation of a particular registration. See the inner exception for details. Registration: Activator = BranchBL (ReflectionActivator), Services = [FluentValidation.IValidator`1[[Alsahab.Setting.DTO.BranchDTO, Alsahab.Setting.DTO, Version=1.0.0.0, Culture=neutral, PublicKeyToken=null]], FluentValidation.IValidator, System.Collections.Generic.IEnumerable`1[[FluentValidation.IValidationRule, FluentValidation, Version=8.0.0.0, Culture=neutral, PublicKeyToken=7de548da2fbae0f0]], System.Collections.IEnumerable, Alsahab.Setting.DTO.IBaseValidator`1[[Alsahab.Setting.DTO.BranchDTO, Alsahab.Setting.DTO, Version=1.0.0.0, Culture=neutral, PublicKeyToken=null]], Alsahab.Setting.BL.IBaseBL`3[[Alsahab.Setting.Entities.Models.Branch, Alsahab.Setting.Entities, Version=1.0.0.0, Culture=neutral, PublicKeyToken=null],[Alsahab.Setting.DTO.BranchDTO, Alsahab.Setting.DTO, Version=1.0.0.0, Culture=neutral, PublicKeyToken=null],[Alsahab.Setting.DTO.BranchFilterDTO, Alsahab.Setting.DTO, Version=1.0.0.0, Culture=neutral, PublicKeyToken=null]], Alsahab.Setting.Common.IScopedDependency], Lifetime = Autofac.Core.Lifetime.CurrentScopeLifetime, Sharing = Shared, Ownership = OwnedByLifetimeScope ---> Circular component dependency detected: Alsahab.Setting.BL.BranchBL -> Alsahab.Setting.BL.BranchBL. (See inner exception for details.) | Autofac.Core.DependencyResolutionException: An error occurred during the activation of a particular registration. See the inner exception for details. Registration: Activator = BranchBL (ReflectionActivator), Services = [FluentValidation.IValidator`1[[Alsahab.Setting.DTO.BranchDTO, Alsahab.Setting.DTO, Version=1.0.0.0, Culture=neutral, PublicKeyToken=null]], FluentValidation.IValidator, System.Collections.Generic.IEnumerable`1[[FluentValidation.IValidationRule, FluentValidation, Version=8.0.0.0, Culture=neutral, PublicKeyToken=7de548da2fbae0f0]], System.Collections.IEnumerable, Alsahab.Setting.DTO.IBaseValidator`1[[Alsahab.Setting.DTO.BranchDTO, Alsahab.Setting.DTO, Version=1.0.0.0, Culture=neutral, PublicKeyToken=null]], Alsahab.Setting.BL.IBaseBL`3[[Alsahab.Setting.Entities.Models.Branch, Alsahab.Setting.Entities, Version=1.0.0.0, Culture=neutral, PublicKeyToken=null],[Alsahab.Setting.DTO.BranchDTO, Alsahab.Setting.DTO, Version=1.0.0.0, Culture=neutral, PublicKeyToken=null],[Alsahab.Setting.DTO.BranchFilterDTO, Alsahab.Setting.DTO, Version=1.0.0.0, Culture=neutral, PublicKeyToken=null]], Alsahab.Setting.Common.IScopedDependency], Lifetime = Autofac.Core.Lifetime.CurrentScopeLifetime, Sharing = Shared, Ownership = OwnedByLifetimeScope ---> Circular component dependency detected: Alsahab.Setting.BL.BranchBL -> Alsahab.Setting.BL.BranchBL. (See inner exception for details.) ---> Autofac.Core.DependencyResolutionException: Circular component dependency detected: Alsahab.Setting.BL.BranchBL -> Alsahab.Setting.BL.BranchBL.
   at Autofac.Core.Resolving.CircularDependencyDetector.CheckForCircularDependency(IComponentRegistration registration, Stack`1 activationStack, Int32 callDepth)
   at Autofac.Core.Resolving.ResolveOperation.GetOrCreateInstance(ISharingLifetimeScope currentOperationScope, IComponentRegistration registration, IEnumerable`1 parameters)
   at Autofac.Core.Activators.Reflection.ConstructorParameterBinding.Instantiate()
   at Autofac.Core.Activators.Reflection.ReflectionActivator.ActivateInstance(IComponentContext context, IEnumerable`1 parameters)
   at Autofac.Core.Resolving.InstanceLookup.Activate(IEnumerable`1 parameters)
   --- End of inner exception stack trace ---
   at Autofac.Core.Resolving.InstanceLookup.Activate(IEnumerable`1 parameters)
   at Autofac.Core.Lifetime.LifetimeScope.GetOrCreateAndShare(Guid id, Func`1 creator)
   at Autofac.Core.Resolving.InstanceLookup.Execute()
   at Autofac.Core.Resolving.ResolveOperation.GetOrCreateInstance(ISharingLifetimeScope currentOperationScope, IComponentRegistration registration, IEnumerable`1 parameters)
   at Autofac.Core.Resolving.ResolveOperation.Execute(IComponentRegistration registration, IEnumerable`1 parameters)
   at Autofac.ResolutionExtensions.TryResolveService(IComponentContext context, Service service, IEnumerable`1 parameters, Object& instance)
   at Autofac.ResolutionExtensions.ResolveOptionalService(IComponentContext context, Service service, IEnumerable`1 parameters)
   at Microsoft.Extensions.DependencyInjection.ActivatorUtilities.GetService(IServiceProvider sp, Type type, Type requiredBy, Boolean isDefaultParameterRequired)
   at lambda_method(Closure , IServiceProvider , Object[] )
   at Microsoft.AspNetCore.Mvc.Controllers.ControllerActivatorProvider.<>c__DisplayClass4_0.<CreateActivator>b__0(ControllerContext controllerContext)
   at Microsoft.AspNetCore.Mvc.Controllers.ControllerFactoryProvider.<>c__DisplayClass5_0.<CreateControllerFactory>g__CreateController|0(ControllerContext controllerContext)
   at Microsoft.AspNetCore.Mvc.Internal.ControllerActionInvoker.Next(State& next, Scope& scope, Object& state, Boolean& isCompleted)
   at Microsoft.AspNetCore.Mvc.Internal.ControllerActionInvoker.InvokeInnerFilterAsync()
   at Microsoft.AspNetCore.Mvc.Internal.ResourceInvoker.InvokeFilterPipelineAsync()
   at Microsoft.AspNetCore.Mvc.Internal.ResourceInvoker.InvokeAsync()
   at Microsoft.AspNetCore.Builder.RouterMiddleware.Invoke(HttpContext httpContext)
   at Microsoft.AspNetCore.Authentication.AuthenticationMiddleware.Invoke(HttpContext context)
   at Microsoft.AspNetCore.StaticFiles.StaticFileMiddleware.Invoke(HttpContext context)
   at Swashbuckle.AspNetCore.SwaggerUI.SwaggerUIMiddleware.Invoke(HttpContext httpContext)
   at Swashbuckle.AspNetCore.Swagger.SwaggerMiddleware.Invoke(HttpContext httpContext, ISwaggerProvider swaggerProvider)
   at Alsahab.Setting.WebFramework.Middlewares.CustomExceptionHandlerMiddleware.Invoke(HttpContext context) in /home/mohammad/Documents/company/Alsahab.Setting/Alsahab.Setting.WebFramework/Middlewares/CustomExceptionHandlerMiddleware.cs:line 46 | Alsahab.Setting.WebFramework.Middlewares.CustomExceptionHandlerMiddleware | url: https://localhost/api/v1/Branch/Create | action: Create
