2019-06-18 19:56:28.3367 | ERROR | Failed executing DbCommand (60ms) [Parameters=[@p0='?' (DbType = Int64), @p1='?' (DbType = Int64), @p2='?' (Size = 50), @p3='?' (Size = 50), @p4='?' (Size = 50), @p5='?' (Size = 4000), @p6='?' (DbType = DateTime), @p7='?' (DbType = Int64), @p8='?' (DbType = Int64), @p9='?' (DbType = Boolean), @p10='?' (DbType = Boolean), @p11='?' (DbType = Int64), @p12='?' (Size = 50), @p13='?' (DbType = Int64), @p14='?' (DbType = Int64), @p15='?' (Size = 50)], CommandType='Text', CommandTimeout='30']
SET NOCOUNT ON;
INSERT INTO [Branches] ([ID], [BranchAddressID], [BranchEmail], [BranchPhoneNo], [Code], [Comment], [CreateDate], [Depth], [HeadPersonID], [IsCentral], [IsDeleted], [LeftIndex], [OldCode], [ParentID], [RightIndex], [Title])
VALUES (@p0, @p1, @p2, @p3, @p4, @p5, @p6, @p7, @p8, @p9, @p10, @p11, @p12, @p13, @p14, @p15); | System.Data.SqlClient.SqlException (0x80131904): Cannot insert explicit value for identity column in table 'Branches' when IDENTITY_INSERT is set to OFF.
   at System.Data.SqlClient.SqlCommand.<>c.<ExecuteDbDataReaderAsync>b__122_0(Task`1 result)
   at System.Threading.Tasks.ContinuationResultTaskFromResultTask`2.InnerInvoke()
   at System.Threading.ExecutionContext.RunInternal(ExecutionContext executionContext, ContextCallback callback, Object state)
--- End of stack trace from previous location where exception was thrown ---
   at System.Threading.Tasks.Task.ExecuteWithThreadLocal(Task& currentTaskSlot)
--- End of stack trace from previous location where exception was thrown ---
   at Microsoft.EntityFrameworkCore.Storage.Internal.RelationalCommand.ExecuteAsync(IRelationalConnection connection, DbCommandMethod executeMethod, IReadOnlyDictionary`2 parameterValues, CancellationToken cancellationToken)
ClientConnectionId:c65e2bca-1f25-47d3-95bc-474b8a9f57bc
Error Number:544,State:1,Class:16 | Microsoft.EntityFrameworkCore.Database.Command | url: https://localhost/api/v1/Branch | action: Create
2019-06-18 19:56:28.4428 | ERROR | An exception occurred in the database while saving changes for context type 'Alsahab.Setting.Data.ApplicationDbContext'.
Microsoft.EntityFrameworkCore.DbUpdateException: An error occurred while updating the entries. See the inner exception for details. ---> System.Data.SqlClient.SqlException: Cannot insert explicit value for identity column in table 'Branches' when IDENTITY_INSERT is set to OFF.
   at System.Data.SqlClient.SqlCommand.<>c.<ExecuteDbDataReaderAsync>b__122_0(Task`1 result)
   at System.Threading.Tasks.ContinuationResultTaskFromResultTask`2.InnerInvoke()
   at System.Threading.ExecutionContext.RunInternal(ExecutionContext executionContext, ContextCallback callback, Object state)
--- End of stack trace from previous location where exception was thrown ---
   at System.Threading.Tasks.Task.ExecuteWithThreadLocal(Task& currentTaskSlot)
--- End of stack trace from previous location where exception was thrown ---
   at Microsoft.EntityFrameworkCore.Storage.Internal.RelationalCommand.ExecuteAsync(IRelationalConnection connection, DbCommandMethod executeMethod, IReadOnlyDictionary`2 parameterValues, CancellationToken cancellationToken)
   at Microsoft.EntityFrameworkCore.Update.ReaderModificationCommandBatch.ExecuteAsync(IRelationalConnection connection, CancellationToken cancellationToken)
   --- End of inner exception stack trace ---
   at Microsoft.EntityFrameworkCore.Update.ReaderModificationCommandBatch.ExecuteAsync(IRelationalConnection connection, CancellationToken cancellationToken)
   at Microsoft.EntityFrameworkCore.Update.Internal.BatchExecutor.ExecuteAsync(DbContext _, ValueTuple`2 parameters, CancellationToken cancellationToken)
   at Microsoft.EntityFrameworkCore.SqlServer.Storage.Internal.SqlServerExecutionStrategy.ExecuteAsync[TState,TResult](TState state, Func`4 operation, Func`4 verifySucceeded, CancellationToken cancellationToken)
   at Microsoft.EntityFrameworkCore.ChangeTracking.Internal.StateManager.SaveChangesAsync(IReadOnlyList`1 entriesToSave, CancellationToken cancellationToken)
   at Microsoft.EntityFrameworkCore.ChangeTracking.Internal.StateManager.SaveChangesAsync(Boolean acceptAllChangesOnSuccess, CancellationToken cancellationToken)
   at Microsoft.EntityFrameworkCore.DbContext.SaveChangesAsync(Boolean acceptAllChangesOnSuccess, CancellationToken cancellationToken) | Microsoft.EntityFrameworkCore.DbUpdateException: An error occurred while updating the entries. See the inner exception for details. ---> System.Data.SqlClient.SqlException: Cannot insert explicit value for identity column in table 'Branches' when IDENTITY_INSERT is set to OFF.
   at System.Data.SqlClient.SqlCommand.<>c.<ExecuteDbDataReaderAsync>b__122_0(Task`1 result)
   at System.Threading.Tasks.ContinuationResultTaskFromResultTask`2.InnerInvoke()
   at System.Threading.ExecutionContext.RunInternal(ExecutionContext executionContext, ContextCallback callback, Object state)
--- End of stack trace from previous location where exception was thrown ---
   at System.Threading.Tasks.Task.ExecuteWithThreadLocal(Task& currentTaskSlot)
--- End of stack trace from previous location where exception was thrown ---
   at Microsoft.EntityFrameworkCore.Storage.Internal.RelationalCommand.ExecuteAsync(IRelationalConnection connection, DbCommandMethod executeMethod, IReadOnlyDictionary`2 parameterValues, CancellationToken cancellationToken)
   at Microsoft.EntityFrameworkCore.Update.ReaderModificationCommandBatch.ExecuteAsync(IRelationalConnection connection, CancellationToken cancellationToken)
   --- End of inner exception stack trace ---
   at Microsoft.EntityFrameworkCore.Update.ReaderModificationCommandBatch.ExecuteAsync(IRelationalConnection connection, CancellationToken cancellationToken)
   at Microsoft.EntityFrameworkCore.Update.Internal.BatchExecutor.ExecuteAsync(DbContext _, ValueTuple`2 parameters, CancellationToken cancellationToken)
   at Microsoft.EntityFrameworkCore.SqlServer.Storage.Internal.SqlServerExecutionStrategy.ExecuteAsync[TState,TResult](TState state, Func`4 operation, Func`4 verifySucceeded, CancellationToken cancellationToken)
   at Microsoft.EntityFrameworkCore.ChangeTracking.Internal.StateManager.SaveChangesAsync(IReadOnlyList`1 entriesToSave, CancellationToken cancellationToken)
   at Microsoft.EntityFrameworkCore.ChangeTracking.Internal.StateManager.SaveChangesAsync(Boolean acceptAllChangesOnSuccess, CancellationToken cancellationToken)
   at Microsoft.EntityFrameworkCore.DbContext.SaveChangesAsync(Boolean acceptAllChangesOnSuccess, CancellationToken cancellationToken) | Microsoft.EntityFrameworkCore.Update | url: https://localhost/api/v1/Branch | action: Create
2019-06-18 19:56:29.4307 | ERROR | An error occurred while updating the entries. See the inner exception for details. | Microsoft.EntityFrameworkCore.DbUpdateException: An error occurred while updating the entries. See the inner exception for details. ---> System.Data.SqlClient.SqlException: Cannot insert explicit value for identity column in table 'Branches' when IDENTITY_INSERT is set to OFF.
   at System.Data.SqlClient.SqlCommand.<>c.<ExecuteDbDataReaderAsync>b__122_0(Task`1 result)
   at System.Threading.Tasks.ContinuationResultTaskFromResultTask`2.InnerInvoke()
   at System.Threading.ExecutionContext.RunInternal(ExecutionContext executionContext, ContextCallback callback, Object state)
--- End of stack trace from previous location where exception was thrown ---
   at System.Threading.Tasks.Task.ExecuteWithThreadLocal(Task& currentTaskSlot)
--- End of stack trace from previous location where exception was thrown ---
   at Microsoft.EntityFrameworkCore.Storage.Internal.RelationalCommand.ExecuteAsync(IRelationalConnection connection, DbCommandMethod executeMethod, IReadOnlyDictionary`2 parameterValues, CancellationToken cancellationToken)
   at Microsoft.EntityFrameworkCore.Update.ReaderModificationCommandBatch.ExecuteAsync(IRelationalConnection connection, CancellationToken cancellationToken)
   --- End of inner exception stack trace ---
   at Microsoft.EntityFrameworkCore.Update.ReaderModificationCommandBatch.ExecuteAsync(IRelationalConnection connection, CancellationToken cancellationToken)
   at Microsoft.EntityFrameworkCore.Update.Internal.BatchExecutor.ExecuteAsync(DbContext _, ValueTuple`2 parameters, CancellationToken cancellationToken)
   at Microsoft.EntityFrameworkCore.SqlServer.Storage.Internal.SqlServerExecutionStrategy.ExecuteAsync[TState,TResult](TState state, Func`4 operation, Func`4 verifySucceeded, CancellationToken cancellationToken)
   at Microsoft.EntityFrameworkCore.ChangeTracking.Internal.StateManager.SaveChangesAsync(IReadOnlyList`1 entriesToSave, CancellationToken cancellationToken)
   at Microsoft.EntityFrameworkCore.ChangeTracking.Internal.StateManager.SaveChangesAsync(Boolean acceptAllChangesOnSuccess, CancellationToken cancellationToken)
   at Microsoft.EntityFrameworkCore.DbContext.SaveChangesAsync(Boolean acceptAllChangesOnSuccess, CancellationToken cancellationToken)
   at Alsahab.Setting.Data.Repositories.BaseDL`3.AddAsync(TDto dto, CancellationToken cancellationToken, Boolean saveNow) in /home/mohammad/Documents/company/Alsahab.Setting/Alsahab.Setting.Data/Repositories/BaseDL.cs:line 51
   at Alsahab.Setting.BL.BranchBL.InsertAsync(BranchDTO data, CancellationToken cancellationToken) in /home/mohammad/Documents/company/Alsahab.Setting/Alsahab.Setting.BL/Services/BranchBL.cs:line 230
   at Alsahab.Setting.WebFramework.Api.CrudController`2.Create(TDto dto, CancellationToken cancellationToken) in /home/mohammad/Documents/company/Alsahab.Setting/Alsahab.Setting.MyAPI/Controllers/v1/CrudController.cs:line 81
   at lambda_method(Closure , Object )
   at Microsoft.Extensions.Internal.ObjectMethodExecutorAwaitable.Awaiter.GetResult()
   at Microsoft.AspNetCore.Mvc.Internal.ActionMethodExecutor.AwaitableObjectResultExecutor.Execute(IActionResultTypeMapper mapper, ObjectMethodExecutor executor, Object controller, Object[] arguments)
   at System.Threading.Tasks.ValueTask`1.get_Result()
   at Microsoft.AspNetCore.Mvc.Internal.ControllerActionInvoker.InvokeActionMethodAsync()
   at Microsoft.AspNetCore.Mvc.Internal.ControllerActionInvoker.InvokeNextActionFilterAsync()
   at Microsoft.AspNetCore.Mvc.Internal.ControllerActionInvoker.Rethrow(ActionExecutedContext context)
   at Microsoft.AspNetCore.Mvc.Internal.ControllerActionInvoker.Next(State& next, Scope& scope, Object& state, Boolean& isCompleted)
   at Microsoft.AspNetCore.Mvc.Internal.ControllerActionInvoker.InvokeInnerFilterAsync()
   at Microsoft.AspNetCore.Mvc.Internal.ResourceInvoker.InvokeFilterPipelineAsync()
   at Microsoft.AspNetCore.Mvc.Internal.ResourceInvoker.InvokeAsync()
   at Microsoft.AspNetCore.Builder.RouterMiddleware.Invoke(HttpContext httpContext)
   at Microsoft.AspNetCore.Authentication.AuthenticationMiddleware.Invoke(HttpContext context)
   at Microsoft.AspNetCore.StaticFiles.StaticFileMiddleware.Invoke(HttpContext context)
   at Swashbuckle.AspNetCore.SwaggerUI.SwaggerUIMiddleware.Invoke(HttpContext httpContext)
   at Swashbuckle.AspNetCore.Swagger.SwaggerMiddleware.Invoke(HttpContext httpContext, ISwaggerProvider swaggerProvider)
   at Alsahab.Setting.WebFramework.Middlewares.CustomExceptionHandlerMiddleware.Invoke(HttpContext context) in /home/mohammad/Documents/company/Alsahab.Setting/Alsahab.Setting.WebFramework/Middlewares/CustomExceptionHandlerMiddleware.cs:line 46 | Alsahab.Setting.WebFramework.Middlewares.CustomExceptionHandlerMiddleware | url: https://localhost/api/v1/Branch | action: Create
2019-06-18 19:57:13.1905 | ERROR | The method or operation is not implemented. | System.NotImplementedException: The method or operation is not implemented.
   at Alsahab.Setting.BL.BaseBL`2.UpdateAsync(Dto data, CancellationToken cancellationToken) in /home/mohammad/Documents/company/Alsahab.Setting/Alsahab.Setting.BL/Services/BaseBL.cs:line 80
   at Alsahab.Setting.WebFramework.Api.CrudController`2.Update(TDto dto, CancellationToken cancellationToken) in /home/mohammad/Documents/company/Alsahab.Setting/Alsahab.Setting.MyAPI/Controllers/v1/CrudController.cs:line 97
   at lambda_method(Closure , Object )
   at Microsoft.Extensions.Internal.ObjectMethodExecutorAwaitable.Awaiter.GetResult()
   at Microsoft.AspNetCore.Mvc.Internal.ActionMethodExecutor.AwaitableObjectResultExecutor.Execute(IActionResultTypeMapper mapper, ObjectMethodExecutor executor, Object controller, Object[] arguments)
   at System.Threading.Tasks.ValueTask`1.get_Result()
   at Microsoft.AspNetCore.Mvc.Internal.ControllerActionInvoker.InvokeActionMethodAsync()
   at Microsoft.AspNetCore.Mvc.Internal.ControllerActionInvoker.InvokeNextActionFilterAsync()
   at Microsoft.AspNetCore.Mvc.Internal.ControllerActionInvoker.Rethrow(ActionExecutedContext context)
   at Microsoft.AspNetCore.Mvc.Internal.ControllerActionInvoker.Next(State& next, Scope& scope, Object& state, Boolean& isCompleted)
   at Microsoft.AspNetCore.Mvc.Internal.ControllerActionInvoker.InvokeInnerFilterAsync()
   at Microsoft.AspNetCore.Mvc.Internal.ResourceInvoker.InvokeFilterPipelineAsync()
   at Microsoft.AspNetCore.Mvc.Internal.ResourceInvoker.InvokeAsync()
   at Microsoft.AspNetCore.Builder.RouterMiddleware.Invoke(HttpContext httpContext)
   at Microsoft.AspNetCore.Builder.RouterMiddleware.Invoke(HttpContext httpContext)
   at Microsoft.AspNetCore.Authentication.AuthenticationMiddleware.Invoke(HttpContext context)
   at Microsoft.AspNetCore.StaticFiles.StaticFileMiddleware.Invoke(HttpContext context)
   at Swashbuckle.AspNetCore.SwaggerUI.SwaggerUIMiddleware.Invoke(HttpContext httpContext)
   at Swashbuckle.AspNetCore.Swagger.SwaggerMiddleware.Invoke(HttpContext httpContext, ISwaggerProvider swaggerProvider)
   at Alsahab.Setting.WebFramework.Middlewares.CustomExceptionHandlerMiddleware.Invoke(HttpContext context) in /home/mohammad/Documents/company/Alsahab.Setting/Alsahab.Setting.WebFramework/Middlewares/CustomExceptionHandlerMiddleware.cs:line 46 | Alsahab.Setting.WebFramework.Middlewares.CustomExceptionHandlerMiddleware | url: https://localhost/api/v1/Branch | action: Update
2019-06-18 20:13:38.2534 | ERROR | Entity type 'Branch' is defined with a single key property, but 2 values were passed to the 'DbSet.Find' method. | System.ArgumentException: Entity type 'Branch' is defined with a single key property, but 2 values were passed to the 'DbSet.Find' method.
   at Microsoft.EntityFrameworkCore.Internal.EntityFinder`1.FindTracked(Object[] keyValues, IReadOnlyList`1& keyProperties)
   at Microsoft.EntityFrameworkCore.Internal.EntityFinder`1.FindAsync(Object[] keyValues, CancellationToken cancellationToken)
   at Microsoft.EntityFrameworkCore.Internal.InternalDbSet`1.FindAsync(Object[] keyValues)
   at Alsahab.Setting.Data.Repositories.BaseDL`3.UpdateAsync(TDto dto, CancellationToken cancellationToken, Boolean saveNow) in /home/mohammad/Documents/company/Alsahab.Setting/Alsahab.Setting.Data/Repositories/BaseDL.cs:line 63
   at Alsahab.Setting.BL.BranchBL.UpdateAsync(BranchDTO data, CancellationToken cancellationToken) in /home/mohammad/Documents/company/Alsahab.Setting/Alsahab.Setting.BL/Services/BranchBL.cs:line 220
   at Alsahab.Setting.WebFramework.Api.CrudController`2.Update(TDto dto, CancellationToken cancellationToken) in /home/mohammad/Documents/company/Alsahab.Setting/Alsahab.Setting.MyAPI/Controllers/v1/CrudController.cs:line 97
   at lambda_method(Closure , Object )
   at Microsoft.Extensions.Internal.ObjectMethodExecutorAwaitable.Awaiter.GetResult()
   at Microsoft.AspNetCore.Mvc.Internal.ActionMethodExecutor.AwaitableObjectResultExecutor.Execute(IActionResultTypeMapper mapper, ObjectMethodExecutor executor, Object controller, Object[] arguments)
   at System.Threading.Tasks.ValueTask`1.get_Result()
   at Microsoft.AspNetCore.Mvc.Internal.ControllerActionInvoker.InvokeActionMethodAsync()
   at Microsoft.AspNetCore.Mvc.Internal.ControllerActionInvoker.InvokeNextActionFilterAsync()
   at Microsoft.AspNetCore.Mvc.Internal.ControllerActionInvoker.Rethrow(ActionExecutedContext context)
   at Microsoft.AspNetCore.Mvc.Internal.ControllerActionInvoker.Next(State& next, Scope& scope, Object& state, Boolean& isCompleted)
   at Microsoft.AspNetCore.Mvc.Internal.ControllerActionInvoker.InvokeInnerFilterAsync()
   at Microsoft.AspNetCore.Mvc.Internal.ResourceInvoker.InvokeFilterPipelineAsync()
   at Microsoft.AspNetCore.Mvc.Internal.ResourceInvoker.InvokeAsync()
   at Microsoft.AspNetCore.Builder.RouterMiddleware.Invoke(HttpContext httpContext)
   at Microsoft.AspNetCore.Builder.RouterMiddleware.Invoke(HttpContext httpContext)
   at Microsoft.AspNetCore.Authentication.AuthenticationMiddleware.Invoke(HttpContext context)
   at Microsoft.AspNetCore.StaticFiles.StaticFileMiddleware.Invoke(HttpContext context)
   at Swashbuckle.AspNetCore.SwaggerUI.SwaggerUIMiddleware.Invoke(HttpContext httpContext)
   at Swashbuckle.AspNetCore.Swagger.SwaggerMiddleware.Invoke(HttpContext httpContext, ISwaggerProvider swaggerProvider)
   at Alsahab.Setting.WebFramework.Middlewares.CustomExceptionHandlerMiddleware.Invoke(HttpContext context) in /home/mohammad/Documents/company/Alsahab.Setting/Alsahab.Setting.WebFramework/Middlewares/CustomExceptionHandlerMiddleware.cs:line 46 | Alsahab.Setting.WebFramework.Middlewares.CustomExceptionHandlerMiddleware | url: https://localhost/api/v1/Branch | action: Update
2019-06-18 20:15:19.9803 | ERROR | Entity type 'Branch' is defined with a single key property, but 2 values were passed to the 'DbSet.Find' method. | System.ArgumentException: Entity type 'Branch' is defined with a single key property, but 2 values were passed to the 'DbSet.Find' method.
   at Microsoft.EntityFrameworkCore.Internal.EntityFinder`1.FindTracked(Object[] keyValues, IReadOnlyList`1& keyProperties)
   at Microsoft.EntityFrameworkCore.Internal.EntityFinder`1.FindAsync(Object[] keyValues, CancellationToken cancellationToken)
   at Microsoft.EntityFrameworkCore.Internal.InternalDbSet`1.FindAsync(Object[] keyValues)
   at Alsahab.Setting.Data.Repositories.BaseDL`3.UpdateAsync(TDto dto, CancellationToken cancellationToken, Boolean saveNow) in /home/mohammad/Documents/company/Alsahab.Setting/Alsahab.Setting.Data/Repositories/BaseDL.cs:line 63
   at Alsahab.Setting.BL.BranchBL.UpdateAsync(BranchDTO data, CancellationToken cancellationToken) in /home/mohammad/Documents/company/Alsahab.Setting/Alsahab.Setting.BL/Services/BranchBL.cs:line 220
   at Alsahab.Setting.WebFramework.Api.CrudController`2.Update(TDto dto, CancellationToken cancellationToken) in /home/mohammad/Documents/company/Alsahab.Setting/Alsahab.Setting.MyAPI/Controllers/v1/CrudController.cs:line 97
   at lambda_method(Closure , Object )
   at Microsoft.Extensions.Internal.ObjectMethodExecutorAwaitable.Awaiter.GetResult()
   at Microsoft.AspNetCore.Mvc.Internal.ActionMethodExecutor.AwaitableObjectResultExecutor.Execute(IActionResultTypeMapper mapper, ObjectMethodExecutor executor, Object controller, Object[] arguments)
   at System.Threading.Tasks.ValueTask`1.get_Result()
   at Microsoft.AspNetCore.Mvc.Internal.ControllerActionInvoker.InvokeActionMethodAsync()
   at Microsoft.AspNetCore.Mvc.Internal.ControllerActionInvoker.InvokeNextActionFilterAsync()
   at Microsoft.AspNetCore.Mvc.Internal.ControllerActionInvoker.Rethrow(ActionExecutedContext context)
   at Microsoft.AspNetCore.Mvc.Internal.ControllerActionInvoker.Next(State& next, Scope& scope, Object& state, Boolean& isCompleted)
   at Microsoft.AspNetCore.Mvc.Internal.ControllerActionInvoker.InvokeInnerFilterAsync()
   at Microsoft.AspNetCore.Mvc.Internal.ResourceInvoker.InvokeFilterPipelineAsync()
   at Microsoft.AspNetCore.Mvc.Internal.ResourceInvoker.InvokeAsync()
   at Microsoft.AspNetCore.Builder.RouterMiddleware.Invoke(HttpContext httpContext)
   at Microsoft.AspNetCore.Authentication.AuthenticationMiddleware.Invoke(HttpContext context)
   at Microsoft.AspNetCore.StaticFiles.StaticFileMiddleware.Invoke(HttpContext context)
   at Swashbuckle.AspNetCore.SwaggerUI.SwaggerUIMiddleware.Invoke(HttpContext httpContext)
   at Swashbuckle.AspNetCore.Swagger.SwaggerMiddleware.Invoke(HttpContext httpContext, ISwaggerProvider swaggerProvider)
   at Alsahab.Setting.WebFramework.Middlewares.CustomExceptionHandlerMiddleware.Invoke(HttpContext context) in /home/mohammad/Documents/company/Alsahab.Setting/Alsahab.Setting.WebFramework/Middlewares/CustomExceptionHandlerMiddleware.cs:line 46 | Alsahab.Setting.WebFramework.Middlewares.CustomExceptionHandlerMiddleware | url: https://localhost/api/v1/Branch | action: Update
2019-06-18 20:18:50.6625 | ERROR | The method or operation is not implemented. | System.NotImplementedException: The method or operation is not implemented.
   at Alsahab.Setting.BL.BaseBL`2.DeleteAsync(Dto data, CancellationToken cancellationToken) in /home/mohammad/Documents/company/Alsahab.Setting/Alsahab.Setting.BL/Services/BaseBL.cs:line 102
   at Alsahab.Setting.WebFramework.Api.CrudController`2.Delete(TDto dto, CancellationToken cancellationToken) in /home/mohammad/Documents/company/Alsahab.Setting/Alsahab.Setting.MyAPI/Controllers/v1/CrudController.cs:line 103
   at lambda_method(Closure , Object )
   at Microsoft.Extensions.Internal.ObjectMethodExecutorAwaitable.Awaiter.GetResult()
   at Microsoft.AspNetCore.Mvc.Internal.ActionMethodExecutor.AwaitableObjectResultExecutor.Execute(IActionResultTypeMapper mapper, ObjectMethodExecutor executor, Object controller, Object[] arguments)
   at System.Threading.Tasks.ValueTask`1.get_Result()
   at Microsoft.AspNetCore.Mvc.Internal.ControllerActionInvoker.InvokeActionMethodAsync()
   at Microsoft.AspNetCore.Mvc.Internal.ControllerActionInvoker.InvokeNextActionFilterAsync()
   at Microsoft.AspNetCore.Mvc.Internal.ControllerActionInvoker.Rethrow(ActionExecutedContext context)
   at Microsoft.AspNetCore.Mvc.Internal.ControllerActionInvoker.Next(State& next, Scope& scope, Object& state, Boolean& isCompleted)
   at Microsoft.AspNetCore.Mvc.Internal.ControllerActionInvoker.InvokeInnerFilterAsync()
   at Microsoft.AspNetCore.Mvc.Internal.ResourceInvoker.InvokeFilterPipelineAsync()
   at Microsoft.AspNetCore.Mvc.Internal.ResourceInvoker.InvokeAsync()
   at Microsoft.AspNetCore.Builder.RouterMiddleware.Invoke(HttpContext httpContext)
   at Microsoft.AspNetCore.Builder.RouterMiddleware.Invoke(HttpContext httpContext)
   at Microsoft.AspNetCore.Authentication.AuthenticationMiddleware.Invoke(HttpContext context)
   at Microsoft.AspNetCore.StaticFiles.StaticFileMiddleware.Invoke(HttpContext context)
   at Swashbuckle.AspNetCore.SwaggerUI.SwaggerUIMiddleware.Invoke(HttpContext httpContext)
   at Swashbuckle.AspNetCore.Swagger.SwaggerMiddleware.Invoke(HttpContext httpContext, ISwaggerProvider swaggerProvider)
   at Alsahab.Setting.WebFramework.Middlewares.CustomExceptionHandlerMiddleware.Invoke(HttpContext context) in /home/mohammad/Documents/company/Alsahab.Setting/Alsahab.Setting.WebFramework/Middlewares/CustomExceptionHandlerMiddleware.cs:line 46 | Alsahab.Setting.WebFramework.Middlewares.CustomExceptionHandlerMiddleware | url: https://localhost/api/v1/Branch | action: Delete
2019-06-18 20:23:18.3310 | ERROR | Entity type 'Branch' is defined with a single key property, but 2 values were passed to the 'DbSet.Find' method. | System.ArgumentException: Entity type 'Branch' is defined with a single key property, but 2 values were passed to the 'DbSet.Find' method.
   at Microsoft.EntityFrameworkCore.Internal.EntityFinder`1.FindTracked(Object[] keyValues, IReadOnlyList`1& keyProperties)
   at Microsoft.EntityFrameworkCore.Internal.EntityFinder`1.FindAsync(Object[] keyValues, CancellationToken cancellationToken)
   at Microsoft.EntityFrameworkCore.Internal.InternalDbSet`1.FindAsync(Object[] keyValues)
   at Alsahab.Setting.Data.Repositories.BaseDL`3.DeleteAsync(TDto dto, CancellationToken cancellationToken, Boolean saveNow) in /home/mohammad/Documents/company/Alsahab.Setting/Alsahab.Setting.Data/Repositories/BaseDL.cs:line 82
   at Alsahab.Setting.BL.BranchBL.DeleteAsync(BranchDTO data, CancellationToken cancellationToken) in /home/mohammad/Documents/company/Alsahab.Setting/Alsahab.Setting.BL/Services/BranchBL.cs:line 225
   at Alsahab.Setting.WebFramework.Api.CrudController`2.Delete(TDto dto, CancellationToken cancellationToken) in /home/mohammad/Documents/company/Alsahab.Setting/Alsahab.Setting.MyAPI/Controllers/v1/CrudController.cs:line 103
   at lambda_method(Closure , Object )
   at Microsoft.Extensions.Internal.ObjectMethodExecutorAwaitable.Awaiter.GetResult()
   at Microsoft.AspNetCore.Mvc.Internal.ActionMethodExecutor.AwaitableObjectResultExecutor.Execute(IActionResultTypeMapper mapper, ObjectMethodExecutor executor, Object controller, Object[] arguments)
   at System.Threading.Tasks.ValueTask`1.get_Result()
   at Microsoft.AspNetCore.Mvc.Internal.ControllerActionInvoker.InvokeActionMethodAsync()
   at Microsoft.AspNetCore.Mvc.Internal.ControllerActionInvoker.InvokeNextActionFilterAsync()
   at Microsoft.AspNetCore.Mvc.Internal.ControllerActionInvoker.Rethrow(ActionExecutedContext context)
   at Microsoft.AspNetCore.Mvc.Internal.ControllerActionInvoker.Next(State& next, Scope& scope, Object& state, Boolean& isCompleted)
   at Microsoft.AspNetCore.Mvc.Internal.ControllerActionInvoker.InvokeInnerFilterAsync()
   at Microsoft.AspNetCore.Mvc.Internal.ResourceInvoker.InvokeFilterPipelineAsync()
   at Microsoft.AspNetCore.Mvc.Internal.ResourceInvoker.InvokeAsync()
   at Microsoft.AspNetCore.Builder.RouterMiddleware.Invoke(HttpContext httpContext)
   at Microsoft.AspNetCore.Builder.RouterMiddleware.Invoke(HttpContext httpContext)
   at Microsoft.AspNetCore.Authentication.AuthenticationMiddleware.Invoke(HttpContext context)
   at Microsoft.AspNetCore.StaticFiles.StaticFileMiddleware.Invoke(HttpContext context)
   at Swashbuckle.AspNetCore.SwaggerUI.SwaggerUIMiddleware.Invoke(HttpContext httpContext)
   at Swashbuckle.AspNetCore.Swagger.SwaggerMiddleware.Invoke(HttpContext httpContext, ISwaggerProvider swaggerProvider)
   at Alsahab.Setting.WebFramework.Middlewares.CustomExceptionHandlerMiddleware.Invoke(HttpContext context) in /home/mohammad/Documents/company/Alsahab.Setting/Alsahab.Setting.WebFramework/Middlewares/CustomExceptionHandlerMiddleware.cs:line 46 | Alsahab.Setting.WebFramework.Middlewares.CustomExceptionHandlerMiddleware | url: https://localhost/api/v1/Branch | action: Delete
2019-06-18 20:27:18.3565 | ERROR | HTTP method "POST" & path "api/v{version}/Branch" overloaded by actions - Alsahab.Setting.WebFramework.Api.BranchController.Create (Alsahab.Setting.MyAPI),Alsahab.Setting.WebFramework.Api.BranchController.Get (Alsahab.Setting.MyAPI). Actions require unique method/path combination for Swagger 2.0. Use ConflictingActionsResolver as a workaround | System.NotSupportedException: HTTP method "POST" & path "api/v{version}/Branch" overloaded by actions - Alsahab.Setting.WebFramework.Api.BranchController.Create (Alsahab.Setting.MyAPI),Alsahab.Setting.WebFramework.Api.BranchController.Get (Alsahab.Setting.MyAPI). Actions require unique method/path combination for Swagger 2.0. Use ConflictingActionsResolver as a workaround
   at Swashbuckle.AspNetCore.SwaggerGen.SwaggerGenerator.CreatePathItem(IEnumerable`1 apiDescriptions, ISchemaRegistry schemaRegistry)
   at System.Linq.Enumerable.ToDictionary[TSource,TKey,TElement](IEnumerable`1 source, Func`2 keySelector, Func`2 elementSelector, IEqualityComparer`1 comparer)
   at Swashbuckle.AspNetCore.SwaggerGen.SwaggerGenerator.GetSwagger(String documentName, String host, String basePath, String[] schemes)
   at Swashbuckle.AspNetCore.Swagger.SwaggerMiddleware.Invoke(HttpContext httpContext, ISwaggerProvider swaggerProvider)
   at Alsahab.Setting.WebFramework.Middlewares.CustomExceptionHandlerMiddleware.Invoke(HttpContext context) in /home/mohammad/Documents/company/Alsahab.Setting/Alsahab.Setting.WebFramework/Middlewares/CustomExceptionHandlerMiddleware.cs:line 46 | Alsahab.Setting.WebFramework.Middlewares.CustomExceptionHandlerMiddleware | url: https://localhost/swagger/v1/swagger.json | action: 
2019-06-18 20:32:52.6838 | ERROR | HTTP method "POST" & path "api/v{version}/Branch" overloaded by actions - Alsahab.Setting.WebFramework.Api.BranchController.Create (Alsahab.Setting.MyAPI),Alsahab.Setting.WebFramework.Api.BranchController.Add (Alsahab.Setting.MyAPI). Actions require unique method/path combination for Swagger 2.0. Use ConflictingActionsResolver as a workaround | System.NotSupportedException: HTTP method "POST" & path "api/v{version}/Branch" overloaded by actions - Alsahab.Setting.WebFramework.Api.BranchController.Create (Alsahab.Setting.MyAPI),Alsahab.Setting.WebFramework.Api.BranchController.Add (Alsahab.Setting.MyAPI). Actions require unique method/path combination for Swagger 2.0. Use ConflictingActionsResolver as a workaround
   at Swashbuckle.AspNetCore.SwaggerGen.SwaggerGenerator.CreatePathItem(IEnumerable`1 apiDescriptions, ISchemaRegistry schemaRegistry)
   at System.Linq.Enumerable.ToDictionary[TSource,TKey,TElement](IEnumerable`1 source, Func`2 keySelector, Func`2 elementSelector, IEqualityComparer`1 comparer)
   at Swashbuckle.AspNetCore.SwaggerGen.SwaggerGenerator.GetSwagger(String documentName, String host, String basePath, String[] schemes)
   at Swashbuckle.AspNetCore.Swagger.SwaggerMiddleware.Invoke(HttpContext httpContext, ISwaggerProvider swaggerProvider)
   at Alsahab.Setting.WebFramework.Middlewares.CustomExceptionHandlerMiddleware.Invoke(HttpContext context) in /home/mohammad/Documents/company/Alsahab.Setting/Alsahab.Setting.WebFramework/Middlewares/CustomExceptionHandlerMiddleware.cs:line 46 | Alsahab.Setting.WebFramework.Middlewares.CustomExceptionHandlerMiddleware | url: https://localhost/swagger/v1/swagger.json | action: 
2019-06-18 20:37:48.2551 | ERROR | Unable to cast object of type 'System.Collections.Generic.List`1[System.Nullable`1[System.Int64]]' to type 'System.Int64'. | System.InvalidCastException: Unable to cast object of type 'System.Collections.Generic.List`1[System.Nullable`1[System.Int64]]' to type 'System.Int64'.
   at Alsahab.Setting.Data.Repositories.BaseDL`3.Get(TFilterDto filterDto, CancellationToken cancellationToken) in /home/mohammad/Documents/company/Alsahab.Setting/Alsahab.Setting.Data/Repositories/BaseDL.cs:line 102
   at Alsahab.Setting.BL.BranchBL.Get(BranchFilterDTO filter, CancellationToken cancellationToken) in /home/mohammad/Documents/company/Alsahab.Setting/Alsahab.Setting.BL/Services/BranchBL.cs:line 215
   at Alsahab.Setting.WebFramework.Api.CrudController`2.Get(TFilteDto filter, CancellationToken cancellationToken) in /home/mohammad/Documents/company/Alsahab.Setting/Alsahab.Setting.MyAPI/Controllers/v1/CrudController.cs:line 91
   at lambda_method(Closure , Object )
   at Microsoft.Extensions.Internal.ObjectMethodExecutorAwaitable.Awaiter.GetResult()
   at Microsoft.AspNetCore.Mvc.Internal.ActionMethodExecutor.AwaitableObjectResultExecutor.Execute(IActionResultTypeMapper mapper, ObjectMethodExecutor executor, Object controller, Object[] arguments)
   at System.Threading.Tasks.ValueTask`1.get_Result()
   at Microsoft.AspNetCore.Mvc.Internal.ControllerActionInvoker.InvokeActionMethodAsync()
   at Microsoft.AspNetCore.Mvc.Internal.ControllerActionInvoker.InvokeNextActionFilterAsync()
   at Microsoft.AspNetCore.Mvc.Internal.ControllerActionInvoker.Rethrow(ActionExecutedContext context)
   at Microsoft.AspNetCore.Mvc.Internal.ControllerActionInvoker.Next(State& next, Scope& scope, Object& state, Boolean& isCompleted)
   at Microsoft.AspNetCore.Mvc.Internal.ControllerActionInvoker.InvokeInnerFilterAsync()
   at Microsoft.AspNetCore.Mvc.Internal.ResourceInvoker.InvokeFilterPipelineAsync()
   at Microsoft.AspNetCore.Mvc.Internal.ResourceInvoker.InvokeAsync()
   at Microsoft.AspNetCore.Builder.RouterMiddleware.Invoke(HttpContext httpContext)
   at Microsoft.AspNetCore.Builder.RouterMiddleware.Invoke(HttpContext httpContext)
   at Microsoft.AspNetCore.Authentication.AuthenticationMiddleware.Invoke(HttpContext context)
   at Microsoft.AspNetCore.StaticFiles.StaticFileMiddleware.Invoke(HttpContext context)
   at Swashbuckle.AspNetCore.SwaggerUI.SwaggerUIMiddleware.Invoke(HttpContext httpContext)
   at Swashbuckle.AspNetCore.Swagger.SwaggerMiddleware.Invoke(HttpContext httpContext, ISwaggerProvider swaggerProvider)
   at Alsahab.Setting.WebFramework.Middlewares.CustomExceptionHandlerMiddleware.Invoke(HttpContext context) in /home/mohammad/Documents/company/Alsahab.Setting/Alsahab.Setting.WebFramework/Middlewares/CustomExceptionHandlerMiddleware.cs:line 46 | Alsahab.Setting.WebFramework.Middlewares.CustomExceptionHandlerMiddleware | url: https://localhost/api/v1/Branch/Get | action: Get
2019-06-18 20:39:07.8210 | ERROR | Unable to cast object of type 'System.Collections.Generic.List`1[System.Nullable`1[System.Int64]]' to type 'System.Int64'. | System.InvalidCastException: Unable to cast object of type 'System.Collections.Generic.List`1[System.Nullable`1[System.Int64]]' to type 'System.Int64'.
   at Alsahab.Setting.Data.Repositories.BaseDL`3.Get(TFilterDto filterDto, CancellationToken cancellationToken) in /home/mohammad/Documents/company/Alsahab.Setting/Alsahab.Setting.Data/Repositories/BaseDL.cs:line 102
   at Alsahab.Setting.BL.BranchBL.Get(BranchFilterDTO filter, CancellationToken cancellationToken) in /home/mohammad/Documents/company/Alsahab.Setting/Alsahab.Setting.BL/Services/BranchBL.cs:line 215
   at Alsahab.Setting.WebFramework.Api.CrudController`2.Get(TFilteDto filter, CancellationToken cancellationToken) in /home/mohammad/Documents/company/Alsahab.Setting/Alsahab.Setting.MyAPI/Controllers/v1/CrudController.cs:line 91
   at lambda_method(Closure , Object )
   at Microsoft.Extensions.Internal.ObjectMethodExecutorAwaitable.Awaiter.GetResult()
   at Microsoft.AspNetCore.Mvc.Internal.ActionMethodExecutor.AwaitableObjectResultExecutor.Execute(IActionResultTypeMapper mapper, ObjectMethodExecutor executor, Object controller, Object[] arguments)
   at System.Threading.Tasks.ValueTask`1.get_Result()
   at Microsoft.AspNetCore.Mvc.Internal.ControllerActionInvoker.InvokeActionMethodAsync()
   at Microsoft.AspNetCore.Mvc.Internal.ControllerActionInvoker.InvokeNextActionFilterAsync()
   at Microsoft.AspNetCore.Mvc.Internal.ControllerActionInvoker.Rethrow(ActionExecutedContext context)
   at Microsoft.AspNetCore.Mvc.Internal.ControllerActionInvoker.Next(State& next, Scope& scope, Object& state, Boolean& isCompleted)
   at Microsoft.AspNetCore.Mvc.Internal.ControllerActionInvoker.InvokeInnerFilterAsync()
   at Microsoft.AspNetCore.Mvc.Internal.ResourceInvoker.InvokeFilterPipelineAsync()
   at Microsoft.AspNetCore.Mvc.Internal.ResourceInvoker.InvokeAsync()
   at Microsoft.AspNetCore.Builder.RouterMiddleware.Invoke(HttpContext httpContext)
   at Microsoft.AspNetCore.Authentication.AuthenticationMiddleware.Invoke(HttpContext context)
   at Microsoft.AspNetCore.StaticFiles.StaticFileMiddleware.Invoke(HttpContext context)
   at Swashbuckle.AspNetCore.SwaggerUI.SwaggerUIMiddleware.Invoke(HttpContext httpContext)
   at Swashbuckle.AspNetCore.Swagger.SwaggerMiddleware.Invoke(HttpContext httpContext, ISwaggerProvider swaggerProvider)
   at Alsahab.Setting.WebFramework.Middlewares.CustomExceptionHandlerMiddleware.Invoke(HttpContext context) in /home/mohammad/Documents/company/Alsahab.Setting/Alsahab.Setting.WebFramework/Middlewares/CustomExceptionHandlerMiddleware.cs:line 46 | Alsahab.Setting.WebFramework.Middlewares.CustomExceptionHandlerMiddleware | url: https://localhost/api/v1/Branch/Get | action: Get
2019-06-18 20:51:46.6300 | WARN | The LINQ expression 'where (__prop_0.GetValue([s]) == __GetValue_1)' could not be translated and will be evaluated locally. |  | Microsoft.EntityFrameworkCore.Query | url: https://localhost/api/v1/Branch/Get | action: Get
2019-06-18 20:51:47.0838 | ERROR | An exception occurred in the database while iterating the results of a query for context type 'Alsahab.Setting.Data.ApplicationDbContext'.
System.Reflection.TargetException: Object does not match target type.
   at System.Reflection.RuntimeMethodInfo.CheckConsistency(Object target)
   at System.Reflection.RuntimeMethodInfo.InvokeArgumentsCheck(Object obj, BindingFlags invokeAttr, Binder binder, Object[] parameters, CultureInfo culture)
   at System.Reflection.RuntimeMethodInfo.Invoke(Object obj, BindingFlags invokeAttr, Binder binder, Object[] parameters, CultureInfo culture)
   at lambda_method(Closure , Branch )
   at System.Linq.AsyncEnumerable.WhereSelectEnumerableAsyncIterator`2.MoveNextCore(CancellationToken cancellationToken)
   at System.Linq.AsyncEnumerable.AsyncIterator`1.MoveNext(CancellationToken cancellationToken)
   at Microsoft.EntityFrameworkCore.Query.Internal.AsyncLinqOperatorProvider.ExceptionInterceptor`1.EnumeratorExceptionInterceptor.MoveNext(CancellationToken cancellationToken) | System.Reflection.TargetException: Object does not match target type.
   at System.Reflection.RuntimeMethodInfo.CheckConsistency(Object target)
   at System.Reflection.RuntimeMethodInfo.InvokeArgumentsCheck(Object obj, BindingFlags invokeAttr, Binder binder, Object[] parameters, CultureInfo culture)
   at System.Reflection.RuntimeMethodInfo.Invoke(Object obj, BindingFlags invokeAttr, Binder binder, Object[] parameters, CultureInfo culture)
   at lambda_method(Closure , Branch )
   at System.Linq.AsyncEnumerable.WhereSelectEnumerableAsyncIterator`2.MoveNextCore(CancellationToken cancellationToken)
   at System.Linq.AsyncEnumerable.AsyncIterator`1.MoveNext(CancellationToken cancellationToken)
   at Microsoft.EntityFrameworkCore.Query.Internal.AsyncLinqOperatorProvider.ExceptionInterceptor`1.EnumeratorExceptionInterceptor.MoveNext(CancellationToken cancellationToken) | Microsoft.EntityFrameworkCore.Query | url: https://localhost/api/v1/Branch/Get | action: Get
2019-06-18 20:51:48.0096 | ERROR | Object does not match target type. | System.Reflection.TargetException: Object does not match target type.
   at System.Reflection.RuntimeMethodInfo.CheckConsistency(Object target)
   at System.Reflection.RuntimeMethodInfo.InvokeArgumentsCheck(Object obj, BindingFlags invokeAttr, Binder binder, Object[] parameters, CultureInfo culture)
   at System.Reflection.RuntimeMethodInfo.Invoke(Object obj, BindingFlags invokeAttr, Binder binder, Object[] parameters, CultureInfo culture)
   at lambda_method(Closure , Branch )
   at System.Linq.AsyncEnumerable.WhereSelectEnumerableAsyncIterator`2.MoveNextCore(CancellationToken cancellationToken)
   at System.Linq.AsyncEnumerable.AsyncIterator`1.MoveNext(CancellationToken cancellationToken)
   at Microsoft.EntityFrameworkCore.Query.Internal.AsyncLinqOperatorProvider.ExceptionInterceptor`1.EnumeratorExceptionInterceptor.MoveNext(CancellationToken cancellationToken)
   at System.Linq.AsyncEnumerable.Aggregate_[TSource,TAccumulate,TResult](IAsyncEnumerable`1 source, TAccumulate seed, Func`3 accumulator, Func`2 resultSelector, CancellationToken cancellationToken)
   at Alsahab.Setting.Data.Repositories.BaseDL`3.Get(TFilterDto filterDto, CancellationToken cancellationToken) in /home/mohammad/Documents/company/Alsahab.Setting/Alsahab.Setting.Data/Repositories/BaseDL.cs:line 163
   at Alsahab.Setting.BL.BranchBL.Get(BranchFilterDTO filter, CancellationToken cancellationToken) in /home/mohammad/Documents/company/Alsahab.Setting/Alsahab.Setting.BL/Services/BranchBL.cs:line 215
   at Alsahab.Setting.WebFramework.Api.CrudController`2.Get(TFilteDto filter, CancellationToken cancellationToken) in /home/mohammad/Documents/company/Alsahab.Setting/Alsahab.Setting.MyAPI/Controllers/v1/CrudController.cs:line 91
   at lambda_method(Closure , Object )
   at Microsoft.Extensions.Internal.ObjectMethodExecutorAwaitable.Awaiter.GetResult()
   at Microsoft.AspNetCore.Mvc.Internal.ActionMethodExecutor.AwaitableObjectResultExecutor.Execute(IActionResultTypeMapper mapper, ObjectMethodExecutor executor, Object controller, Object[] arguments)
   at System.Threading.Tasks.ValueTask`1.get_Result()
   at Microsoft.AspNetCore.Mvc.Internal.ControllerActionInvoker.InvokeActionMethodAsync()
   at Microsoft.AspNetCore.Mvc.Internal.ControllerActionInvoker.InvokeNextActionFilterAsync()
   at Microsoft.AspNetCore.Mvc.Internal.ControllerActionInvoker.Rethrow(ActionExecutedContext context)
   at Microsoft.AspNetCore.Mvc.Internal.ControllerActionInvoker.Next(State& next, Scope& scope, Object& state, Boolean& isCompleted)
   at Microsoft.AspNetCore.Mvc.Internal.ControllerActionInvoker.InvokeInnerFilterAsync()
   at Microsoft.AspNetCore.Mvc.Internal.ResourceInvoker.InvokeFilterPipelineAsync()
   at Microsoft.AspNetCore.Mvc.Internal.ResourceInvoker.InvokeAsync()
   at Microsoft.AspNetCore.Builder.RouterMiddleware.Invoke(HttpContext httpContext)
   at Microsoft.AspNetCore.Builder.RouterMiddleware.Invoke(HttpContext httpContext)
   at Microsoft.AspNetCore.Authentication.AuthenticationMiddleware.Invoke(HttpContext context)
   at Microsoft.AspNetCore.StaticFiles.StaticFileMiddleware.Invoke(HttpContext context)
   at Swashbuckle.AspNetCore.SwaggerUI.SwaggerUIMiddleware.Invoke(HttpContext httpContext)
   at Swashbuckle.AspNetCore.Swagger.SwaggerMiddleware.Invoke(HttpContext httpContext, ISwaggerProvider swaggerProvider)
   at Alsahab.Setting.WebFramework.Middlewares.CustomExceptionHandlerMiddleware.Invoke(HttpContext context) in /home/mohammad/Documents/company/Alsahab.Setting/Alsahab.Setting.WebFramework/Middlewares/CustomExceptionHandlerMiddleware.cs:line 46 | Alsahab.Setting.WebFramework.Middlewares.CustomExceptionHandlerMiddleware | url: https://localhost/api/v1/Branch/Get | action: Get
2019-06-18 20:52:49.1621 | WARN | The LINQ expression 'where (__prop_0.GetValue([s]) == __GetValue_1)' could not be translated and will be evaluated locally. |  | Microsoft.EntityFrameworkCore.Query | url: https://localhost/api/v1/Branch/Get | action: Get
2019-06-18 20:52:49.1621 | WARN | The LINQ expression 'Count()' could not be translated and will be evaluated locally. |  | Microsoft.EntityFrameworkCore.Query | url: https://localhost/api/v1/Branch/Get | action: Get
2019-06-18 20:56:06.5965 | WARN | The LINQ expression 'where (__prop_0.GetValue([s]) == __GetValue_1)' could not be translated and will be evaluated locally. |  | Microsoft.EntityFrameworkCore.Query | url: https://localhost/api/v1/Branch/Get | action: Get
2019-06-18 20:56:06.9021 | ERROR | An exception occurred in the database while iterating the results of a query for context type 'Alsahab.Setting.Data.ApplicationDbContext'.
System.Reflection.TargetException: Object does not match target type.
   at System.Reflection.RuntimeMethodInfo.CheckConsistency(Object target)
   at System.Reflection.RuntimeMethodInfo.InvokeArgumentsCheck(Object obj, BindingFlags invokeAttr, Binder binder, Object[] parameters, CultureInfo culture)
   at System.Reflection.RuntimeMethodInfo.Invoke(Object obj, BindingFlags invokeAttr, Binder binder, Object[] parameters, CultureInfo culture)
   at lambda_method(Closure , Branch )
   at System.Linq.AsyncEnumerable.WhereSelectEnumerableAsyncIterator`2.MoveNextCore(CancellationToken cancellationToken)
   at System.Linq.AsyncEnumerable.AsyncIterator`1.MoveNext(CancellationToken cancellationToken)
   at Microsoft.EntityFrameworkCore.Query.Internal.AsyncLinqOperatorProvider.ExceptionInterceptor`1.EnumeratorExceptionInterceptor.MoveNext(CancellationToken cancellationToken) | System.Reflection.TargetException: Object does not match target type.
   at System.Reflection.RuntimeMethodInfo.CheckConsistency(Object target)
   at System.Reflection.RuntimeMethodInfo.InvokeArgumentsCheck(Object obj, BindingFlags invokeAttr, Binder binder, Object[] parameters, CultureInfo culture)
   at System.Reflection.RuntimeMethodInfo.Invoke(Object obj, BindingFlags invokeAttr, Binder binder, Object[] parameters, CultureInfo culture)
   at lambda_method(Closure , Branch )
   at System.Linq.AsyncEnumerable.WhereSelectEnumerableAsyncIterator`2.MoveNextCore(CancellationToken cancellationToken)
   at System.Linq.AsyncEnumerable.AsyncIterator`1.MoveNext(CancellationToken cancellationToken)
   at Microsoft.EntityFrameworkCore.Query.Internal.AsyncLinqOperatorProvider.ExceptionInterceptor`1.EnumeratorExceptionInterceptor.MoveNext(CancellationToken cancellationToken) | Microsoft.EntityFrameworkCore.Query | url: https://localhost/api/v1/Branch/Get | action: Get
2019-06-18 20:56:07.9519 | ERROR | Object does not match target type. | System.Reflection.TargetException: Object does not match target type.
   at System.Reflection.RuntimeMethodInfo.CheckConsistency(Object target)
   at System.Reflection.RuntimeMethodInfo.InvokeArgumentsCheck(Object obj, BindingFlags invokeAttr, Binder binder, Object[] parameters, CultureInfo culture)
   at System.Reflection.RuntimeMethodInfo.Invoke(Object obj, BindingFlags invokeAttr, Binder binder, Object[] parameters, CultureInfo culture)
   at lambda_method(Closure , Branch )
   at System.Linq.AsyncEnumerable.WhereSelectEnumerableAsyncIterator`2.MoveNextCore(CancellationToken cancellationToken)
   at System.Linq.AsyncEnumerable.AsyncIterator`1.MoveNext(CancellationToken cancellationToken)
   at Microsoft.EntityFrameworkCore.Query.Internal.AsyncLinqOperatorProvider.ExceptionInterceptor`1.EnumeratorExceptionInterceptor.MoveNext(CancellationToken cancellationToken)
   at System.Linq.AsyncEnumerable.Aggregate_[TSource,TAccumulate,TResult](IAsyncEnumerable`1 source, TAccumulate seed, Func`3 accumulator, Func`2 resultSelector, CancellationToken cancellationToken)
   at Alsahab.Setting.Data.Repositories.BaseDL`3.Get(TFilterDto filterDto, CancellationToken cancellationToken) in /home/mohammad/Documents/company/Alsahab.Setting/Alsahab.Setting.Data/Repositories/BaseDL.cs:line 163
   at Alsahab.Setting.BL.BranchBL.Get(BranchFilterDTO filter, CancellationToken cancellationToken) in /home/mohammad/Documents/company/Alsahab.Setting/Alsahab.Setting.BL/Services/BranchBL.cs:line 215
   at Alsahab.Setting.WebFramework.Api.CrudController`2.Get(TFilteDto filter, CancellationToken cancellationToken) in /home/mohammad/Documents/company/Alsahab.Setting/Alsahab.Setting.MyAPI/Controllers/v1/CrudController.cs:line 91
   at lambda_method(Closure , Object )
   at Microsoft.Extensions.Internal.ObjectMethodExecutorAwaitable.Awaiter.GetResult()
   at Microsoft.AspNetCore.Mvc.Internal.ActionMethodExecutor.AwaitableObjectResultExecutor.Execute(IActionResultTypeMapper mapper, ObjectMethodExecutor executor, Object controller, Object[] arguments)
   at System.Threading.Tasks.ValueTask`1.get_Result()
   at Microsoft.AspNetCore.Mvc.Internal.ControllerActionInvoker.InvokeActionMethodAsync()
   at Microsoft.AspNetCore.Mvc.Internal.ControllerActionInvoker.InvokeNextActionFilterAsync()
   at Microsoft.AspNetCore.Mvc.Internal.ControllerActionInvoker.Rethrow(ActionExecutedContext context)
   at Microsoft.AspNetCore.Mvc.Internal.ControllerActionInvoker.Next(State& next, Scope& scope, Object& state, Boolean& isCompleted)
   at Microsoft.AspNetCore.Mvc.Internal.ControllerActionInvoker.InvokeInnerFilterAsync()
   at Microsoft.AspNetCore.Mvc.Internal.ResourceInvoker.InvokeFilterPipelineAsync()
   at Microsoft.AspNetCore.Mvc.Internal.ResourceInvoker.InvokeAsync()
   at Microsoft.AspNetCore.Builder.RouterMiddleware.Invoke(HttpContext httpContext)
   at Microsoft.AspNetCore.Authentication.AuthenticationMiddleware.Invoke(HttpContext context)
   at Microsoft.AspNetCore.StaticFiles.StaticFileMiddleware.Invoke(HttpContext context)
   at Swashbuckle.AspNetCore.SwaggerUI.SwaggerUIMiddleware.Invoke(HttpContext httpContext)
   at Swashbuckle.AspNetCore.Swagger.SwaggerMiddleware.Invoke(HttpContext httpContext, ISwaggerProvider swaggerProvider)
   at Alsahab.Setting.WebFramework.Middlewares.CustomExceptionHandlerMiddleware.Invoke(HttpContext context) in /home/mohammad/Documents/company/Alsahab.Setting/Alsahab.Setting.WebFramework/Middlewares/CustomExceptionHandlerMiddleware.cs:line 46 | Alsahab.Setting.WebFramework.Middlewares.CustomExceptionHandlerMiddleware | url: https://localhost/api/v1/Branch/Get | action: Get
2019-06-18 21:16:20.4038 | WARN | The LINQ expression 'where __prop_0.GetValue([s]).ToString().Contains(__ToString_1)' could not be translated and will be evaluated locally. |  | Microsoft.EntityFrameworkCore.Query | url: https://localhost/api/v1/Branch/Get | action: Get
2019-06-18 21:16:20.4156 | WARN | The LINQ expression 'where __prop_2.GetValue([s]).ToString().Contains(__ToString_3)' could not be translated and will be evaluated locally. |  | Microsoft.EntityFrameworkCore.Query | url: https://localhost/api/v1/Branch/Get | action: Get
2019-06-18 21:16:20.4156 | WARN | The LINQ expression 'where __prop_4.GetValue([s]).ToString().Contains(__ToString_5)' could not be translated and will be evaluated locally. |  | Microsoft.EntityFrameworkCore.Query | url: https://localhost/api/v1/Branch/Get | action: Get
2019-06-18 21:16:20.4156 | WARN | The LINQ expression 'where __prop_6.GetValue([s]).ToString().Contains(__ToString_7)' could not be translated and will be evaluated locally. |  | Microsoft.EntityFrameworkCore.Query | url: https://localhost/api/v1/Branch/Get | action: Get
2019-06-18 21:16:20.4156 | WARN | The LINQ expression 'where __prop_8.GetValue([s]).ToString().Contains(__ToString_9)' could not be translated and will be evaluated locally. |  | Microsoft.EntityFrameworkCore.Query | url: https://localhost/api/v1/Branch/Get | action: Get
2019-06-18 21:16:20.4179 | WARN | The LINQ expression 'where __prop_10.GetValue([s]).ToString().Contains(__ToString_11)' could not be translated and will be evaluated locally. |  | Microsoft.EntityFrameworkCore.Query | url: https://localhost/api/v1/Branch/Get | action: Get
2019-06-18 21:16:20.4179 | WARN | The LINQ expression 'where __prop_12.GetValue([s]).ToString().Contains(__ToString_13)' could not be translated and will be evaluated locally. |  | Microsoft.EntityFrameworkCore.Query | url: https://localhost/api/v1/Branch/Get | action: Get
2019-06-18 21:16:20.4235 | WARN | The LINQ expression 'where (__prop_14.GetValue([s]) == __GetValue_15)' could not be translated and will be evaluated locally. |  | Microsoft.EntityFrameworkCore.Query | url: https://localhost/api/v1/Branch/Get | action: Get
2019-06-18 21:16:20.4235 | WARN | The LINQ expression 'where (Convert(__8__locals2_prop_16.GetValue([s]), DateTime) > __GetValue_17)' could not be translated and will be evaluated locally. |  | Microsoft.EntityFrameworkCore.Query | url: https://localhost/api/v1/Branch/Get | action: Get
2019-06-18 21:16:20.4235 | WARN | The LINQ expression 'where (Convert(__8__locals3_prop_18.GetValue([s]), DateTime) < __GetValue_19)' could not be translated and will be evaluated locally. |  | Microsoft.EntityFrameworkCore.Query | url: https://localhost/api/v1/Branch/Get | action: Get
2019-06-18 21:16:20.8868 | ERROR | An exception occurred in the database while iterating the results of a query for context type 'Alsahab.Setting.Data.ApplicationDbContext'.
System.Reflection.TargetException: Object does not match target type.
   at System.Reflection.RuntimeMethodInfo.CheckConsistency(Object target)
   at System.Reflection.RuntimeMethodInfo.InvokeArgumentsCheck(Object obj, BindingFlags invokeAttr, Binder binder, Object[] parameters, CultureInfo culture)
   at System.Reflection.RuntimeMethodInfo.Invoke(Object obj, BindingFlags invokeAttr, Binder binder, Object[] parameters, CultureInfo culture)
   at lambda_method(Closure , Branch )
   at System.Linq.AsyncEnumerable.<>c__DisplayClass468_0`1.<CombinePredicates>b__0(TSource x)
   at System.Linq.AsyncEnumerable.<>c__DisplayClass468_0`1.<CombinePredicates>b__0(TSource x)
   at System.Linq.AsyncEnumerable.<>c__DisplayClass468_0`1.<CombinePredicates>b__0(TSource x)
   at System.Linq.AsyncEnumerable.<>c__DisplayClass468_0`1.<CombinePredicates>b__0(TSource x)
   at System.Linq.AsyncEnumerable.<>c__DisplayClass468_0`1.<CombinePredicates>b__0(TSource x)
   at System.Linq.AsyncEnumerable.<>c__DisplayClass468_0`1.<CombinePredicates>b__0(TSource x)
   at System.Linq.AsyncEnumerable.<>c__DisplayClass468_0`1.<CombinePredicates>b__0(TSource x)
   at System.Linq.AsyncEnumerable.<>c__DisplayClass468_0`1.<CombinePredicates>b__0(TSource x)
   at System.Linq.AsyncEnumerable.<>c__DisplayClass468_0`1.<CombinePredicates>b__0(TSource x)
   at System.Linq.AsyncEnumerable.WhereSelectEnumerableAsyncIterator`2.MoveNextCore(CancellationToken cancellationToken)
   at System.Linq.AsyncEnumerable.AsyncIterator`1.MoveNext(CancellationToken cancellationToken)
   at Microsoft.EntityFrameworkCore.Query.Internal.AsyncLinqOperatorProvider.ExceptionInterceptor`1.EnumeratorExceptionInterceptor.MoveNext(CancellationToken cancellationToken) | System.Reflection.TargetException: Object does not match target type.
   at System.Reflection.RuntimeMethodInfo.CheckConsistency(Object target)
   at System.Reflection.RuntimeMethodInfo.InvokeArgumentsCheck(Object obj, BindingFlags invokeAttr, Binder binder, Object[] parameters, CultureInfo culture)
   at System.Reflection.RuntimeMethodInfo.Invoke(Object obj, BindingFlags invokeAttr, Binder binder, Object[] parameters, CultureInfo culture)
   at lambda_method(Closure , Branch )
   at System.Linq.AsyncEnumerable.<>c__DisplayClass468_0`1.<CombinePredicates>b__0(TSource x)
   at System.Linq.AsyncEnumerable.<>c__DisplayClass468_0`1.<CombinePredicates>b__0(TSource x)
   at System.Linq.AsyncEnumerable.<>c__DisplayClass468_0`1.<CombinePredicates>b__0(TSource x)
   at System.Linq.AsyncEnumerable.<>c__DisplayClass468_0`1.<CombinePredicates>b__0(TSource x)
   at System.Linq.AsyncEnumerable.<>c__DisplayClass468_0`1.<CombinePredicates>b__0(TSource x)
   at System.Linq.AsyncEnumerable.<>c__DisplayClass468_0`1.<CombinePredicates>b__0(TSource x)
   at System.Linq.AsyncEnumerable.<>c__DisplayClass468_0`1.<CombinePredicates>b__0(TSource x)
   at System.Linq.AsyncEnumerable.<>c__DisplayClass468_0`1.<CombinePredicates>b__0(TSource x)
   at System.Linq.AsyncEnumerable.<>c__DisplayClass468_0`1.<CombinePredicates>b__0(TSource x)
   at System.Linq.AsyncEnumerable.WhereSelectEnumerableAsyncIterator`2.MoveNextCore(CancellationToken cancellationToken)
   at System.Linq.AsyncEnumerable.AsyncIterator`1.MoveNext(CancellationToken cancellationToken)
   at Microsoft.EntityFrameworkCore.Query.Internal.AsyncLinqOperatorProvider.ExceptionInterceptor`1.EnumeratorExceptionInterceptor.MoveNext(CancellationToken cancellationToken) | Microsoft.EntityFrameworkCore.Query | url: https://localhost/api/v1/Branch/Get | action: Get
2019-06-18 21:16:22.1046 | ERROR | Object does not match target type. | System.Reflection.TargetException: Object does not match target type.
   at System.Reflection.RuntimeMethodInfo.CheckConsistency(Object target)
   at System.Reflection.RuntimeMethodInfo.InvokeArgumentsCheck(Object obj, BindingFlags invokeAttr, Binder binder, Object[] parameters, CultureInfo culture)
   at System.Reflection.RuntimeMethodInfo.Invoke(Object obj, BindingFlags invokeAttr, Binder binder, Object[] parameters, CultureInfo culture)
   at lambda_method(Closure , Branch )
   at System.Linq.AsyncEnumerable.<>c__DisplayClass468_0`1.<CombinePredicates>b__0(TSource x)
   at System.Linq.AsyncEnumerable.<>c__DisplayClass468_0`1.<CombinePredicates>b__0(TSource x)
   at System.Linq.AsyncEnumerable.<>c__DisplayClass468_0`1.<CombinePredicates>b__0(TSource x)
   at System.Linq.AsyncEnumerable.<>c__DisplayClass468_0`1.<CombinePredicates>b__0(TSource x)
   at System.Linq.AsyncEnumerable.<>c__DisplayClass468_0`1.<CombinePredicates>b__0(TSource x)
   at System.Linq.AsyncEnumerable.<>c__DisplayClass468_0`1.<CombinePredicates>b__0(TSource x)
   at System.Linq.AsyncEnumerable.<>c__DisplayClass468_0`1.<CombinePredicates>b__0(TSource x)
   at System.Linq.AsyncEnumerable.<>c__DisplayClass468_0`1.<CombinePredicates>b__0(TSource x)
   at System.Linq.AsyncEnumerable.<>c__DisplayClass468_0`1.<CombinePredicates>b__0(TSource x)
   at System.Linq.AsyncEnumerable.WhereSelectEnumerableAsyncIterator`2.MoveNextCore(CancellationToken cancellationToken)
   at System.Linq.AsyncEnumerable.AsyncIterator`1.MoveNext(CancellationToken cancellationToken)
   at Microsoft.EntityFrameworkCore.Query.Internal.AsyncLinqOperatorProvider.ExceptionInterceptor`1.EnumeratorExceptionInterceptor.MoveNext(CancellationToken cancellationToken)
   at System.Linq.AsyncEnumerable.Aggregate_[TSource,TAccumulate,TResult](IAsyncEnumerable`1 source, TAccumulate seed, Func`3 accumulator, Func`2 resultSelector, CancellationToken cancellationToken)
   at Alsahab.Setting.Data.Repositories.BaseDL`3.Get(TFilterDto filterDto, CancellationToken cancellationToken) in /home/mohammad/Documents/company/Alsahab.Setting/Alsahab.Setting.Data/Repositories/BaseDL.cs:line 163
   at Alsahab.Setting.BL.BranchBL.Get(BranchFilterDTO filter, CancellationToken cancellationToken) in /home/mohammad/Documents/company/Alsahab.Setting/Alsahab.Setting.BL/Services/BranchBL.cs:line 215
   at Alsahab.Setting.WebFramework.Api.CrudController`2.Get(TFilteDto filter, CancellationToken cancellationToken) in /home/mohammad/Documents/company/Alsahab.Setting/Alsahab.Setting.MyAPI/Controllers/v1/CrudController.cs:line 91
   at lambda_method(Closure , Object )
   at Microsoft.Extensions.Internal.ObjectMethodExecutorAwaitable.Awaiter.GetResult()
   at Microsoft.AspNetCore.Mvc.Internal.ActionMethodExecutor.AwaitableObjectResultExecutor.Execute(IActionResultTypeMapper mapper, ObjectMethodExecutor executor, Object controller, Object[] arguments)
   at System.Threading.Tasks.ValueTask`1.get_Result()
   at Microsoft.AspNetCore.Mvc.Internal.ControllerActionInvoker.InvokeActionMethodAsync()
   at Microsoft.AspNetCore.Mvc.Internal.ControllerActionInvoker.InvokeNextActionFilterAsync()
   at Microsoft.AspNetCore.Mvc.Internal.ControllerActionInvoker.Rethrow(ActionExecutedContext context)
   at Microsoft.AspNetCore.Mvc.Internal.ControllerActionInvoker.Next(State& next, Scope& scope, Object& state, Boolean& isCompleted)
   at Microsoft.AspNetCore.Mvc.Internal.ControllerActionInvoker.InvokeInnerFilterAsync()
   at Microsoft.AspNetCore.Mvc.Internal.ResourceInvoker.InvokeFilterPipelineAsync()
   at Microsoft.AspNetCore.Mvc.Internal.ResourceInvoker.InvokeAsync()
   at Microsoft.AspNetCore.Builder.RouterMiddleware.Invoke(HttpContext httpContext)
   at Microsoft.AspNetCore.Builder.RouterMiddleware.Invoke(HttpContext httpContext)
   at Microsoft.AspNetCore.Authentication.AuthenticationMiddleware.Invoke(HttpContext context)
   at Microsoft.AspNetCore.StaticFiles.StaticFileMiddleware.Invoke(HttpContext context)
   at Swashbuckle.AspNetCore.SwaggerUI.SwaggerUIMiddleware.Invoke(HttpContext httpContext)
   at Swashbuckle.AspNetCore.Swagger.SwaggerMiddleware.Invoke(HttpContext httpContext, ISwaggerProvider swaggerProvider)
   at Alsahab.Setting.WebFramework.Middlewares.CustomExceptionHandlerMiddleware.Invoke(HttpContext context) in /home/mohammad/Documents/company/Alsahab.Setting/Alsahab.Setting.WebFramework/Middlewares/CustomExceptionHandlerMiddleware.cs:line 46 | Alsahab.Setting.WebFramework.Middlewares.CustomExceptionHandlerMiddleware | url: https://localhost/api/v1/Branch/Get | action: Get
2019-06-18 21:17:05.1774 | WARN | The LINQ expression 'where __prop_0.GetValue([s]).ToString().Contains(__ToString_1)' could not be translated and will be evaluated locally. |  | Microsoft.EntityFrameworkCore.Query | url: https://localhost/api/v1/Branch/Get | action: Get
2019-06-18 21:17:05.1789 | WARN | The LINQ expression 'where __prop_2.GetValue([s]).ToString().Contains(__ToString_3)' could not be translated and will be evaluated locally. |  | Microsoft.EntityFrameworkCore.Query | url: https://localhost/api/v1/Branch/Get | action: Get
2019-06-18 21:17:05.1789 | WARN | The LINQ expression 'where __prop_4.GetValue([s]).ToString().Contains(__ToString_5)' could not be translated and will be evaluated locally. |  | Microsoft.EntityFrameworkCore.Query | url: https://localhost/api/v1/Branch/Get | action: Get
2019-06-18 21:17:05.1789 | WARN | The LINQ expression 'where __prop_6.GetValue([s]).ToString().Contains(__ToString_7)' could not be translated and will be evaluated locally. |  | Microsoft.EntityFrameworkCore.Query | url: https://localhost/api/v1/Branch/Get | action: Get
2019-06-18 21:17:05.1789 | WARN | The LINQ expression 'where __prop_8.GetValue([s]).ToString().Contains(__ToString_9)' could not be translated and will be evaluated locally. |  | Microsoft.EntityFrameworkCore.Query | url: https://localhost/api/v1/Branch/Get | action: Get
2019-06-18 21:17:05.1789 | WARN | The LINQ expression 'where __prop_10.GetValue([s]).ToString().Contains(__ToString_11)' could not be translated and will be evaluated locally. |  | Microsoft.EntityFrameworkCore.Query | url: https://localhost/api/v1/Branch/Get | action: Get
2019-06-18 21:17:05.1789 | WARN | The LINQ expression 'where __prop_12.GetValue([s]).ToString().Contains(__ToString_13)' could not be translated and will be evaluated locally. |  | Microsoft.EntityFrameworkCore.Query | url: https://localhost/api/v1/Branch/Get | action: Get
2019-06-18 21:17:05.1821 | WARN | The LINQ expression 'where (__prop_14.GetValue([s]) == __GetValue_15)' could not be translated and will be evaluated locally. |  | Microsoft.EntityFrameworkCore.Query | url: https://localhost/api/v1/Branch/Get | action: Get
2019-06-18 21:17:05.1821 | WARN | The LINQ expression 'where (Convert(__8__locals2_prop_16.GetValue([s]), DateTime) > __GetValue_17)' could not be translated and will be evaluated locally. |  | Microsoft.EntityFrameworkCore.Query | url: https://localhost/api/v1/Branch/Get | action: Get
2019-06-18 21:17:05.1821 | WARN | The LINQ expression 'where (Convert(__8__locals3_prop_18.GetValue([s]), DateTime) < __GetValue_19)' could not be translated and will be evaluated locally. |  | Microsoft.EntityFrameworkCore.Query | url: https://localhost/api/v1/Branch/Get | action: Get
