2019-06-26 12:40:48.7170 | ERROR | ActionType of Request is not valid | Alsahab.Setting.Common.Exceptions.BadRequestException: ActionType of Request is not valid
   at Alsahab.Setting.WebFramework.Api.CrudController`3.Get(BaseRequest`2 request, CancellationToken cancellationToken) in /home/mohammad/Documents/company/Alsahab.Setting/Alsahab.Setting.MyAPI/Controllers/v1/CrudController.cs:line 109
   at lambda_method(Closure , Object )
   at Microsoft.Extensions.Internal.ObjectMethodExecutorAwaitable.Awaiter.GetResult()
   at Microsoft.AspNetCore.Mvc.Internal.ActionMethodExecutor.AwaitableObjectResultExecutor.Execute(IActionResultTypeMapper mapper, ObjectMethodExecutor executor, Object controller, Object[] arguments)
   at System.Threading.Tasks.ValueTask`1.get_Result()
   at Microsoft.AspNetCore.Mvc.Internal.ControllerActionInvoker.InvokeActionMethodAsync()
   at Microsoft.AspNetCore.Mvc.Internal.ControllerActionInvoker.InvokeNextActionFilterAsync()
   at Microsoft.AspNetCore.Mvc.Internal.ControllerActionInvoker.Rethrow(ActionExecutedContext context)
   at Microsoft.AspNetCore.Mvc.Internal.ControllerActionInvoker.Next(State& next, Scope& scope, Object& state, Boolean& isCompleted)
   at Microsoft.AspNetCore.Mvc.Internal.ControllerActionInvoker.InvokeInnerFilterAsync()
   at Microsoft.AspNetCore.Mvc.Internal.ResourceInvoker.InvokeFilterPipelineAsync()
   at Microsoft.AspNetCore.Mvc.Internal.ResourceInvoker.InvokeAsync()
   at Microsoft.AspNetCore.Builder.RouterMiddleware.Invoke(HttpContext httpContext)
   at Microsoft.AspNetCore.Builder.RouterMiddleware.Invoke(HttpContext httpContext)
   at Microsoft.AspNetCore.Authentication.AuthenticationMiddleware.Invoke(HttpContext context)
   at Microsoft.AspNetCore.StaticFiles.StaticFileMiddleware.Invoke(HttpContext context)
   at Swashbuckle.AspNetCore.SwaggerUI.SwaggerUIMiddleware.Invoke(HttpContext httpContext)
   at Swashbuckle.AspNetCore.Swagger.SwaggerMiddleware.Invoke(HttpContext httpContext, ISwaggerProvider swaggerProvider)
   at Alsahab.Setting.WebFramework.Middlewares.CustomExceptionHandlerMiddleware.Invoke(HttpContext context) in /home/mohammad/Documents/company/Alsahab.Setting/Alsahab.Setting.WebFramework/Middlewares/CustomExceptionHandlerMiddleware.cs:line 46 | Alsahab.Setting.WebFramework.Middlewares.CustomExceptionHandlerMiddleware | url: https://localhost/api/v1/Branch/Get | action: Get
2019-06-26 12:45:25.6787 | ERROR | ActionType of Request is not valid | Alsahab.Setting.Common.Exceptions.BadRequestException: ActionType of Request is not valid
   at Alsahab.Setting.WebFramework.Api.CrudController`3.Get(BaseRequest`2 request, CancellationToken cancellationToken) in /home/mohammad/Documents/company/Alsahab.Setting/Alsahab.Setting.MyAPI/Controllers/v1/CrudController.cs:line 109
   at lambda_method(Closure , Object )
   at Microsoft.Extensions.Internal.ObjectMethodExecutorAwaitable.Awaiter.GetResult()
   at Microsoft.AspNetCore.Mvc.Internal.ActionMethodExecutor.AwaitableObjectResultExecutor.Execute(IActionResultTypeMapper mapper, ObjectMethodExecutor executor, Object controller, Object[] arguments)
   at System.Threading.Tasks.ValueTask`1.get_Result()
   at Microsoft.AspNetCore.Mvc.Internal.ControllerActionInvoker.InvokeActionMethodAsync()
   at Microsoft.AspNetCore.Mvc.Internal.ControllerActionInvoker.InvokeNextActionFilterAsync()
   at Microsoft.AspNetCore.Mvc.Internal.ControllerActionInvoker.Rethrow(ActionExecutedContext context)
   at Microsoft.AspNetCore.Mvc.Internal.ControllerActionInvoker.Next(State& next, Scope& scope, Object& state, Boolean& isCompleted)
   at Microsoft.AspNetCore.Mvc.Internal.ControllerActionInvoker.InvokeInnerFilterAsync()
   at Microsoft.AspNetCore.Mvc.Internal.ResourceInvoker.InvokeFilterPipelineAsync()
   at Microsoft.AspNetCore.Mvc.Internal.ResourceInvoker.InvokeAsync()
   at Microsoft.AspNetCore.Builder.RouterMiddleware.Invoke(HttpContext httpContext)
   at Microsoft.AspNetCore.Authentication.AuthenticationMiddleware.Invoke(HttpContext context)
   at Microsoft.AspNetCore.StaticFiles.StaticFileMiddleware.Invoke(HttpContext context)
   at Swashbuckle.AspNetCore.SwaggerUI.SwaggerUIMiddleware.Invoke(HttpContext httpContext)
   at Swashbuckle.AspNetCore.Swagger.SwaggerMiddleware.Invoke(HttpContext httpContext, ISwaggerProvider swaggerProvider)
   at Alsahab.Setting.WebFramework.Middlewares.CustomExceptionHandlerMiddleware.Invoke(HttpContext context) in /home/mohammad/Documents/company/Alsahab.Setting/Alsahab.Setting.WebFramework/Middlewares/CustomExceptionHandlerMiddleware.cs:line 46 | Alsahab.Setting.WebFramework.Middlewares.CustomExceptionHandlerMiddleware | url: https://localhost/api/v1/Branch/Get | action: Get
2019-06-26 13:32:58.9402 | ERROR | Exception of type 'Alsahab.Setting.Common.Exceptions.NotFoundException' was thrown. | Alsahab.Setting.Common.Exceptions.NotFoundException: Exception of type 'Alsahab.Setting.Common.Exceptions.NotFoundException' was thrown.
   at Alsahab.Setting.BL.BranchBL.GetAsync(BranchFilterDTO filter, CancellationToken cancellationToken) in /home/mohammad/Documents/company/Alsahab.Setting/Alsahab.Setting.BL/Services/BranchBL.cs:line 46
   at Alsahab.Setting.WebFramework.Api.CrudController`3.Get(BaseRequest`2 request, CancellationToken cancellationToken) in /home/mohammad/Documents/company/Alsahab.Setting/Alsahab.Setting.MyAPI/Controllers/v1/CrudController.cs:line 112
   at lambda_method(Closure , Object )
   at Microsoft.Extensions.Internal.ObjectMethodExecutorAwaitable.Awaiter.GetResult()
   at Microsoft.AspNetCore.Mvc.Internal.ActionMethodExecutor.AwaitableObjectResultExecutor.Execute(IActionResultTypeMapper mapper, ObjectMethodExecutor executor, Object controller, Object[] arguments)
   at System.Threading.Tasks.ValueTask`1.get_Result()
   at Microsoft.AspNetCore.Mvc.Internal.ControllerActionInvoker.InvokeActionMethodAsync()
   at Microsoft.AspNetCore.Mvc.Internal.ControllerActionInvoker.InvokeNextActionFilterAsync()
   at Microsoft.AspNetCore.Mvc.Internal.ControllerActionInvoker.Rethrow(ActionExecutedContext context)
   at Microsoft.AspNetCore.Mvc.Internal.ControllerActionInvoker.Next(State& next, Scope& scope, Object& state, Boolean& isCompleted)
   at Microsoft.AspNetCore.Mvc.Internal.ControllerActionInvoker.InvokeInnerFilterAsync()
   at Microsoft.AspNetCore.Mvc.Internal.ResourceInvoker.InvokeFilterPipelineAsync()
   at Microsoft.AspNetCore.Mvc.Internal.ResourceInvoker.InvokeAsync()
   at Microsoft.AspNetCore.Builder.RouterMiddleware.Invoke(HttpContext httpContext)
   at Microsoft.AspNetCore.Builder.RouterMiddleware.Invoke(HttpContext httpContext)
   at Microsoft.AspNetCore.Authentication.AuthenticationMiddleware.Invoke(HttpContext context)
   at Microsoft.AspNetCore.StaticFiles.StaticFileMiddleware.Invoke(HttpContext context)
   at Swashbuckle.AspNetCore.SwaggerUI.SwaggerUIMiddleware.Invoke(HttpContext httpContext)
   at Swashbuckle.AspNetCore.Swagger.SwaggerMiddleware.Invoke(HttpContext httpContext, ISwaggerProvider swaggerProvider)
   at Alsahab.Setting.WebFramework.Middlewares.CustomExceptionHandlerMiddleware.Invoke(HttpContext context) in /home/mohammad/Documents/company/Alsahab.Setting/Alsahab.Setting.WebFramework/Middlewares/CustomExceptionHandlerMiddleware.cs:line 46 | Alsahab.Setting.WebFramework.Middlewares.CustomExceptionHandlerMiddleware | url: https://localhost/api/v1/Branch/Get | action: Get
