2019-06-25 09:01:50.4513 | ERROR | Object reference not set to an instance of an object. | System.NullReferenceException: Object reference not set to an instance of an object.
   at Alsahab.Setting.BL.Validation.BranchValidator.TitleNotExist(String title) in /home/mohammad/Documents/company/Alsahab.Setting/Alsahab.Setting.BL/Validation/BranchValidator.cs:line 29
   at FluentValidation.Validators.PredicateValidator.IsValid(PropertyValidatorContext context) in /home/jskinner/code/FluentValidation/src/FluentValidation/Validators/PredicateValidator.cs:line 34
   at FluentValidation.Validators.PropertyValidator.Validate(PropertyValidatorContext context) in /home/jskinner/code/FluentValidation/src/FluentValidation/Validators/PropertyValidator.cs:line 55
   at FluentValidation.Internal.PropertyRule.Validate(ValidationContext context)+MoveNext() in /home/jskinner/code/FluentValidation/src/FluentValidation/Internal/PropertyRule.cs:line 282
   at System.Linq.Enumerable.SelectManySingleSelectorIterator`2.MoveNext()
   at System.Linq.Enumerable.WhereEnumerableIterator`1.MoveNext()
   at FluentValidation.AbstractValidator`1.Validate(ValidationContext`1 context) in /home/jskinner/code/FluentValidation/src/FluentValidation/AbstractValidator.cs:line 115
   at Alsahab.Setting.BL.BaseBL`3.Validate[T,Dto](Dto data) in /home/mohammad/Documents/company/Alsahab.Setting/Alsahab.Setting.BL/Services/BaseBL.cs:line 86
   at Alsahab.Setting.BL.BranchBL.Validate(BranchDTO data) in /home/mohammad/Documents/company/Alsahab.Setting/Alsahab.Setting.BL/Services/BranchBL.cs:line 91
   at Alsahab.Setting.BL.BranchBL.InsertAsync(BranchDTO data, CancellationToken cancellationToken) in /home/mohammad/Documents/company/Alsahab.Setting/Alsahab.Setting.BL/Services/BranchBL.cs:line 178
   at Alsahab.Setting.WebFramework.Api.CrudController`3.Create(BaseRequest`1 request, CancellationToken cancellationToken) in /home/mohammad/Documents/company/Alsahab.Setting/Alsahab.Setting.MyAPI/Controllers/v1/CrudController.cs:line 97
   at lambda_method(Closure , Object )
   at Microsoft.Extensions.Internal.ObjectMethodExecutorAwaitable.Awaiter.GetResult()
   at Microsoft.AspNetCore.Mvc.Internal.ActionMethodExecutor.AwaitableObjectResultExecutor.Execute(IActionResultTypeMapper mapper, ObjectMethodExecutor executor, Object controller, Object[] arguments)
   at System.Threading.Tasks.ValueTask`1.get_Result()
   at Microsoft.AspNetCore.Mvc.Internal.ControllerActionInvoker.InvokeActionMethodAsync()
   at Microsoft.AspNetCore.Mvc.Internal.ControllerActionInvoker.InvokeNextActionFilterAsync()
   at Microsoft.AspNetCore.Mvc.Internal.ControllerActionInvoker.Rethrow(ActionExecutedContext context)
   at Microsoft.AspNetCore.Mvc.Internal.ControllerActionInvoker.Next(State& next, Scope& scope, Object& state, Boolean& isCompleted)
   at Microsoft.AspNetCore.Mvc.Internal.ControllerActionInvoker.InvokeInnerFilterAsync()
   at Microsoft.AspNetCore.Mvc.Internal.ResourceInvoker.InvokeFilterPipelineAsync()
   at Microsoft.AspNetCore.Mvc.Internal.ResourceInvoker.InvokeAsync()
   at Microsoft.AspNetCore.Builder.RouterMiddleware.Invoke(HttpContext httpContext)
   at Microsoft.AspNetCore.Builder.RouterMiddleware.Invoke(HttpContext httpContext)
   at Microsoft.AspNetCore.Authentication.AuthenticationMiddleware.Invoke(HttpContext context)
   at Microsoft.AspNetCore.StaticFiles.StaticFileMiddleware.Invoke(HttpContext context)
   at Swashbuckle.AspNetCore.SwaggerUI.SwaggerUIMiddleware.Invoke(HttpContext httpContext)
   at Swashbuckle.AspNetCore.Swagger.SwaggerMiddleware.Invoke(HttpContext httpContext, ISwaggerProvider swaggerProvider)
   at Alsahab.Setting.WebFramework.Middlewares.CustomExceptionHandlerMiddleware.Invoke(HttpContext context) in /home/mohammad/Documents/company/Alsahab.Setting/Alsahab.Setting.WebFramework/Middlewares/CustomExceptionHandlerMiddleware.cs:line 46 | Alsahab.Setting.WebFramework.Middlewares.CustomExceptionHandlerMiddleware | url: https://localhost/api/v1/Branch/Create | action: Create
2019-06-25 09:16:24.1221 | ERROR | Object reference not set to an instance of an object. | System.NullReferenceException: Object reference not set to an instance of an object.
   at Alsahab.Setting.BL.Validation.BranchValidator.TitleNotExist(String title) in /home/mohammad/Documents/company/Alsahab.Setting/Alsahab.Setting.BL/Validation/BranchValidator.cs:line 29
   at FluentValidation.Validators.PredicateValidator.IsValid(PropertyValidatorContext context) in /home/jskinner/code/FluentValidation/src/FluentValidation/Validators/PredicateValidator.cs:line 34
   at FluentValidation.Validators.PropertyValidator.Validate(PropertyValidatorContext context) in /home/jskinner/code/FluentValidation/src/FluentValidation/Validators/PropertyValidator.cs:line 55
   at FluentValidation.Internal.PropertyRule.Validate(ValidationContext context)+MoveNext() in /home/jskinner/code/FluentValidation/src/FluentValidation/Internal/PropertyRule.cs:line 282
   at System.Linq.Enumerable.SelectManySingleSelectorIterator`2.MoveNext()
   at System.Linq.Enumerable.WhereEnumerableIterator`1.MoveNext()
   at FluentValidation.AbstractValidator`1.Validate(ValidationContext`1 context) in /home/jskinner/code/FluentValidation/src/FluentValidation/AbstractValidator.cs:line 115
   at Alsahab.Setting.BL.BaseBL`3.Validate[T,Dto](Dto data) in /home/mohammad/Documents/company/Alsahab.Setting/Alsahab.Setting.BL/Services/BaseBL.cs:line 86
   at Alsahab.Setting.BL.BranchBL.Validate(BranchDTO data) in /home/mohammad/Documents/company/Alsahab.Setting/Alsahab.Setting.BL/Services/BranchBL.cs:line 91
   at Alsahab.Setting.BL.BranchBL.InsertAsync(BranchDTO data, CancellationToken cancellationToken) in /home/mohammad/Documents/company/Alsahab.Setting/Alsahab.Setting.BL/Services/BranchBL.cs:line 178
   at Alsahab.Setting.WebFramework.Api.CrudController`3.Create(BaseRequest`1 request, CancellationToken cancellationToken) in /home/mohammad/Documents/company/Alsahab.Setting/Alsahab.Setting.MyAPI/Controllers/v1/CrudController.cs:line 97
   at lambda_method(Closure , Object )
   at Microsoft.Extensions.Internal.ObjectMethodExecutorAwaitable.Awaiter.GetResult()
   at Microsoft.AspNetCore.Mvc.Internal.ActionMethodExecutor.AwaitableObjectResultExecutor.Execute(IActionResultTypeMapper mapper, ObjectMethodExecutor executor, Object controller, Object[] arguments)
   at System.Threading.Tasks.ValueTask`1.get_Result()
   at Microsoft.AspNetCore.Mvc.Internal.ControllerActionInvoker.InvokeActionMethodAsync()
   at Microsoft.AspNetCore.Mvc.Internal.ControllerActionInvoker.InvokeNextActionFilterAsync()
   at Microsoft.AspNetCore.Mvc.Internal.ControllerActionInvoker.Rethrow(ActionExecutedContext context)
   at Microsoft.AspNetCore.Mvc.Internal.ControllerActionInvoker.Next(State& next, Scope& scope, Object& state, Boolean& isCompleted)
   at Microsoft.AspNetCore.Mvc.Internal.ControllerActionInvoker.InvokeInnerFilterAsync()
   at Microsoft.AspNetCore.Mvc.Internal.ResourceInvoker.InvokeFilterPipelineAsync()
   at Microsoft.AspNetCore.Mvc.Internal.ResourceInvoker.InvokeAsync()
   at Microsoft.AspNetCore.Builder.RouterMiddleware.Invoke(HttpContext httpContext)
   at Microsoft.AspNetCore.Builder.RouterMiddleware.Invoke(HttpContext httpContext)
   at Microsoft.AspNetCore.Authentication.AuthenticationMiddleware.Invoke(HttpContext context)
   at Microsoft.AspNetCore.StaticFiles.StaticFileMiddleware.Invoke(HttpContext context)
   at Swashbuckle.AspNetCore.SwaggerUI.SwaggerUIMiddleware.Invoke(HttpContext httpContext)
   at Swashbuckle.AspNetCore.Swagger.SwaggerMiddleware.Invoke(HttpContext httpContext, ISwaggerProvider swaggerProvider)
   at Alsahab.Setting.WebFramework.Middlewares.CustomExceptionHandlerMiddleware.Invoke(HttpContext context) in /home/mohammad/Documents/company/Alsahab.Setting/Alsahab.Setting.WebFramework/Middlewares/CustomExceptionHandlerMiddleware.cs:line 46 | Alsahab.Setting.WebFramework.Middlewares.CustomExceptionHandlerMiddleware | url: https://localhost/api/v1/Branch/Create | action: Create
2019-06-25 09:24:48.8268 | ERROR | Object reference not set to an instance of an object. | System.NullReferenceException: Object reference not set to an instance of an object.
   at Alsahab.Setting.BL.Validation.BranchValidator.TitleNotExist(String title) in /home/mohammad/Documents/company/Alsahab.Setting/Alsahab.Setting.BL/Validation/BranchValidator.cs:line 29
   at FluentValidation.Validators.PredicateValidator.IsValid(PropertyValidatorContext context) in /home/jskinner/code/FluentValidation/src/FluentValidation/Validators/PredicateValidator.cs:line 34
   at FluentValidation.Validators.PropertyValidator.Validate(PropertyValidatorContext context) in /home/jskinner/code/FluentValidation/src/FluentValidation/Validators/PropertyValidator.cs:line 55
   at FluentValidation.Internal.PropertyRule.Validate(ValidationContext context)+MoveNext() in /home/jskinner/code/FluentValidation/src/FluentValidation/Internal/PropertyRule.cs:line 282
   at System.Linq.Enumerable.SelectManySingleSelectorIterator`2.MoveNext()
   at System.Linq.Enumerable.WhereEnumerableIterator`1.MoveNext()
   at FluentValidation.AbstractValidator`1.Validate(ValidationContext`1 context) in /home/jskinner/code/FluentValidation/src/FluentValidation/AbstractValidator.cs:line 115
   at Alsahab.Setting.BL.BaseBL`3.Validate[T,Dto](Dto data) in /home/mohammad/Documents/company/Alsahab.Setting/Alsahab.Setting.BL/Services/BaseBL.cs:line 86
   at Alsahab.Setting.BL.BranchBL.Validate(BranchDTO data) in /home/mohammad/Documents/company/Alsahab.Setting/Alsahab.Setting.BL/Services/BranchBL.cs:line 91
   at Alsahab.Setting.BL.BranchBL.InsertAsync(BranchDTO data, CancellationToken cancellationToken) in /home/mohammad/Documents/company/Alsahab.Setting/Alsahab.Setting.BL/Services/BranchBL.cs:line 178
   at Alsahab.Setting.WebFramework.Api.CrudController`3.Create(BaseRequest`1 request, CancellationToken cancellationToken) in /home/mohammad/Documents/company/Alsahab.Setting/Alsahab.Setting.MyAPI/Controllers/v1/CrudController.cs:line 97
   at lambda_method(Closure , Object )
   at Microsoft.Extensions.Internal.ObjectMethodExecutorAwaitable.Awaiter.GetResult()
   at Microsoft.AspNetCore.Mvc.Internal.ActionMethodExecutor.AwaitableObjectResultExecutor.Execute(IActionResultTypeMapper mapper, ObjectMethodExecutor executor, Object controller, Object[] arguments)
   at System.Threading.Tasks.ValueTask`1.get_Result()
   at Microsoft.AspNetCore.Mvc.Internal.ControllerActionInvoker.InvokeActionMethodAsync()
   at Microsoft.AspNetCore.Mvc.Internal.ControllerActionInvoker.InvokeNextActionFilterAsync()
   at Microsoft.AspNetCore.Mvc.Internal.ControllerActionInvoker.Rethrow(ActionExecutedContext context)
   at Microsoft.AspNetCore.Mvc.Internal.ControllerActionInvoker.Next(State& next, Scope& scope, Object& state, Boolean& isCompleted)
   at Microsoft.AspNetCore.Mvc.Internal.ControllerActionInvoker.InvokeInnerFilterAsync()
   at Microsoft.AspNetCore.Mvc.Internal.ResourceInvoker.InvokeFilterPipelineAsync()
   at Microsoft.AspNetCore.Mvc.Internal.ResourceInvoker.InvokeAsync()
   at Microsoft.AspNetCore.Builder.RouterMiddleware.Invoke(HttpContext httpContext)
   at Microsoft.AspNetCore.Authentication.AuthenticationMiddleware.Invoke(HttpContext context)
   at Microsoft.AspNetCore.StaticFiles.StaticFileMiddleware.Invoke(HttpContext context)
   at Swashbuckle.AspNetCore.SwaggerUI.SwaggerUIMiddleware.Invoke(HttpContext httpContext)
   at Swashbuckle.AspNetCore.Swagger.SwaggerMiddleware.Invoke(HttpContext httpContext, ISwaggerProvider swaggerProvider)
   at Alsahab.Setting.WebFramework.Middlewares.CustomExceptionHandlerMiddleware.Invoke(HttpContext context) in /home/mohammad/Documents/company/Alsahab.Setting/Alsahab.Setting.WebFramework/Middlewares/CustomExceptionHandlerMiddleware.cs:line 46 | Alsahab.Setting.WebFramework.Middlewares.CustomExceptionHandlerMiddleware | url: https://localhost/api/v1/Branch/Create | action: Create
2019-06-25 09:25:20.6022 | ERROR | Object reference not set to an instance of an object. | System.NullReferenceException: Object reference not set to an instance of an object.
   at Alsahab.Setting.BL.Validation.BranchValidator.TitleNotExist(String title) in /home/mohammad/Documents/company/Alsahab.Setting/Alsahab.Setting.BL/Validation/BranchValidator.cs:line 29
   at FluentValidation.Validators.PredicateValidator.IsValid(PropertyValidatorContext context) in /home/jskinner/code/FluentValidation/src/FluentValidation/Validators/PredicateValidator.cs:line 34
   at FluentValidation.Validators.PropertyValidator.Validate(PropertyValidatorContext context) in /home/jskinner/code/FluentValidation/src/FluentValidation/Validators/PropertyValidator.cs:line 55
   at FluentValidation.Internal.PropertyRule.Validate(ValidationContext context)+MoveNext() in /home/jskinner/code/FluentValidation/src/FluentValidation/Internal/PropertyRule.cs:line 282
   at System.Linq.Enumerable.SelectManySingleSelectorIterator`2.MoveNext()
   at System.Linq.Enumerable.WhereEnumerableIterator`1.MoveNext()
   at FluentValidation.AbstractValidator`1.Validate(ValidationContext`1 context) in /home/jskinner/code/FluentValidation/src/FluentValidation/AbstractValidator.cs:line 115
   at Alsahab.Setting.BL.BaseBL`3.Validate[T,Dto](Dto data) in /home/mohammad/Documents/company/Alsahab.Setting/Alsahab.Setting.BL/Services/BaseBL.cs:line 86
   at Alsahab.Setting.BL.BranchBL.Validate(BranchDTO data) in /home/mohammad/Documents/company/Alsahab.Setting/Alsahab.Setting.BL/Services/BranchBL.cs:line 91
   at Alsahab.Setting.BL.BranchBL.InsertAsync(BranchDTO data, CancellationToken cancellationToken) in /home/mohammad/Documents/company/Alsahab.Setting/Alsahab.Setting.BL/Services/BranchBL.cs:line 178
   at Alsahab.Setting.WebFramework.Api.CrudController`3.Create(BaseRequest`1 request, CancellationToken cancellationToken) in /home/mohammad/Documents/company/Alsahab.Setting/Alsahab.Setting.MyAPI/Controllers/v1/CrudController.cs:line 97
   at lambda_method(Closure , Object )
   at Microsoft.Extensions.Internal.ObjectMethodExecutorAwaitable.Awaiter.GetResult()
   at Microsoft.AspNetCore.Mvc.Internal.ActionMethodExecutor.AwaitableObjectResultExecutor.Execute(IActionResultTypeMapper mapper, ObjectMethodExecutor executor, Object controller, Object[] arguments)
   at System.Threading.Tasks.ValueTask`1.get_Result()
   at Microsoft.AspNetCore.Mvc.Internal.ControllerActionInvoker.InvokeActionMethodAsync()
   at Microsoft.AspNetCore.Mvc.Internal.ControllerActionInvoker.InvokeNextActionFilterAsync()
   at Microsoft.AspNetCore.Mvc.Internal.ControllerActionInvoker.Rethrow(ActionExecutedContext context)
   at Microsoft.AspNetCore.Mvc.Internal.ControllerActionInvoker.Next(State& next, Scope& scope, Object& state, Boolean& isCompleted)
   at Microsoft.AspNetCore.Mvc.Internal.ControllerActionInvoker.InvokeInnerFilterAsync()
   at Microsoft.AspNetCore.Mvc.Internal.ResourceInvoker.InvokeFilterPipelineAsync()
   at Microsoft.AspNetCore.Mvc.Internal.ResourceInvoker.InvokeAsync()
   at Microsoft.AspNetCore.Builder.RouterMiddleware.Invoke(HttpContext httpContext)
   at Microsoft.AspNetCore.Authentication.AuthenticationMiddleware.Invoke(HttpContext context)
   at Microsoft.AspNetCore.StaticFiles.StaticFileMiddleware.Invoke(HttpContext context)
   at Swashbuckle.AspNetCore.SwaggerUI.SwaggerUIMiddleware.Invoke(HttpContext httpContext)
   at Swashbuckle.AspNetCore.Swagger.SwaggerMiddleware.Invoke(HttpContext httpContext, ISwaggerProvider swaggerProvider)
   at Alsahab.Setting.WebFramework.Middlewares.CustomExceptionHandlerMiddleware.Invoke(HttpContext context) in /home/mohammad/Documents/company/Alsahab.Setting/Alsahab.Setting.WebFramework/Middlewares/CustomExceptionHandlerMiddleware.cs:line 46 | Alsahab.Setting.WebFramework.Middlewares.CustomExceptionHandlerMiddleware | url: https://localhost/api/v1/Branch/Create | action: Create
2019-06-25 09:32:16.2199 | ERROR | Object reference not set to an instance of an object. | System.NullReferenceException: Object reference not set to an instance of an object.
   at Alsahab.Setting.BL.Validation.BranchValidator.TitleNotExist(String title) in /home/mohammad/Documents/company/Alsahab.Setting/Alsahab.Setting.BL/Validation/BranchValidator.cs:line 29
   at FluentValidation.Validators.PredicateValidator.IsValid(PropertyValidatorContext context) in /home/jskinner/code/FluentValidation/src/FluentValidation/Validators/PredicateValidator.cs:line 34
   at FluentValidation.Validators.PropertyValidator.Validate(PropertyValidatorContext context) in /home/jskinner/code/FluentValidation/src/FluentValidation/Validators/PropertyValidator.cs:line 55
   at FluentValidation.Internal.PropertyRule.Validate(ValidationContext context)+MoveNext() in /home/jskinner/code/FluentValidation/src/FluentValidation/Internal/PropertyRule.cs:line 282
   at System.Linq.Enumerable.SelectManySingleSelectorIterator`2.MoveNext()
   at System.Linq.Enumerable.WhereEnumerableIterator`1.MoveNext()
   at FluentValidation.AbstractValidator`1.Validate(ValidationContext`1 context) in /home/jskinner/code/FluentValidation/src/FluentValidation/AbstractValidator.cs:line 115
   at Alsahab.Setting.BL.BaseBL`3.Validate[T,TObject](TObject data) in /home/mohammad/Documents/company/Alsahab.Setting/Alsahab.Setting.BL/Services/BaseBL.cs:line 85
   at Alsahab.Setting.BL.BranchBL.Validate(BranchDTO data) in /home/mohammad/Documents/company/Alsahab.Setting/Alsahab.Setting.BL/Services/BranchBL.cs:line 91
   at Alsahab.Setting.BL.BranchBL.InsertAsync(BranchDTO data, CancellationToken cancellationToken) in /home/mohammad/Documents/company/Alsahab.Setting/Alsahab.Setting.BL/Services/BranchBL.cs:line 178
   at Alsahab.Setting.WebFramework.Api.CrudController`3.Create(BaseRequest`1 request, CancellationToken cancellationToken) in /home/mohammad/Documents/company/Alsahab.Setting/Alsahab.Setting.MyAPI/Controllers/v1/CrudController.cs:line 97
   at lambda_method(Closure , Object )
   at Microsoft.Extensions.Internal.ObjectMethodExecutorAwaitable.Awaiter.GetResult()
   at Microsoft.AspNetCore.Mvc.Internal.ActionMethodExecutor.AwaitableObjectResultExecutor.Execute(IActionResultTypeMapper mapper, ObjectMethodExecutor executor, Object controller, Object[] arguments)
   at System.Threading.Tasks.ValueTask`1.get_Result()
   at Microsoft.AspNetCore.Mvc.Internal.ControllerActionInvoker.InvokeActionMethodAsync()
   at Microsoft.AspNetCore.Mvc.Internal.ControllerActionInvoker.InvokeNextActionFilterAsync()
   at Microsoft.AspNetCore.Mvc.Internal.ControllerActionInvoker.Rethrow(ActionExecutedContext context)
   at Microsoft.AspNetCore.Mvc.Internal.ControllerActionInvoker.Next(State& next, Scope& scope, Object& state, Boolean& isCompleted)
   at Microsoft.AspNetCore.Mvc.Internal.ControllerActionInvoker.InvokeInnerFilterAsync()
   at Microsoft.AspNetCore.Mvc.Internal.ResourceInvoker.InvokeFilterPipelineAsync()
   at Microsoft.AspNetCore.Mvc.Internal.ResourceInvoker.InvokeAsync()
   at Microsoft.AspNetCore.Builder.RouterMiddleware.Invoke(HttpContext httpContext)
   at Microsoft.AspNetCore.Builder.RouterMiddleware.Invoke(HttpContext httpContext)
   at Microsoft.AspNetCore.Authentication.AuthenticationMiddleware.Invoke(HttpContext context)
   at Microsoft.AspNetCore.StaticFiles.StaticFileMiddleware.Invoke(HttpContext context)
   at Swashbuckle.AspNetCore.SwaggerUI.SwaggerUIMiddleware.Invoke(HttpContext httpContext)
   at Swashbuckle.AspNetCore.Swagger.SwaggerMiddleware.Invoke(HttpContext httpContext, ISwaggerProvider swaggerProvider)
   at Alsahab.Setting.WebFramework.Middlewares.CustomExceptionHandlerMiddleware.Invoke(HttpContext context) in /home/mohammad/Documents/company/Alsahab.Setting/Alsahab.Setting.WebFramework/Middlewares/CustomExceptionHandlerMiddleware.cs:line 46 | Alsahab.Setting.WebFramework.Middlewares.CustomExceptionHandlerMiddleware | url: https://localhost/api/v1/Branch/Create | action: Create
2019-06-25 10:19:12.0759 | ERROR | Object reference not set to an instance of an object. | System.NullReferenceException: Object reference not set to an instance of an object.
   at Alsahab.Setting.BL.Validation.BranchValidator.TitleNotExist(String title) in /home/mohammad/Documents/company/Alsahab.Setting/Alsahab.Setting.BL/Validation/BranchValidator.cs:line 35
   at FluentValidation.Validators.PredicateValidator.IsValid(PropertyValidatorContext context) in /home/jskinner/code/FluentValidation/src/FluentValidation/Validators/PredicateValidator.cs:line 34
   at FluentValidation.Validators.PropertyValidator.Validate(PropertyValidatorContext context) in /home/jskinner/code/FluentValidation/src/FluentValidation/Validators/PropertyValidator.cs:line 55
   at FluentValidation.Internal.PropertyRule.Validate(ValidationContext context)+MoveNext() in /home/jskinner/code/FluentValidation/src/FluentValidation/Internal/PropertyRule.cs:line 282
   at System.Linq.Enumerable.SelectManySingleSelectorIterator`2.MoveNext()
   at System.Linq.Enumerable.WhereEnumerableIterator`1.MoveNext()
   at FluentValidation.AbstractValidator`1.Validate(ValidationContext`1 context) in /home/jskinner/code/FluentValidation/src/FluentValidation/AbstractValidator.cs:line 115
   at Alsahab.Setting.BL.BaseBL`3.Validate[T,TObject](TObject data) in /home/mohammad/Documents/company/Alsahab.Setting/Alsahab.Setting.BL/Services/BaseBL.cs:line 85
   at Alsahab.Setting.BL.BranchBL.Validate(BranchDTO data) in /home/mohammad/Documents/company/Alsahab.Setting/Alsahab.Setting.BL/Services/BranchBL.cs:line 91
   at Alsahab.Setting.BL.BranchBL.InsertAsync(BranchDTO data, CancellationToken cancellationToken) in /home/mohammad/Documents/company/Alsahab.Setting/Alsahab.Setting.BL/Services/BranchBL.cs:line 178
   at Alsahab.Setting.WebFramework.Api.CrudController`3.Create(BaseRequest`1 request, CancellationToken cancellationToken) in /home/mohammad/Documents/company/Alsahab.Setting/Alsahab.Setting.MyAPI/Controllers/v1/CrudController.cs:line 97
   at lambda_method(Closure , Object )
   at Microsoft.Extensions.Internal.ObjectMethodExecutorAwaitable.Awaiter.GetResult()
   at Microsoft.AspNetCore.Mvc.Internal.ActionMethodExecutor.AwaitableObjectResultExecutor.Execute(IActionResultTypeMapper mapper, ObjectMethodExecutor executor, Object controller, Object[] arguments)
   at System.Threading.Tasks.ValueTask`1.get_Result()
   at Microsoft.AspNetCore.Mvc.Internal.ControllerActionInvoker.InvokeActionMethodAsync()
   at Microsoft.AspNetCore.Mvc.Internal.ControllerActionInvoker.InvokeNextActionFilterAsync()
   at Microsoft.AspNetCore.Mvc.Internal.ControllerActionInvoker.Rethrow(ActionExecutedContext context)
   at Microsoft.AspNetCore.Mvc.Internal.ControllerActionInvoker.Next(State& next, Scope& scope, Object& state, Boolean& isCompleted)
   at Microsoft.AspNetCore.Mvc.Internal.ControllerActionInvoker.InvokeInnerFilterAsync()
   at Microsoft.AspNetCore.Mvc.Internal.ResourceInvoker.InvokeFilterPipelineAsync()
   at Microsoft.AspNetCore.Mvc.Internal.ResourceInvoker.InvokeAsync()
   at Microsoft.AspNetCore.Builder.RouterMiddleware.Invoke(HttpContext httpContext)
   at Microsoft.AspNetCore.Builder.RouterMiddleware.Invoke(HttpContext httpContext)
   at Microsoft.AspNetCore.Authentication.AuthenticationMiddleware.Invoke(HttpContext context)
   at Microsoft.AspNetCore.StaticFiles.StaticFileMiddleware.Invoke(HttpContext context)
   at Swashbuckle.AspNetCore.SwaggerUI.SwaggerUIMiddleware.Invoke(HttpContext httpContext)
   at Swashbuckle.AspNetCore.Swagger.SwaggerMiddleware.Invoke(HttpContext httpContext, ISwaggerProvider swaggerProvider)
   at Alsahab.Setting.WebFramework.Middlewares.CustomExceptionHandlerMiddleware.Invoke(HttpContext context) in /home/mohammad/Documents/company/Alsahab.Setting/Alsahab.Setting.WebFramework/Middlewares/CustomExceptionHandlerMiddleware.cs:line 46 | Alsahab.Setting.WebFramework.Middlewares.CustomExceptionHandlerMiddleware | url: https://localhost/api/v1/Branch/Create | action: Create
2019-06-25 10:43:17.9552 | ERROR | Object reference not set to an instance of an object. | System.NullReferenceException: Object reference not set to an instance of an object.
   at Alsahab.Setting.BL.Validation.BranchValidator.TitleNotExist(String title) in /home/mohammad/Documents/company/Alsahab.Setting/Alsahab.Setting.BL/Validation/BranchValidator.cs:line 35
   at FluentValidation.Validators.PredicateValidator.IsValid(PropertyValidatorContext context) in /home/jskinner/code/FluentValidation/src/FluentValidation/Validators/PredicateValidator.cs:line 34
   at FluentValidation.Validators.PropertyValidator.Validate(PropertyValidatorContext context) in /home/jskinner/code/FluentValidation/src/FluentValidation/Validators/PropertyValidator.cs:line 55
   at FluentValidation.Internal.PropertyRule.Validate(ValidationContext context)+MoveNext() in /home/jskinner/code/FluentValidation/src/FluentValidation/Internal/PropertyRule.cs:line 282
   at System.Linq.Enumerable.SelectManySingleSelectorIterator`2.MoveNext()
   at System.Linq.Enumerable.WhereEnumerableIterator`1.MoveNext()
   at FluentValidation.AbstractValidator`1.Validate(ValidationContext`1 context) in /home/jskinner/code/FluentValidation/src/FluentValidation/AbstractValidator.cs:line 115
   at Alsahab.Setting.BL.BaseBL`3.Validate[T,TObject](TObject data) in /home/mohammad/Documents/company/Alsahab.Setting/Alsahab.Setting.BL/Services/BaseBL.cs:line 85
   at Alsahab.Setting.BL.BranchBL.Validate(BranchDTO data) in /home/mohammad/Documents/company/Alsahab.Setting/Alsahab.Setting.BL/Services/BranchBL.cs:line 91
   at Alsahab.Setting.BL.BranchBL.InsertAsync(BranchDTO data, CancellationToken cancellationToken) in /home/mohammad/Documents/company/Alsahab.Setting/Alsahab.Setting.BL/Services/BranchBL.cs:line 178
   at Alsahab.Setting.WebFramework.Api.CrudController`3.Create(BaseRequest`1 request, CancellationToken cancellationToken) in /home/mohammad/Documents/company/Alsahab.Setting/Alsahab.Setting.MyAPI/Controllers/v1/CrudController.cs:line 97
   at lambda_method(Closure , Object )
   at Microsoft.Extensions.Internal.ObjectMethodExecutorAwaitable.Awaiter.GetResult()
   at Microsoft.AspNetCore.Mvc.Internal.ActionMethodExecutor.AwaitableObjectResultExecutor.Execute(IActionResultTypeMapper mapper, ObjectMethodExecutor executor, Object controller, Object[] arguments)
   at System.Threading.Tasks.ValueTask`1.get_Result()
   at Microsoft.AspNetCore.Mvc.Internal.ControllerActionInvoker.InvokeActionMethodAsync()
   at Microsoft.AspNetCore.Mvc.Internal.ControllerActionInvoker.InvokeNextActionFilterAsync()
   at Microsoft.AspNetCore.Mvc.Internal.ControllerActionInvoker.Rethrow(ActionExecutedContext context)
   at Microsoft.AspNetCore.Mvc.Internal.ControllerActionInvoker.Next(State& next, Scope& scope, Object& state, Boolean& isCompleted)
   at Microsoft.AspNetCore.Mvc.Internal.ControllerActionInvoker.InvokeInnerFilterAsync()
   at Microsoft.AspNetCore.Mvc.Internal.ResourceInvoker.InvokeFilterPipelineAsync()
   at Microsoft.AspNetCore.Mvc.Internal.ResourceInvoker.InvokeAsync()
   at Microsoft.AspNetCore.Builder.RouterMiddleware.Invoke(HttpContext httpContext)
   at Microsoft.AspNetCore.Builder.RouterMiddleware.Invoke(HttpContext httpContext)
   at Microsoft.AspNetCore.Authentication.AuthenticationMiddleware.Invoke(HttpContext context)
   at Microsoft.AspNetCore.StaticFiles.StaticFileMiddleware.Invoke(HttpContext context)
   at Swashbuckle.AspNetCore.SwaggerUI.SwaggerUIMiddleware.Invoke(HttpContext httpContext)
   at Swashbuckle.AspNetCore.Swagger.SwaggerMiddleware.Invoke(HttpContext httpContext, ISwaggerProvider swaggerProvider)
   at Alsahab.Setting.WebFramework.Middlewares.CustomExceptionHandlerMiddleware.Invoke(HttpContext context) in /home/mohammad/Documents/company/Alsahab.Setting/Alsahab.Setting.WebFramework/Middlewares/CustomExceptionHandlerMiddleware.cs:line 46 | Alsahab.Setting.WebFramework.Middlewares.CustomExceptionHandlerMiddleware | url: https://localhost/api/v1/Branch/Create | action: Create
2019-06-25 10:45:09.8768 | ERROR | Object reference not set to an instance of an object. | System.NullReferenceException: Object reference not set to an instance of an object.
   at Alsahab.Setting.BL.Validation.BranchValidator.TitleNotExist(String title) in /home/mohammad/Documents/company/Alsahab.Setting/Alsahab.Setting.BL/Validation/BranchValidator.cs:line 35
   at FluentValidation.Validators.PredicateValidator.IsValid(PropertyValidatorContext context) in /home/jskinner/code/FluentValidation/src/FluentValidation/Validators/PredicateValidator.cs:line 34
   at FluentValidation.Validators.PropertyValidator.Validate(PropertyValidatorContext context) in /home/jskinner/code/FluentValidation/src/FluentValidation/Validators/PropertyValidator.cs:line 55
   at FluentValidation.Internal.PropertyRule.Validate(ValidationContext context)+MoveNext() in /home/jskinner/code/FluentValidation/src/FluentValidation/Internal/PropertyRule.cs:line 282
   at System.Linq.Enumerable.SelectManySingleSelectorIterator`2.MoveNext()
   at System.Linq.Enumerable.WhereEnumerableIterator`1.MoveNext()
   at FluentValidation.AbstractValidator`1.Validate(ValidationContext`1 context) in /home/jskinner/code/FluentValidation/src/FluentValidation/AbstractValidator.cs:line 115
   at Alsahab.Setting.BL.BaseBL`3.Validate[T,TObject](TObject data) in /home/mohammad/Documents/company/Alsahab.Setting/Alsahab.Setting.BL/Services/BaseBL.cs:line 85
   at Alsahab.Setting.BL.BranchBL.Validate(BranchDTO data) in /home/mohammad/Documents/company/Alsahab.Setting/Alsahab.Setting.BL/Services/BranchBL.cs:line 91
   at Alsahab.Setting.BL.BranchBL.InsertAsync(BranchDTO data, CancellationToken cancellationToken) in /home/mohammad/Documents/company/Alsahab.Setting/Alsahab.Setting.BL/Services/BranchBL.cs:line 178
   at Alsahab.Setting.WebFramework.Api.CrudController`3.Create(BaseRequest`1 request, CancellationToken cancellationToken) in /home/mohammad/Documents/company/Alsahab.Setting/Alsahab.Setting.MyAPI/Controllers/v1/CrudController.cs:line 97
   at lambda_method(Closure , Object )
   at Microsoft.Extensions.Internal.ObjectMethodExecutorAwaitable.Awaiter.GetResult()
   at Microsoft.AspNetCore.Mvc.Internal.ActionMethodExecutor.AwaitableObjectResultExecutor.Execute(IActionResultTypeMapper mapper, ObjectMethodExecutor executor, Object controller, Object[] arguments)
   at System.Threading.Tasks.ValueTask`1.get_Result()
   at Microsoft.AspNetCore.Mvc.Internal.ControllerActionInvoker.InvokeActionMethodAsync()
   at Microsoft.AspNetCore.Mvc.Internal.ControllerActionInvoker.InvokeNextActionFilterAsync()
   at Microsoft.AspNetCore.Mvc.Internal.ControllerActionInvoker.Rethrow(ActionExecutedContext context)
   at Microsoft.AspNetCore.Mvc.Internal.ControllerActionInvoker.Next(State& next, Scope& scope, Object& state, Boolean& isCompleted)
   at Microsoft.AspNetCore.Mvc.Internal.ControllerActionInvoker.InvokeInnerFilterAsync()
   at Microsoft.AspNetCore.Mvc.Internal.ResourceInvoker.InvokeFilterPipelineAsync()
   at Microsoft.AspNetCore.Mvc.Internal.ResourceInvoker.InvokeAsync()
   at Microsoft.AspNetCore.Builder.RouterMiddleware.Invoke(HttpContext httpContext)
   at Microsoft.AspNetCore.Builder.RouterMiddleware.Invoke(HttpContext httpContext)
   at Microsoft.AspNetCore.Authentication.AuthenticationMiddleware.Invoke(HttpContext context)
   at Microsoft.AspNetCore.StaticFiles.StaticFileMiddleware.Invoke(HttpContext context)
   at Swashbuckle.AspNetCore.SwaggerUI.SwaggerUIMiddleware.Invoke(HttpContext httpContext)
   at Swashbuckle.AspNetCore.Swagger.SwaggerMiddleware.Invoke(HttpContext httpContext, ISwaggerProvider swaggerProvider)
   at Alsahab.Setting.WebFramework.Middlewares.CustomExceptionHandlerMiddleware.Invoke(HttpContext context) in /home/mohammad/Documents/company/Alsahab.Setting/Alsahab.Setting.WebFramework/Middlewares/CustomExceptionHandlerMiddleware.cs:line 46 | Alsahab.Setting.WebFramework.Middlewares.CustomExceptionHandlerMiddleware | url: https://localhost/api/v1/Branch/Create | action: Create
2019-06-25 11:15:57.8680 | ERROR | No parameterless constructor defined for this object. | System.MissingMethodException: No parameterless constructor defined for this object.
   at System.RuntimeTypeHandle.CreateInstance(RuntimeType type, Boolean publicOnly, Boolean wrapExceptions, Boolean& canBeCached, RuntimeMethodHandleInternal& ctor)
   at System.RuntimeType.CreateInstanceSlow(Boolean publicOnly, Boolean wrapExceptions, Boolean skipCheckThis, Boolean fillCache)
   at Alsahab.Setting.BL.BaseBL`3.Validate[T,TObject](TObject data) in /home/mohammad/Documents/company/Alsahab.Setting/Alsahab.Setting.BL/Services/BaseBL.cs:line 82
   at Alsahab.Setting.BL.BranchBL.Validate(BranchDTO data) in /home/mohammad/Documents/company/Alsahab.Setting/Alsahab.Setting.BL/Services/BranchBL.cs:line 92
   at Alsahab.Setting.BL.BranchBL.InsertAsync(BranchDTO data, CancellationToken cancellationToken) in /home/mohammad/Documents/company/Alsahab.Setting/Alsahab.Setting.BL/Services/BranchBL.cs:line 179
   at Alsahab.Setting.WebFramework.Api.CrudController`3.Create(BaseRequest`1 request, CancellationToken cancellationToken) in /home/mohammad/Documents/company/Alsahab.Setting/Alsahab.Setting.MyAPI/Controllers/v1/CrudController.cs:line 97
   at lambda_method(Closure , Object )
   at Microsoft.Extensions.Internal.ObjectMethodExecutorAwaitable.Awaiter.GetResult()
   at Microsoft.AspNetCore.Mvc.Internal.ActionMethodExecutor.AwaitableObjectResultExecutor.Execute(IActionResultTypeMapper mapper, ObjectMethodExecutor executor, Object controller, Object[] arguments)
   at System.Threading.Tasks.ValueTask`1.get_Result()
   at Microsoft.AspNetCore.Mvc.Internal.ControllerActionInvoker.InvokeActionMethodAsync()
   at Microsoft.AspNetCore.Mvc.Internal.ControllerActionInvoker.InvokeNextActionFilterAsync()
   at Microsoft.AspNetCore.Mvc.Internal.ControllerActionInvoker.Rethrow(ActionExecutedContext context)
   at Microsoft.AspNetCore.Mvc.Internal.ControllerActionInvoker.Next(State& next, Scope& scope, Object& state, Boolean& isCompleted)
   at Microsoft.AspNetCore.Mvc.Internal.ControllerActionInvoker.InvokeInnerFilterAsync()
   at Microsoft.AspNetCore.Mvc.Internal.ResourceInvoker.InvokeFilterPipelineAsync()
   at Microsoft.AspNetCore.Mvc.Internal.ResourceInvoker.InvokeAsync()
   at Microsoft.AspNetCore.Builder.RouterMiddleware.Invoke(HttpContext httpContext)
   at Microsoft.AspNetCore.Builder.RouterMiddleware.Invoke(HttpContext httpContext)
   at Microsoft.AspNetCore.Authentication.AuthenticationMiddleware.Invoke(HttpContext context)
   at Microsoft.AspNetCore.StaticFiles.StaticFileMiddleware.Invoke(HttpContext context)
   at Swashbuckle.AspNetCore.SwaggerUI.SwaggerUIMiddleware.Invoke(HttpContext httpContext)
   at Swashbuckle.AspNetCore.Swagger.SwaggerMiddleware.Invoke(HttpContext httpContext, ISwaggerProvider swaggerProvider)
   at Alsahab.Setting.WebFramework.Middlewares.CustomExceptionHandlerMiddleware.Invoke(HttpContext context) in /home/mohammad/Documents/company/Alsahab.Setting/Alsahab.Setting.WebFramework/Middlewares/CustomExceptionHandlerMiddleware.cs:line 46 | Alsahab.Setting.WebFramework.Middlewares.CustomExceptionHandlerMiddleware | url: https://localhost/api/v1/Branch/Create | action: Create
2019-06-25 11:16:51.6833 | ERROR | No parameterless constructor defined for this object. | System.MissingMethodException: No parameterless constructor defined for this object.
   at System.RuntimeTypeHandle.CreateInstance(RuntimeType type, Boolean publicOnly, Boolean wrapExceptions, Boolean& canBeCached, RuntimeMethodHandleInternal& ctor)
   at System.RuntimeType.CreateInstanceSlow(Boolean publicOnly, Boolean wrapExceptions, Boolean skipCheckThis, Boolean fillCache)
   at Alsahab.Setting.BL.BaseBL`3.Validate[T,TObject](TObject data) in /home/mohammad/Documents/company/Alsahab.Setting/Alsahab.Setting.BL/Services/BaseBL.cs:line 82
   at Alsahab.Setting.BL.BranchBL.Validate(BranchDTO data) in /home/mohammad/Documents/company/Alsahab.Setting/Alsahab.Setting.BL/Services/BranchBL.cs:line 92
   at Alsahab.Setting.BL.BranchBL.InsertAsync(BranchDTO data, CancellationToken cancellationToken) in /home/mohammad/Documents/company/Alsahab.Setting/Alsahab.Setting.BL/Services/BranchBL.cs:line 179
   at Alsahab.Setting.WebFramework.Api.CrudController`3.Create(BaseRequest`1 request, CancellationToken cancellationToken) in /home/mohammad/Documents/company/Alsahab.Setting/Alsahab.Setting.MyAPI/Controllers/v1/CrudController.cs:line 97
   at lambda_method(Closure , Object )
   at Microsoft.Extensions.Internal.ObjectMethodExecutorAwaitable.Awaiter.GetResult()
   at Microsoft.AspNetCore.Mvc.Internal.ActionMethodExecutor.AwaitableObjectResultExecutor.Execute(IActionResultTypeMapper mapper, ObjectMethodExecutor executor, Object controller, Object[] arguments)
   at System.Threading.Tasks.ValueTask`1.get_Result()
   at Microsoft.AspNetCore.Mvc.Internal.ControllerActionInvoker.InvokeActionMethodAsync()
   at Microsoft.AspNetCore.Mvc.Internal.ControllerActionInvoker.InvokeNextActionFilterAsync()
   at Microsoft.AspNetCore.Mvc.Internal.ControllerActionInvoker.Rethrow(ActionExecutedContext context)
   at Microsoft.AspNetCore.Mvc.Internal.ControllerActionInvoker.Next(State& next, Scope& scope, Object& state, Boolean& isCompleted)
   at Microsoft.AspNetCore.Mvc.Internal.ControllerActionInvoker.InvokeInnerFilterAsync()
   at Microsoft.AspNetCore.Mvc.Internal.ResourceInvoker.InvokeFilterPipelineAsync()
   at Microsoft.AspNetCore.Mvc.Internal.ResourceInvoker.InvokeAsync()
   at Microsoft.AspNetCore.Builder.RouterMiddleware.Invoke(HttpContext httpContext)
   at Microsoft.AspNetCore.Authentication.AuthenticationMiddleware.Invoke(HttpContext context)
   at Microsoft.AspNetCore.StaticFiles.StaticFileMiddleware.Invoke(HttpContext context)
   at Swashbuckle.AspNetCore.SwaggerUI.SwaggerUIMiddleware.Invoke(HttpContext httpContext)
   at Swashbuckle.AspNetCore.Swagger.SwaggerMiddleware.Invoke(HttpContext httpContext, ISwaggerProvider swaggerProvider)
   at Alsahab.Setting.WebFramework.Middlewares.CustomExceptionHandlerMiddleware.Invoke(HttpContext context) in /home/mohammad/Documents/company/Alsahab.Setting/Alsahab.Setting.WebFramework/Middlewares/CustomExceptionHandlerMiddleware.cs:line 46 | Alsahab.Setting.WebFramework.Middlewares.CustomExceptionHandlerMiddleware | url: https://localhost/api/v1/Branch/Create | action: Create
2019-06-25 11:20:11.4101 | ERROR | No parameterless constructor defined for this object. | System.MissingMethodException: No parameterless constructor defined for this object.
   at System.RuntimeTypeHandle.CreateInstance(RuntimeType type, Boolean publicOnly, Boolean wrapExceptions, Boolean& canBeCached, RuntimeMethodHandleInternal& ctor)
   at System.RuntimeType.CreateInstanceSlow(Boolean publicOnly, Boolean wrapExceptions, Boolean skipCheckThis, Boolean fillCache)
   at Alsahab.Setting.BL.BaseBL`3.Validate[T,TObject](TObject data) in /home/mohammad/Documents/company/Alsahab.Setting/Alsahab.Setting.BL/Services/BaseBL.cs:line 82
   at Alsahab.Setting.BL.BranchBL.Validate(BranchDTO data) in /home/mohammad/Documents/company/Alsahab.Setting/Alsahab.Setting.BL/Services/BranchBL.cs:line 92
   at Alsahab.Setting.BL.BranchBL.InsertAsync(BranchDTO data, CancellationToken cancellationToken) in /home/mohammad/Documents/company/Alsahab.Setting/Alsahab.Setting.BL/Services/BranchBL.cs:line 179
   at Alsahab.Setting.WebFramework.Api.CrudController`3.Create(BaseRequest`1 request, CancellationToken cancellationToken) in /home/mohammad/Documents/company/Alsahab.Setting/Alsahab.Setting.MyAPI/Controllers/v1/CrudController.cs:line 97
   at lambda_method(Closure , Object )
   at Microsoft.Extensions.Internal.ObjectMethodExecutorAwaitable.Awaiter.GetResult()
   at Microsoft.AspNetCore.Mvc.Internal.ActionMethodExecutor.AwaitableObjectResultExecutor.Execute(IActionResultTypeMapper mapper, ObjectMethodExecutor executor, Object controller, Object[] arguments)
   at System.Threading.Tasks.ValueTask`1.get_Result()
   at Microsoft.AspNetCore.Mvc.Internal.ControllerActionInvoker.InvokeActionMethodAsync()
   at Microsoft.AspNetCore.Mvc.Internal.ControllerActionInvoker.InvokeNextActionFilterAsync()
   at Microsoft.AspNetCore.Mvc.Internal.ControllerActionInvoker.Rethrow(ActionExecutedContext context)
   at Microsoft.AspNetCore.Mvc.Internal.ControllerActionInvoker.Next(State& next, Scope& scope, Object& state, Boolean& isCompleted)
   at Microsoft.AspNetCore.Mvc.Internal.ControllerActionInvoker.InvokeInnerFilterAsync()
   at Microsoft.AspNetCore.Mvc.Internal.ResourceInvoker.InvokeFilterPipelineAsync()
   at Microsoft.AspNetCore.Mvc.Internal.ResourceInvoker.InvokeAsync()
   at Microsoft.AspNetCore.Builder.RouterMiddleware.Invoke(HttpContext httpContext)
   at Microsoft.AspNetCore.Authentication.AuthenticationMiddleware.Invoke(HttpContext context)
   at Microsoft.AspNetCore.StaticFiles.StaticFileMiddleware.Invoke(HttpContext context)
   at Swashbuckle.AspNetCore.SwaggerUI.SwaggerUIMiddleware.Invoke(HttpContext httpContext)
   at Swashbuckle.AspNetCore.Swagger.SwaggerMiddleware.Invoke(HttpContext httpContext, ISwaggerProvider swaggerProvider)
   at Alsahab.Setting.WebFramework.Middlewares.CustomExceptionHandlerMiddleware.Invoke(HttpContext context) in /home/mohammad/Documents/company/Alsahab.Setting/Alsahab.Setting.WebFramework/Middlewares/CustomExceptionHandlerMiddleware.cs:line 46 | Alsahab.Setting.WebFramework.Middlewares.CustomExceptionHandlerMiddleware | url: https://localhost/api/v1/Branch/Create | action: Create
2019-06-25 13:18:02.4955 | ERROR | Exception of type 'Alsahab.Common.Exceptions.BadRequestException' was thrown. | Alsahab.Common.Exceptions.BadRequestException: Exception of type 'Alsahab.Common.Exceptions.BadRequestException' was thrown.
   at Alsahab.Setting.BL.BranchBL.InsertAsync(BranchDTO data, CancellationToken cancellationToken) in /home/mohammad/Documents/company/Alsahab.Setting/Alsahab.Setting.BL/Services/BranchBL.cs:line 188
   at Alsahab.Setting.WebFramework.Api.CrudController`3.Create(BaseRequest`1 request, CancellationToken cancellationToken) in /home/mohammad/Documents/company/Alsahab.Setting/Alsahab.Setting.MyAPI/Controllers/v1/CrudController.cs:line 97
   at lambda_method(Closure , Object )
   at Microsoft.Extensions.Internal.ObjectMethodExecutorAwaitable.Awaiter.GetResult()
   at Microsoft.AspNetCore.Mvc.Internal.ActionMethodExecutor.AwaitableObjectResultExecutor.Execute(IActionResultTypeMapper mapper, ObjectMethodExecutor executor, Object controller, Object[] arguments)
   at System.Threading.Tasks.ValueTask`1.get_Result()
   at Microsoft.AspNetCore.Mvc.Internal.ControllerActionInvoker.InvokeActionMethodAsync()
   at Microsoft.AspNetCore.Mvc.Internal.ControllerActionInvoker.InvokeNextActionFilterAsync()
   at Microsoft.AspNetCore.Mvc.Internal.ControllerActionInvoker.Rethrow(ActionExecutedContext context)
   at Microsoft.AspNetCore.Mvc.Internal.ControllerActionInvoker.Next(State& next, Scope& scope, Object& state, Boolean& isCompleted)
   at Microsoft.AspNetCore.Mvc.Internal.ControllerActionInvoker.InvokeInnerFilterAsync()
   at Microsoft.AspNetCore.Mvc.Internal.ResourceInvoker.InvokeFilterPipelineAsync()
   at Microsoft.AspNetCore.Mvc.Internal.ResourceInvoker.InvokeAsync()
   at Microsoft.AspNetCore.Builder.RouterMiddleware.Invoke(HttpContext httpContext)
   at Microsoft.AspNetCore.Builder.RouterMiddleware.Invoke(HttpContext httpContext)
   at Microsoft.AspNetCore.Authentication.AuthenticationMiddleware.Invoke(HttpContext context)
   at Microsoft.AspNetCore.StaticFiles.StaticFileMiddleware.Invoke(HttpContext context)
   at Swashbuckle.AspNetCore.SwaggerUI.SwaggerUIMiddleware.Invoke(HttpContext httpContext)
   at Swashbuckle.AspNetCore.Swagger.SwaggerMiddleware.Invoke(HttpContext httpContext, ISwaggerProvider swaggerProvider)
   at Alsahab.Setting.WebFramework.Middlewares.CustomExceptionHandlerMiddleware.Invoke(HttpContext context) in /home/mohammad/Documents/company/Alsahab.Setting/Alsahab.Setting.WebFramework/Middlewares/CustomExceptionHandlerMiddleware.cs:line 46 | Alsahab.Setting.WebFramework.Middlewares.CustomExceptionHandlerMiddleware | url: https://localhost/api/v1/Branch/Create | action: Create
2019-06-25 13:29:21.8286 | ERROR | 
'Is Deleted' must not be equal to 'True'. | Alsahab.Common.Exceptions.BadRequestException: 
'Is Deleted' must not be equal to 'True'.
   at Alsahab.Setting.BL.BranchBL.InsertAsync(BranchDTO data, CancellationToken cancellationToken) in /home/mohammad/Documents/company/Alsahab.Setting/Alsahab.Setting.BL/Services/BranchBL.cs:line 192
   at Alsahab.Setting.WebFramework.Api.CrudController`3.Create(BaseRequest`1 request, CancellationToken cancellationToken) in /home/mohammad/Documents/company/Alsahab.Setting/Alsahab.Setting.MyAPI/Controllers/v1/CrudController.cs:line 97
   at lambda_method(Closure , Object )
   at Microsoft.Extensions.Internal.ObjectMethodExecutorAwaitable.Awaiter.GetResult()
   at Microsoft.AspNetCore.Mvc.Internal.ActionMethodExecutor.AwaitableObjectResultExecutor.Execute(IActionResultTypeMapper mapper, ObjectMethodExecutor executor, Object controller, Object[] arguments)
   at System.Threading.Tasks.ValueTask`1.get_Result()
   at Microsoft.AspNetCore.Mvc.Internal.ControllerActionInvoker.InvokeActionMethodAsync()
   at Microsoft.AspNetCore.Mvc.Internal.ControllerActionInvoker.InvokeNextActionFilterAsync()
   at Microsoft.AspNetCore.Mvc.Internal.ControllerActionInvoker.Rethrow(ActionExecutedContext context)
   at Microsoft.AspNetCore.Mvc.Internal.ControllerActionInvoker.Next(State& next, Scope& scope, Object& state, Boolean& isCompleted)
   at Microsoft.AspNetCore.Mvc.Internal.ControllerActionInvoker.InvokeInnerFilterAsync()
   at Microsoft.AspNetCore.Mvc.Internal.ResourceInvoker.InvokeFilterPipelineAsync()
   at Microsoft.AspNetCore.Mvc.Internal.ResourceInvoker.InvokeAsync()
   at Microsoft.AspNetCore.Builder.RouterMiddleware.Invoke(HttpContext httpContext)
   at Microsoft.AspNetCore.Builder.RouterMiddleware.Invoke(HttpContext httpContext)
   at Microsoft.AspNetCore.Authentication.AuthenticationMiddleware.Invoke(HttpContext context)
   at Microsoft.AspNetCore.StaticFiles.StaticFileMiddleware.Invoke(HttpContext context)
   at Swashbuckle.AspNetCore.SwaggerUI.SwaggerUIMiddleware.Invoke(HttpContext httpContext)
   at Swashbuckle.AspNetCore.Swagger.SwaggerMiddleware.Invoke(HttpContext httpContext, ISwaggerProvider swaggerProvider)
   at Alsahab.Setting.WebFramework.Middlewares.CustomExceptionHandlerMiddleware.Invoke(HttpContext context) in /home/mohammad/Documents/company/Alsahab.Setting/Alsahab.Setting.WebFramework/Middlewares/CustomExceptionHandlerMiddleware.cs:line 46 | Alsahab.Setting.WebFramework.Middlewares.CustomExceptionHandlerMiddleware | url: https://localhost/api/v1/Branch/Create | action: Create
